[2.717s] Invoking command in '/home/alex/ras2_ws/src/mobile_robot': DEBUGINFOD_URLS=https://debuginfod.ubuntu.com PYTHONPATH=/home/alex/ras2_ws/build/mobile_robot/prefix_override:/usr/lib/python3/dist-packages/colcon_core/task/python/colcon_distutils_commands:/home/alex/ras2_ws/install/mobile_robot/lib/python3.12/site-packages:${PYTHONPATH} /usr/bin/python3 -W ignore:setup.py install is deprecated -W ignore:easy_install command is deprecated setup.py egg_info --egg-base ../../build/mobile_robot build --build-base /home/alex/ras2_ws/build/mobile_robot/build install --record /home/alex/ras2_ws/build/mobile_robot/install.log --single-version-externally-managed install_data
[3.162s] running egg_info
[3.196s] writing ../../build/mobile_robot/mobile_robot.egg-info/PKG-INFO
[3.196s] writing dependency_links to ../../build/mobile_robot/mobile_robot.egg-info/dependency_links.txt
[3.196s] writing entry points to ../../build/mobile_robot/mobile_robot.egg-info/entry_points.txt
[3.197s] writing requirements to ../../build/mobile_robot/mobile_robot.egg-info/requires.txt
[3.197s] writing top-level names to ../../build/mobile_robot/mobile_robot.egg-info/top_level.txt
[3.265s] reading manifest file '../../build/mobile_robot/mobile_robot.egg-info/SOURCES.txt'
[3.266s] writing manifest file '../../build/mobile_robot/mobile_robot.egg-info/SOURCES.txt'
[3.266s] running build
[3.266s] running build_py
[3.267s] copying mobile_robot/obstacle_avoider.py -> /home/alex/ras2_ws/build/mobile_robot/build/lib/mobile_robot
[3.267s] running install
[3.278s] running install_lib
[3.311s] copying /home/alex/ras2_ws/build/mobile_robot/build/lib/mobile_robot/obstacle_avoider.py -> /home/alex/ras2_ws/install/mobile_robot/lib/python3.12/site-packages/mobile_robot
[3.312s] byte-compiling /home/alex/ras2_ws/install/mobile_robot/lib/python3.12/site-packages/mobile_robot/obstacle_avoider.py to obstacle_avoider.cpython-312.pyc
[3.314s] running install_data
[3.314s] running install_egg_info
[3.349s] removing '/home/alex/ras2_ws/install/mobile_robot/lib/python3.12/site-packages/mobile_robot-0.0.1-py3.12.egg-info' (and everything under it)
[3.350s] Copying ../../build/mobile_robot/mobile_robot.egg-info to /home/alex/ras2_ws/install/mobile_robot/lib/python3.12/site-packages/mobile_robot-0.0.1-py3.12.egg-info
[3.351s] running install_scripts
[3.573s] Installing obstacle_avoider script to /home/alex/ras2_ws/install/mobile_robot/lib/mobile_robot
[3.574s] Installing wifi_bridge script to /home/alex/ras2_ws/install/mobile_robot/lib/mobile_robot
[3.574s] writing list of installed files to '/home/alex/ras2_ws/build/mobile_robot/install.log'
[3.666s] Invoked command in '/home/alex/ras2_ws/src/mobile_robot' returned '0': DEBUGINFOD_URLS=https://debuginfod.ubuntu.com PYTHONPATH=/home/alex/ras2_ws/build/mobile_robot/prefix_override:/usr/lib/python3/dist-packages/colcon_core/task/python/colcon_distutils_commands:/home/alex/ras2_ws/install/mobile_robot/lib/python3.12/site-packages:${PYTHONPATH} /usr/bin/python3 -W ignore:setup.py install is deprecated -W ignore:easy_install command is deprecated setup.py egg_info --egg-base ../../build/mobile_robot build --build-base /home/alex/ras2_ws/build/mobile_robot/build install --record /home/alex/ras2_ws/build/mobile_robot/install.log --single-version-externally-managed install_data
