[1.581s] Invoking command in '/home/alex/ras2_ws/build/ras_example_pkg_2': CMAKE_PREFIX_PATH=${CMAKE_PREFIX_PATH}:/home/alex/ras2_ws/install/ras_example_pkg_1:/home/alex/ras2_ws/install/ras2_topics:/home/alex/ras2_ws/install/ras2_services:/home/alex/ras2_ws/install/mobile_robot:/opt/ros/jazzy DEBUGINFOD_URLS=https://debuginfod.ubuntu.com /usr/bin/cmake --build /home/alex/ras2_ws/build/ras_example_pkg_2 -- -j16 -l16
[1.703s] [100%] Built target ras_node_cpp
[1.730s] Invoked command in '/home/alex/ras2_ws/build/ras_example_pkg_2' returned '0': CMAKE_PREFIX_PATH=${CMAKE_PREFIX_PATH}:/home/alex/ras2_ws/install/ras_example_pkg_1:/home/alex/ras2_ws/install/ras2_topics:/home/alex/ras2_ws/install/ras2_services:/home/alex/ras2_ws/install/mobile_robot:/opt/ros/jazzy DEBUGINFOD_URLS=https://debuginfod.ubuntu.com /usr/bin/cmake --build /home/alex/ras2_ws/build/ras_example_pkg_2 -- -j16 -l16
[1.732s] Invoking command in '/home/alex/ras2_ws/build/ras_example_pkg_2': CMAKE_PREFIX_PATH=${CMAKE_PREFIX_PATH}:/home/alex/ras2_ws/install/ras_example_pkg_1:/home/alex/ras2_ws/install/ras2_topics:/home/alex/ras2_ws/install/ras2_services:/home/alex/ras2_ws/install/mobile_robot:/opt/ros/jazzy DEBUGINFOD_URLS=https://debuginfod.ubuntu.com /usr/bin/cmake --install /home/alex/ras2_ws/build/ras_example_pkg_2
[1.749s] -- Install configuration: ""
[1.751s] -- Up-to-date: /home/alex/ras2_ws/install/ras_example_pkg_2/lib/ras_example_pkg_2/ras_node_cpp
[1.752s] -- Up-to-date: /home/alex/ras2_ws/install/ras_example_pkg_2/share/ament_index/resource_index/package_run_dependencies/ras_example_pkg_2
[1.752s] -- Up-to-date: /home/alex/ras2_ws/install/ras_example_pkg_2/share/ament_index/resource_index/parent_prefix_path/ras_example_pkg_2
[1.752s] -- Up-to-date: /home/alex/ras2_ws/install/ras_example_pkg_2/share/ras_example_pkg_2/environment/ament_prefix_path.sh
[1.752s] -- Up-to-date: /home/alex/ras2_ws/install/ras_example_pkg_2/share/ras_example_pkg_2/environment/ament_prefix_path.dsv
[1.753s] -- Up-to-date: /home/alex/ras2_ws/install/ras_example_pkg_2/share/ras_example_pkg_2/environment/path.sh
[1.753s] -- Up-to-date: /home/alex/ras2_ws/install/ras_example_pkg_2/share/ras_example_pkg_2/environment/path.dsv
[1.753s] -- Up-to-date: /home/alex/ras2_ws/install/ras_example_pkg_2/share/ras_example_pkg_2/local_setup.bash
[1.753s] -- Up-to-date: /home/alex/ras2_ws/install/ras_example_pkg_2/share/ras_example_pkg_2/local_setup.sh
[1.753s] -- Up-to-date: /home/alex/ras2_ws/install/ras_example_pkg_2/share/ras_example_pkg_2/local_setup.zsh
[1.754s] -- Up-to-date: /home/alex/ras2_ws/install/ras_example_pkg_2/share/ras_example_pkg_2/local_setup.dsv
[1.754s] -- Installing: /home/alex/ras2_ws/install/ras_example_pkg_2/share/ras_example_pkg_2/package.dsv
[1.754s] -- Up-to-date: /home/alex/ras2_ws/install/ras_example_pkg_2/share/ament_index/resource_index/packages/ras_example_pkg_2
[1.754s] -- Up-to-date: /home/alex/ras2_ws/install/ras_example_pkg_2/share/ras_example_pkg_2/cmake/ras_example_pkg_2Config.cmake
[1.754s] -- Up-to-date: /home/alex/ras2_ws/install/ras_example_pkg_2/share/ras_example_pkg_2/cmake/ras_example_pkg_2Config-version.cmake
[1.754s] -- Up-to-date: /home/alex/ras2_ws/install/ras_example_pkg_2/share/ras_example_pkg_2/package.xml
[1.760s] Invoked command in '/home/alex/ras2_ws/build/ras_example_pkg_2' returned '0': CMAKE_PREFIX_PATH=${CMAKE_PREFIX_PATH}:/home/alex/ras2_ws/install/ras_example_pkg_1:/home/alex/ras2_ws/install/ras2_topics:/home/alex/ras2_ws/install/ras2_services:/home/alex/ras2_ws/install/mobile_robot:/opt/ros/jazzy DEBUGINFOD_URLS=https://debuginfod.ubuntu.com /usr/bin/cmake --install /home/alex/ras2_ws/build/ras_example_pkg_2
