[0.175s] DEBUG:colcon:Command line arguments: ['/usr/bin/colcon', 'build']
[0.175s] DEBUG:colcon:Parsed command line arguments: Namespace(log_base=None, log_level=None, verb_name='build', build_base='build', install_base='install', merge_install=False, symlink_install=False, test_result_base=None, continue_on_error=False, executor='parallel', parallel_workers=16, event_handlers=None, ignore_user_meta=False, metas=['./colcon.meta'], base_paths=['.'], packages_ignore=None, packages_ignore_regex=None, paths=None, packages_up_to=None, packages_up_to_regex=None, packages_above=None, packages_above_and_dependencies=None, packages_above_depth=None, packages_select_by_dep=None, packages_skip_by_dep=None, packages_skip_up_to=None, packages_select_build_failed=False, packages_skip_build_finished=False, packages_select_test_failures=False, packages_skip_test_passed=False, packages_select=None, packages_skip=None, packages_select_regex=None, packages_skip_regex=None, packages_start=None, packages_end=None, allow_overriding=[], cmake_args=None, cmake_target=None, cmake_target_skip_unavailable=False, cmake_clean_cache=False, cmake_clean_first=False, cmake_force_configure=False, ament_cmake_args=None, catkin_cmake_args=None, catkin_skip_building_tests=False, mixin_files=None, mixin=None, verb_parser=<colcon_mixin.mixin.mixin_argument.MixinArgumentDecorator object at 0x7ef6fe932cc0>, verb_extension=<colcon_core.verb.build.BuildVerb object at 0x7ef6fe932930>, main=<bound method BuildVerb.main of <colcon_core.verb.build.BuildVerb object at 0x7ef6fe932930>>, mixin_verb=('build',))
[0.241s] Level 1:colcon.colcon_core.package_discovery:discover_packages(colcon_meta) check parameters
[0.241s] Level 1:colcon.colcon_core.package_discovery:discover_packages(recursive) check parameters
[0.241s] Level 1:colcon.colcon_core.package_discovery:discover_packages(ignore) check parameters
[0.241s] Level 1:colcon.colcon_core.package_discovery:discover_packages(path) check parameters
[0.241s] Level 1:colcon.colcon_core.package_discovery:discover_packages(colcon_meta) discover
[0.241s] Level 1:colcon.colcon_core.package_discovery:discover_packages(recursive) discover
[0.241s] INFO:colcon.colcon_core.package_discovery:Crawling recursively for packages in '/home/alex/ras2_ws'
[0.241s] Level 1:colcon.colcon_core.package_identification:_identify(.) by extensions ['ignore', 'ignore_ament_install']
[0.242s] Level 1:colcon.colcon_core.package_identification:_identify(.) by extension 'ignore'
[0.242s] Level 1:colcon.colcon_core.package_identification:_identify(.) by extension 'ignore_ament_install'
[0.242s] Level 1:colcon.colcon_core.package_identification:_identify(.) by extensions ['colcon_pkg']
[0.242s] Level 1:colcon.colcon_core.package_identification:_identify(.) by extension 'colcon_pkg'
[0.242s] Level 1:colcon.colcon_core.package_identification:_identify(.) by extensions ['colcon_meta']
[0.242s] Level 1:colcon.colcon_core.package_identification:_identify(.) by extension 'colcon_meta'
[0.242s] Level 1:colcon.colcon_core.package_identification:_identify(.) by extensions ['ros']
[0.242s] Level 1:colcon.colcon_core.package_identification:_identify(.) by extension 'ros'
[0.284s] Level 1:colcon.colcon_core.package_identification:_identify(.) by extensions ['cmake', 'python']
[0.284s] Level 1:colcon.colcon_core.package_identification:_identify(.) by extension 'cmake'
[0.284s] Level 1:colcon.colcon_core.package_identification:_identify(.) by extension 'python'
[0.284s] Level 1:colcon.colcon_core.package_identification:_identify(.) by extensions ['python_setup_py']
[0.284s] Level 1:colcon.colcon_core.package_identification:_identify(.) by extension 'python_setup_py'
[0.284s] Level 1:colcon.colcon_core.package_identification:_identify(build) by extensions ['ignore', 'ignore_ament_install']
[0.285s] Level 1:colcon.colcon_core.package_identification:_identify(build) by extension 'ignore'
[0.285s] Level 1:colcon.colcon_core.package_identification:_identify(build) ignored
[0.285s] Level 1:colcon.colcon_core.package_identification:_identify(install) by extensions ['ignore', 'ignore_ament_install']
[0.285s] Level 1:colcon.colcon_core.package_identification:_identify(install) by extension 'ignore'
[0.285s] Level 1:colcon.colcon_core.package_identification:_identify(install) ignored
[0.285s] Level 1:colcon.colcon_core.package_identification:_identify(log) by extensions ['ignore', 'ignore_ament_install']
[0.285s] Level 1:colcon.colcon_core.package_identification:_identify(log) by extension 'ignore'
[0.285s] Level 1:colcon.colcon_core.package_identification:_identify(log) ignored
[0.286s] Level 1:colcon.colcon_core.package_identification:_identify(src) by extensions ['ignore', 'ignore_ament_install']
[0.286s] Level 1:colcon.colcon_core.package_identification:_identify(src) by extension 'ignore'
[0.286s] Level 1:colcon.colcon_core.package_identification:_identify(src) by extension 'ignore_ament_install'
[0.286s] Level 1:colcon.colcon_core.package_identification:_identify(src) by extensions ['colcon_pkg']
[0.286s] Level 1:colcon.colcon_core.package_identification:_identify(src) by extension 'colcon_pkg'
[0.286s] Level 1:colcon.colcon_core.package_identification:_identify(src) by extensions ['colcon_meta']
[0.286s] Level 1:colcon.colcon_core.package_identification:_identify(src) by extension 'colcon_meta'
[0.286s] Level 1:colcon.colcon_core.package_identification:_identify(src) by extensions ['ros']
[0.286s] Level 1:colcon.colcon_core.package_identification:_identify(src) by extension 'ros'
[0.286s] Level 1:colcon.colcon_core.package_identification:_identify(src) by extensions ['cmake', 'python']
[0.286s] Level 1:colcon.colcon_core.package_identification:_identify(src) by extension 'cmake'
[0.286s] Level 1:colcon.colcon_core.package_identification:_identify(src) by extension 'python'
[0.286s] Level 1:colcon.colcon_core.package_identification:_identify(src) by extensions ['python_setup_py']
[0.286s] Level 1:colcon.colcon_core.package_identification:_identify(src) by extension 'python_setup_py'
[0.287s] Level 1:colcon.colcon_core.package_identification:_identify(src/ras2_topics) by extensions ['ignore', 'ignore_ament_install']
[0.287s] Level 1:colcon.colcon_core.package_identification:_identify(src/ras2_topics) by extension 'ignore'
[0.287s] Level 1:colcon.colcon_core.package_identification:_identify(src/ras2_topics) by extension 'ignore_ament_install'
[0.287s] Level 1:colcon.colcon_core.package_identification:_identify(src/ras2_topics) by extensions ['colcon_pkg']
[0.287s] Level 1:colcon.colcon_core.package_identification:_identify(src/ras2_topics) by extension 'colcon_pkg'
[0.287s] Level 1:colcon.colcon_core.package_identification:_identify(src/ras2_topics) by extensions ['colcon_meta']
[0.287s] Level 1:colcon.colcon_core.package_identification:_identify(src/ras2_topics) by extension 'colcon_meta'
[0.287s] Level 1:colcon.colcon_core.package_identification:_identify(src/ras2_topics) by extensions ['ros']
[0.287s] Level 1:colcon.colcon_core.package_identification:_identify(src/ras2_topics) by extension 'ros'
[0.292s] DEBUG:colcon.colcon_core.package_identification:Package 'src/ras2_topics' with type 'ros.ament_python' and name 'ras2_topics'
[0.292s] Level 1:colcon.colcon_core.package_identification:_identify(src/ras_example) by extensions ['ignore', 'ignore_ament_install']
[0.292s] Level 1:colcon.colcon_core.package_identification:_identify(src/ras_example) by extension 'ignore'
[0.293s] Level 1:colcon.colcon_core.package_identification:_identify(src/ras_example) by extension 'ignore_ament_install'
[0.293s] Level 1:colcon.colcon_core.package_identification:_identify(src/ras_example) by extensions ['colcon_pkg']
[0.293s] Level 1:colcon.colcon_core.package_identification:_identify(src/ras_example) by extension 'colcon_pkg'
[0.293s] Level 1:colcon.colcon_core.package_identification:_identify(src/ras_example) by extensions ['colcon_meta']
[0.293s] Level 1:colcon.colcon_core.package_identification:_identify(src/ras_example) by extension 'colcon_meta'
[0.293s] Level 1:colcon.colcon_core.package_identification:_identify(src/ras_example) by extensions ['ros']
[0.293s] Level 1:colcon.colcon_core.package_identification:_identify(src/ras_example) by extension 'ros'
[0.294s] DEBUG:colcon.colcon_core.package_identification:Package 'src/ras_example' with type 'ros.ament_cmake' and name 'ras_example'
[0.294s] Level 1:colcon.colcon_core.package_identification:_identify(src/ras_example2) by extensions ['ignore', 'ignore_ament_install']
[0.294s] Level 1:colcon.colcon_core.package_identification:_identify(src/ras_example2) by extension 'ignore'
[0.294s] Level 1:colcon.colcon_core.package_identification:_identify(src/ras_example2) by extension 'ignore_ament_install'
[0.294s] Level 1:colcon.colcon_core.package_identification:_identify(src/ras_example2) by extensions ['colcon_pkg']
[0.294s] Level 1:colcon.colcon_core.package_identification:_identify(src/ras_example2) by extension 'colcon_pkg'
[0.294s] Level 1:colcon.colcon_core.package_identification:_identify(src/ras_example2) by extensions ['colcon_meta']
[0.294s] Level 1:colcon.colcon_core.package_identification:_identify(src/ras_example2) by extension 'colcon_meta'
[0.294s] Level 1:colcon.colcon_core.package_identification:_identify(src/ras_example2) by extensions ['ros']
[0.294s] Level 1:colcon.colcon_core.package_identification:_identify(src/ras_example2) by extension 'ros'
[0.295s] DEBUG:colcon.colcon_core.package_identification:Package 'src/ras_example2' with type 'ros.ament_cmake' and name 'ras_example2'
[0.295s] Level 1:colcon.colcon_core.package_identification:_identify(src/ras_example_pkg_1) by extensions ['ignore', 'ignore_ament_install']
[0.295s] Level 1:colcon.colcon_core.package_identification:_identify(src/ras_example_pkg_1) by extension 'ignore'
[0.295s] Level 1:colcon.colcon_core.package_identification:_identify(src/ras_example_pkg_1) by extension 'ignore_ament_install'
[0.295s] Level 1:colcon.colcon_core.package_identification:_identify(src/ras_example_pkg_1) by extensions ['colcon_pkg']
[0.295s] Level 1:colcon.colcon_core.package_identification:_identify(src/ras_example_pkg_1) by extension 'colcon_pkg'
[0.296s] Level 1:colcon.colcon_core.package_identification:_identify(src/ras_example_pkg_1) by extensions ['colcon_meta']
[0.296s] Level 1:colcon.colcon_core.package_identification:_identify(src/ras_example_pkg_1) by extension 'colcon_meta'
[0.296s] Level 1:colcon.colcon_core.package_identification:_identify(src/ras_example_pkg_1) by extensions ['ros']
[0.296s] Level 1:colcon.colcon_core.package_identification:_identify(src/ras_example_pkg_1) by extension 'ros'
[0.296s] DEBUG:colcon.colcon_core.package_identification:Package 'src/ras_example_pkg_1' with type 'ros.ament_python' and name 'ras_example_pkg_1'
[0.296s] Level 1:colcon.colcon_core.package_identification:_identify(src/ras_example_pkg_2) by extensions ['ignore', 'ignore_ament_install']
[0.296s] Level 1:colcon.colcon_core.package_identification:_identify(src/ras_example_pkg_2) by extension 'ignore'
[0.297s] Level 1:colcon.colcon_core.package_identification:_identify(src/ras_example_pkg_2) by extension 'ignore_ament_install'
[0.297s] Level 1:colcon.colcon_core.package_identification:_identify(src/ras_example_pkg_2) by extensions ['colcon_pkg']
[0.297s] Level 1:colcon.colcon_core.package_identification:_identify(src/ras_example_pkg_2) by extension 'colcon_pkg'
[0.297s] Level 1:colcon.colcon_core.package_identification:_identify(src/ras_example_pkg_2) by extensions ['colcon_meta']
[0.297s] Level 1:colcon.colcon_core.package_identification:_identify(src/ras_example_pkg_2) by extension 'colcon_meta'
[0.297s] Level 1:colcon.colcon_core.package_identification:_identify(src/ras_example_pkg_2) by extensions ['ros']
[0.297s] Level 1:colcon.colcon_core.package_identification:_identify(src/ras_example_pkg_2) by extension 'ros'
[0.298s] DEBUG:colcon.colcon_core.package_identification:Package 'src/ras_example_pkg_2' with type 'ros.ament_cmake' and name 'ras_example_pkg_2'
[0.298s] Level 1:colcon.colcon_core.package_discovery:discover_packages(recursive) using defaults
[0.298s] Level 1:colcon.colcon_core.package_discovery:discover_packages(ignore) discover
[0.298s] Level 1:colcon.colcon_core.package_discovery:discover_packages(ignore) using defaults
[0.298s] Level 1:colcon.colcon_core.package_discovery:discover_packages(path) discover
[0.298s] Level 1:colcon.colcon_core.package_discovery:discover_packages(path) using defaults
[0.326s] Level 1:colcon.colcon_core.package_discovery:discover_packages(prefix_path) check parameters
[0.327s] Level 1:colcon.colcon_core.package_discovery:discover_packages(prefix_path) discover
[0.331s] DEBUG:colcon.colcon_installed_package_information.package_discovery:Found 285 installed packages in /opt/ros/jazzy
[0.332s] Level 1:colcon.colcon_core.package_discovery:discover_packages(prefix_path) using defaults
[0.402s] Level 5:colcon.colcon_core.verb:set package 'ras2_topics' build argument 'cmake_args' from command line to 'None'
[0.403s] Level 5:colcon.colcon_core.verb:set package 'ras2_topics' build argument 'cmake_target' from command line to 'None'
[0.403s] Level 5:colcon.colcon_core.verb:set package 'ras2_topics' build argument 'cmake_target_skip_unavailable' from command line to 'False'
[0.403s] Level 5:colcon.colcon_core.verb:set package 'ras2_topics' build argument 'cmake_clean_cache' from command line to 'False'
[0.403s] Level 5:colcon.colcon_core.verb:set package 'ras2_topics' build argument 'cmake_clean_first' from command line to 'False'
[0.403s] Level 5:colcon.colcon_core.verb:set package 'ras2_topics' build argument 'cmake_force_configure' from command line to 'False'
[0.403s] Level 5:colcon.colcon_core.verb:set package 'ras2_topics' build argument 'ament_cmake_args' from command line to 'None'
[0.403s] Level 5:colcon.colcon_core.verb:set package 'ras2_topics' build argument 'catkin_cmake_args' from command line to 'None'
[0.403s] Level 5:colcon.colcon_core.verb:set package 'ras2_topics' build argument 'catkin_skip_building_tests' from command line to 'False'
[0.403s] DEBUG:colcon.colcon_core.verb:Building package 'ras2_topics' with the following arguments: {'ament_cmake_args': None, 'build_base': '/home/alex/ras2_ws/build/ras2_topics', 'catkin_cmake_args': None, 'catkin_skip_building_tests': False, 'cmake_args': None, 'cmake_clean_cache': False, 'cmake_clean_first': False, 'cmake_force_configure': False, 'cmake_target': None, 'cmake_target_skip_unavailable': False, 'install_base': '/home/alex/ras2_ws/install/ras2_topics', 'merge_install': False, 'path': '/home/alex/ras2_ws/src/ras2_topics', 'symlink_install': False, 'test_result_base': None}
[0.403s] Level 5:colcon.colcon_core.verb:set package 'ras_example' build argument 'cmake_args' from command line to 'None'
[0.403s] Level 5:colcon.colcon_core.verb:set package 'ras_example' build argument 'cmake_target' from command line to 'None'
[0.403s] Level 5:colcon.colcon_core.verb:set package 'ras_example' build argument 'cmake_target_skip_unavailable' from command line to 'False'
[0.403s] Level 5:colcon.colcon_core.verb:set package 'ras_example' build argument 'cmake_clean_cache' from command line to 'False'
[0.403s] Level 5:colcon.colcon_core.verb:set package 'ras_example' build argument 'cmake_clean_first' from command line to 'False'
[0.403s] Level 5:colcon.colcon_core.verb:set package 'ras_example' build argument 'cmake_force_configure' from command line to 'False'
[0.403s] Level 5:colcon.colcon_core.verb:set package 'ras_example' build argument 'ament_cmake_args' from command line to 'None'
[0.403s] Level 5:colcon.colcon_core.verb:set package 'ras_example' build argument 'catkin_cmake_args' from command line to 'None'
[0.404s] Level 5:colcon.colcon_core.verb:set package 'ras_example' build argument 'catkin_skip_building_tests' from command line to 'False'
[0.404s] DEBUG:colcon.colcon_core.verb:Building package 'ras_example' with the following arguments: {'ament_cmake_args': None, 'build_base': '/home/alex/ras2_ws/build/ras_example', 'catkin_cmake_args': None, 'catkin_skip_building_tests': False, 'cmake_args': None, 'cmake_clean_cache': False, 'cmake_clean_first': False, 'cmake_force_configure': False, 'cmake_target': None, 'cmake_target_skip_unavailable': False, 'install_base': '/home/alex/ras2_ws/install/ras_example', 'merge_install': False, 'path': '/home/alex/ras2_ws/src/ras_example', 'symlink_install': False, 'test_result_base': None}
[0.404s] Level 5:colcon.colcon_core.verb:set package 'ras_example2' build argument 'cmake_args' from command line to 'None'
[0.404s] Level 5:colcon.colcon_core.verb:set package 'ras_example2' build argument 'cmake_target' from command line to 'None'
[0.404s] Level 5:colcon.colcon_core.verb:set package 'ras_example2' build argument 'cmake_target_skip_unavailable' from command line to 'False'
[0.404s] Level 5:colcon.colcon_core.verb:set package 'ras_example2' build argument 'cmake_clean_cache' from command line to 'False'
[0.404s] Level 5:colcon.colcon_core.verb:set package 'ras_example2' build argument 'cmake_clean_first' from command line to 'False'
[0.404s] Level 5:colcon.colcon_core.verb:set package 'ras_example2' build argument 'cmake_force_configure' from command line to 'False'
[0.404s] Level 5:colcon.colcon_core.verb:set package 'ras_example2' build argument 'ament_cmake_args' from command line to 'None'
[0.404s] Level 5:colcon.colcon_core.verb:set package 'ras_example2' build argument 'catkin_cmake_args' from command line to 'None'
[0.404s] Level 5:colcon.colcon_core.verb:set package 'ras_example2' build argument 'catkin_skip_building_tests' from command line to 'False'
[0.404s] DEBUG:colcon.colcon_core.verb:Building package 'ras_example2' with the following arguments: {'ament_cmake_args': None, 'build_base': '/home/alex/ras2_ws/build/ras_example2', 'catkin_cmake_args': None, 'catkin_skip_building_tests': False, 'cmake_args': None, 'cmake_clean_cache': False, 'cmake_clean_first': False, 'cmake_force_configure': False, 'cmake_target': None, 'cmake_target_skip_unavailable': False, 'install_base': '/home/alex/ras2_ws/install/ras_example2', 'merge_install': False, 'path': '/home/alex/ras2_ws/src/ras_example2', 'symlink_install': False, 'test_result_base': None}
[0.405s] Level 5:colcon.colcon_core.verb:set package 'ras_example_pkg_1' build argument 'cmake_args' from command line to 'None'
[0.405s] Level 5:colcon.colcon_core.verb:set package 'ras_example_pkg_1' build argument 'cmake_target' from command line to 'None'
[0.405s] Level 5:colcon.colcon_core.verb:set package 'ras_example_pkg_1' build argument 'cmake_target_skip_unavailable' from command line to 'False'
[0.405s] Level 5:colcon.colcon_core.verb:set package 'ras_example_pkg_1' build argument 'cmake_clean_cache' from command line to 'False'
[0.405s] Level 5:colcon.colcon_core.verb:set package 'ras_example_pkg_1' build argument 'cmake_clean_first' from command line to 'False'
[0.405s] Level 5:colcon.colcon_core.verb:set package 'ras_example_pkg_1' build argument 'cmake_force_configure' from command line to 'False'
[0.405s] Level 5:colcon.colcon_core.verb:set package 'ras_example_pkg_1' build argument 'ament_cmake_args' from command line to 'None'
[0.405s] Level 5:colcon.colcon_core.verb:set package 'ras_example_pkg_1' build argument 'catkin_cmake_args' from command line to 'None'
[0.405s] Level 5:colcon.colcon_core.verb:set package 'ras_example_pkg_1' build argument 'catkin_skip_building_tests' from command line to 'False'
[0.405s] DEBUG:colcon.colcon_core.verb:Building package 'ras_example_pkg_1' with the following arguments: {'ament_cmake_args': None, 'build_base': '/home/alex/ras2_ws/build/ras_example_pkg_1', 'catkin_cmake_args': None, 'catkin_skip_building_tests': False, 'cmake_args': None, 'cmake_clean_cache': False, 'cmake_clean_first': False, 'cmake_force_configure': False, 'cmake_target': None, 'cmake_target_skip_unavailable': False, 'install_base': '/home/alex/ras2_ws/install/ras_example_pkg_1', 'merge_install': False, 'path': '/home/alex/ras2_ws/src/ras_example_pkg_1', 'symlink_install': False, 'test_result_base': None}
[0.405s] Level 5:colcon.colcon_core.verb:set package 'ras_example_pkg_2' build argument 'cmake_args' from command line to 'None'
[0.405s] Level 5:colcon.colcon_core.verb:set package 'ras_example_pkg_2' build argument 'cmake_target' from command line to 'None'
[0.405s] Level 5:colcon.colcon_core.verb:set package 'ras_example_pkg_2' build argument 'cmake_target_skip_unavailable' from command line to 'False'
[0.405s] Level 5:colcon.colcon_core.verb:set package 'ras_example_pkg_2' build argument 'cmake_clean_cache' from command line to 'False'
[0.405s] Level 5:colcon.colcon_core.verb:set package 'ras_example_pkg_2' build argument 'cmake_clean_first' from command line to 'False'
[0.405s] Level 5:colcon.colcon_core.verb:set package 'ras_example_pkg_2' build argument 'cmake_force_configure' from command line to 'False'
[0.405s] Level 5:colcon.colcon_core.verb:set package 'ras_example_pkg_2' build argument 'ament_cmake_args' from command line to 'None'
[0.405s] Level 5:colcon.colcon_core.verb:set package 'ras_example_pkg_2' build argument 'catkin_cmake_args' from command line to 'None'
[0.405s] Level 5:colcon.colcon_core.verb:set package 'ras_example_pkg_2' build argument 'catkin_skip_building_tests' from command line to 'False'
[0.406s] DEBUG:colcon.colcon_core.verb:Building package 'ras_example_pkg_2' with the following arguments: {'ament_cmake_args': None, 'build_base': '/home/alex/ras2_ws/build/ras_example_pkg_2', 'catkin_cmake_args': None, 'catkin_skip_building_tests': False, 'cmake_args': None, 'cmake_clean_cache': False, 'cmake_clean_first': False, 'cmake_force_configure': False, 'cmake_target': None, 'cmake_target_skip_unavailable': False, 'install_base': '/home/alex/ras2_ws/install/ras_example_pkg_2', 'merge_install': False, 'path': '/home/alex/ras2_ws/src/ras_example_pkg_2', 'symlink_install': False, 'test_result_base': None}
[0.406s] INFO:colcon.colcon_core.executor:Executing jobs using 'parallel' executor
[0.407s] DEBUG:colcon.colcon_parallel_executor.executor.parallel:run_until_complete
[0.408s] INFO:colcon.colcon_ros.task.ament_python.build:Building ROS package in '/home/alex/ras2_ws/src/ras2_topics' with build type 'ament_python'
[0.408s] Level 1:colcon.colcon_core.shell:create_environment_hook('ras2_topics', 'ament_prefix_path')
[0.411s] INFO:colcon.colcon_core.plugin_system:Skipping extension 'colcon_core.shell.bat': Not used on non-Windows systems
[0.412s] INFO:colcon.colcon_core.shell:Creating environment hook '/home/alex/ras2_ws/install/ras2_topics/share/ras2_topics/hook/ament_prefix_path.ps1'
[0.413s] INFO:colcon.colcon_core.shell:Creating environment descriptor '/home/alex/ras2_ws/install/ras2_topics/share/ras2_topics/hook/ament_prefix_path.dsv'
[0.414s] INFO:colcon.colcon_core.shell:Creating environment hook '/home/alex/ras2_ws/install/ras2_topics/share/ras2_topics/hook/ament_prefix_path.sh'
[0.415s] INFO:colcon.colcon_core.shell:Skip shell extension 'powershell' for command environment: Not usable outside of PowerShell
[0.416s] DEBUG:colcon.colcon_core.shell:Skip shell extension 'dsv' for command environment
[0.421s] INFO:colcon.colcon_ros.task.ament_cmake.build:Building ROS package in '/home/alex/ras2_ws/src/ras_example' with build type 'ament_cmake'
[0.421s] INFO:colcon.colcon_cmake.task.cmake.build:Building CMake package in '/home/alex/ras2_ws/src/ras_example'
[0.421s] INFO:colcon.colcon_core.shell:Skip shell extension 'powershell' for command environment: Not usable outside of PowerShell
[0.421s] DEBUG:colcon.colcon_core.shell:Skip shell extension 'dsv' for command environment
[0.427s] INFO:colcon.colcon_ros.task.ament_cmake.build:Building ROS package in '/home/alex/ras2_ws/src/ras_example2' with build type 'ament_cmake'
[0.427s] INFO:colcon.colcon_cmake.task.cmake.build:Building CMake package in '/home/alex/ras2_ws/src/ras_example2'
[0.427s] INFO:colcon.colcon_core.shell:Skip shell extension 'powershell' for command environment: Not usable outside of PowerShell
[0.427s] DEBUG:colcon.colcon_core.shell:Skip shell extension 'dsv' for command environment
[0.432s] INFO:colcon.colcon_ros.task.ament_python.build:Building ROS package in '/home/alex/ras2_ws/src/ras_example_pkg_1' with build type 'ament_python'
[0.432s] Level 1:colcon.colcon_core.shell:create_environment_hook('ras_example_pkg_1', 'ament_prefix_path')
[0.433s] INFO:colcon.colcon_core.shell:Creating environment hook '/home/alex/ras2_ws/install/ras_example_pkg_1/share/ras_example_pkg_1/hook/ament_prefix_path.ps1'
[0.435s] INFO:colcon.colcon_core.shell:Creating environment descriptor '/home/alex/ras2_ws/install/ras_example_pkg_1/share/ras_example_pkg_1/hook/ament_prefix_path.dsv'
[0.435s] INFO:colcon.colcon_core.shell:Creating environment hook '/home/alex/ras2_ws/install/ras_example_pkg_1/share/ras_example_pkg_1/hook/ament_prefix_path.sh'
[0.436s] INFO:colcon.colcon_core.shell:Skip shell extension 'powershell' for command environment: Not usable outside of PowerShell
[0.436s] DEBUG:colcon.colcon_core.shell:Skip shell extension 'dsv' for command environment
[0.441s] INFO:colcon.colcon_ros.task.ament_cmake.build:Building ROS package in '/home/alex/ras2_ws/src/ras_example_pkg_2' with build type 'ament_cmake'
[0.442s] INFO:colcon.colcon_cmake.task.cmake.build:Building CMake package in '/home/alex/ras2_ws/src/ras_example_pkg_2'
[0.442s] INFO:colcon.colcon_core.shell:Skip shell extension 'powershell' for command environment: Not usable outside of PowerShell
[0.442s] DEBUG:colcon.colcon_core.shell:Skip shell extension 'dsv' for command environment
[0.818s] WARNING:colcon.colcon_ros.task.ament_python.build:Package 'ras2_topics' doesn't explicitly install a marker in the package index (colcon-ros currently does it implicitly but that fallback will be removed in the future)
[0.818s] WARNING:colcon.colcon_ros.task.ament_python.build:Package 'ras2_topics' doesn't explicitly install the 'package.xml' file (colcon-ros currently does it implicitly but that fallback will be removed in the future)
[0.819s] INFO:colcon.colcon_core.task.python.build:Building Python package in '/home/alex/ras2_ws/src/ras2_topics'
[0.819s] INFO:colcon.colcon_core.shell:Skip shell extension 'powershell' for command environment: Not usable outside of PowerShell
[0.819s] DEBUG:colcon.colcon_core.shell:Skip shell extension 'dsv' for command environment
[0.830s] DEBUG:colcon.colcon_core.event_handler.log_command:Invoking command in '/home/alex/ras2_ws/build/ras_example': CMAKE_PREFIX_PATH=${CMAKE_PREFIX_PATH}:/opt/ros/jazzy DEBUGINFOD_URLS=https://debuginfod.ubuntu.com /usr/bin/cmake --build /home/alex/ras2_ws/build/ras_example -- -j16 -l16
[0.836s] DEBUG:colcon.colcon_core.event_handler.log_command:Invoking command in '/home/alex/ras2_ws/build/ras_example2': CMAKE_PREFIX_PATH=${CMAKE_PREFIX_PATH}:/opt/ros/jazzy DEBUGINFOD_URLS=https://debuginfod.ubuntu.com /usr/bin/cmake --build /home/alex/ras2_ws/build/ras_example2 -- -j16 -l16
[1.211s] INFO:colcon.colcon_core.task.python.build:Building Python package in '/home/alex/ras2_ws/src/ras_example_pkg_1'
[1.211s] INFO:colcon.colcon_core.shell:Skip shell extension 'powershell' for command environment: Not usable outside of PowerShell
[1.211s] DEBUG:colcon.colcon_core.shell:Skip shell extension 'dsv' for command environment
[1.223s] DEBUG:colcon.colcon_core.event_handler.log_command:Invoked command in '/home/alex/ras2_ws/build/ras_example' returned '0': CMAKE_PREFIX_PATH=${CMAKE_PREFIX_PATH}:/opt/ros/jazzy DEBUGINFOD_URLS=https://debuginfod.ubuntu.com /usr/bin/cmake --build /home/alex/ras2_ws/build/ras_example -- -j16 -l16
[1.244s] DEBUG:colcon.colcon_core.event_handler.log_command:Invoking command in '/home/alex/ras2_ws/build/ras_example': CMAKE_PREFIX_PATH=${CMAKE_PREFIX_PATH}:/opt/ros/jazzy DEBUGINFOD_URLS=https://debuginfod.ubuntu.com /usr/bin/cmake --install /home/alex/ras2_ws/build/ras_example
[1.245s] DEBUG:colcon.colcon_core.event_handler.log_command:Invoked command in '/home/alex/ras2_ws/build/ras_example2' returned '0': CMAKE_PREFIX_PATH=${CMAKE_PREFIX_PATH}:/opt/ros/jazzy DEBUGINFOD_URLS=https://debuginfod.ubuntu.com /usr/bin/cmake --build /home/alex/ras2_ws/build/ras_example2 -- -j16 -l16
[1.246s] DEBUG:colcon.colcon_core.event_handler.log_command:Invoking command in '/home/alex/ras2_ws/build/ras_example2': CMAKE_PREFIX_PATH=${CMAKE_PREFIX_PATH}:/opt/ros/jazzy DEBUGINFOD_URLS=https://debuginfod.ubuntu.com /usr/bin/cmake --install /home/alex/ras2_ws/build/ras_example2
[1.252s] DEBUG:colcon.colcon_core.event_handler.log_command:Invoking command in '/home/alex/ras2_ws/build/ras_example_pkg_2': CMAKE_PREFIX_PATH=${CMAKE_PREFIX_PATH}:/opt/ros/jazzy DEBUGINFOD_URLS=https://debuginfod.ubuntu.com /usr/bin/cmake --build /home/alex/ras2_ws/build/ras_example_pkg_2 -- -j16 -l16
[1.265s] Level 1:colcon.colcon_core.environment:create_environment_scripts_only(ras_example)
[1.266s] DEBUG:colcon.colcon_core.event_handler.log_command:Invoked command in '/home/alex/ras2_ws/build/ras_example' returned '0': CMAKE_PREFIX_PATH=${CMAKE_PREFIX_PATH}:/opt/ros/jazzy DEBUGINFOD_URLS=https://debuginfod.ubuntu.com /usr/bin/cmake --install /home/alex/ras2_ws/build/ras_example
[1.269s] Level 1:colcon.colcon_core.environment:checking '/home/alex/ras2_ws/install/ras_example' for CMake module files
[1.271s] Level 1:colcon.colcon_core.environment:checking '/home/alex/ras2_ws/install/ras_example' for CMake config files
[1.271s] Level 1:colcon.colcon_core.shell:create_environment_hook('ras_example', 'cmake_prefix_path')
[1.271s] INFO:colcon.colcon_core.shell:Creating environment hook '/home/alex/ras2_ws/install/ras_example/share/ras_example/hook/cmake_prefix_path.ps1'
[1.272s] INFO:colcon.colcon_core.shell:Creating environment descriptor '/home/alex/ras2_ws/install/ras_example/share/ras_example/hook/cmake_prefix_path.dsv'
[1.273s] INFO:colcon.colcon_core.shell:Creating environment hook '/home/alex/ras2_ws/install/ras_example/share/ras_example/hook/cmake_prefix_path.sh'
[1.274s] Level 1:colcon.colcon_core.environment:checking '/home/alex/ras2_ws/install/ras_example/bin'
[1.274s] Level 1:colcon.colcon_core.environment:checking '/home/alex/ras2_ws/install/ras_example/lib/pkgconfig/ras_example.pc'
[1.274s] Level 1:colcon.colcon_core.environment:checking '/home/alex/ras2_ws/install/ras_example/lib/python3.12/site-packages'
[1.274s] Level 1:colcon.colcon_core.environment:checking '/home/alex/ras2_ws/install/ras_example/bin'
[1.275s] INFO:colcon.colcon_core.shell:Creating package script '/home/alex/ras2_ws/install/ras_example/share/ras_example/package.ps1'
[1.276s] INFO:colcon.colcon_core.shell:Creating package descriptor '/home/alex/ras2_ws/install/ras_example/share/ras_example/package.dsv'
[1.277s] INFO:colcon.colcon_core.shell:Creating package script '/home/alex/ras2_ws/install/ras_example/share/ras_example/package.sh'
[1.278s] INFO:colcon.colcon_core.shell:Creating package script '/home/alex/ras2_ws/install/ras_example/share/ras_example/package.bash'
[1.279s] INFO:colcon.colcon_core.shell:Creating package script '/home/alex/ras2_ws/install/ras_example/share/ras_example/package.zsh'
[1.280s] Level 1:colcon.colcon_core.environment:create_file_with_runtime_dependencies(/home/alex/ras2_ws/install/ras_example/share/colcon-core/packages/ras_example)
[1.281s] Level 1:colcon.colcon_core.environment:create_environment_scripts_only(ras_example)
[1.281s] Level 1:colcon.colcon_core.environment:checking '/home/alex/ras2_ws/install/ras_example' for CMake module files
[1.282s] Level 1:colcon.colcon_core.environment:checking '/home/alex/ras2_ws/install/ras_example' for CMake config files
[1.282s] Level 1:colcon.colcon_core.shell:create_environment_hook('ras_example', 'cmake_prefix_path')
[1.282s] INFO:colcon.colcon_core.shell:Creating environment hook '/home/alex/ras2_ws/install/ras_example/share/ras_example/hook/cmake_prefix_path.ps1'
[1.283s] INFO:colcon.colcon_core.shell:Creating environment descriptor '/home/alex/ras2_ws/install/ras_example/share/ras_example/hook/cmake_prefix_path.dsv'
[1.283s] INFO:colcon.colcon_core.shell:Creating environment hook '/home/alex/ras2_ws/install/ras_example/share/ras_example/hook/cmake_prefix_path.sh'
[1.284s] Level 1:colcon.colcon_core.environment:checking '/home/alex/ras2_ws/install/ras_example/bin'
[1.284s] Level 1:colcon.colcon_core.environment:checking '/home/alex/ras2_ws/install/ras_example/lib/pkgconfig/ras_example.pc'
[1.285s] Level 1:colcon.colcon_core.environment:checking '/home/alex/ras2_ws/install/ras_example/lib/python3.12/site-packages'
[1.285s] Level 1:colcon.colcon_core.environment:checking '/home/alex/ras2_ws/install/ras_example/bin'
[1.285s] INFO:colcon.colcon_core.shell:Creating package script '/home/alex/ras2_ws/install/ras_example/share/ras_example/package.ps1'
[1.286s] INFO:colcon.colcon_core.shell:Creating package descriptor '/home/alex/ras2_ws/install/ras_example/share/ras_example/package.dsv'
[1.287s] INFO:colcon.colcon_core.shell:Creating package script '/home/alex/ras2_ws/install/ras_example/share/ras_example/package.sh'
[1.288s] INFO:colcon.colcon_core.shell:Creating package script '/home/alex/ras2_ws/install/ras_example/share/ras_example/package.bash'
[1.288s] INFO:colcon.colcon_core.shell:Creating package script '/home/alex/ras2_ws/install/ras_example/share/ras_example/package.zsh'
[1.289s] Level 1:colcon.colcon_core.environment:create_file_with_runtime_dependencies(/home/alex/ras2_ws/install/ras_example/share/colcon-core/packages/ras_example)
[1.291s] Level 1:colcon.colcon_core.environment:create_environment_scripts_only(ras_example2)
[1.291s] DEBUG:colcon.colcon_core.event_handler.log_command:Invoked command in '/home/alex/ras2_ws/build/ras_example2' returned '0': CMAKE_PREFIX_PATH=${CMAKE_PREFIX_PATH}:/opt/ros/jazzy DEBUGINFOD_URLS=https://debuginfod.ubuntu.com /usr/bin/cmake --install /home/alex/ras2_ws/build/ras_example2
[1.292s] Level 1:colcon.colcon_core.environment:checking '/home/alex/ras2_ws/install/ras_example2' for CMake module files
[1.293s] Level 1:colcon.colcon_core.environment:checking '/home/alex/ras2_ws/install/ras_example2' for CMake config files
[1.293s] Level 1:colcon.colcon_core.shell:create_environment_hook('ras_example2', 'cmake_prefix_path')
[1.294s] INFO:colcon.colcon_core.shell:Creating environment hook '/home/alex/ras2_ws/install/ras_example2/share/ras_example2/hook/cmake_prefix_path.ps1'
[1.295s] INFO:colcon.colcon_core.shell:Creating environment descriptor '/home/alex/ras2_ws/install/ras_example2/share/ras_example2/hook/cmake_prefix_path.dsv'
[1.296s] INFO:colcon.colcon_core.shell:Creating environment hook '/home/alex/ras2_ws/install/ras_example2/share/ras_example2/hook/cmake_prefix_path.sh'
[1.297s] Level 1:colcon.colcon_core.environment:checking '/home/alex/ras2_ws/install/ras_example2/bin'
[1.298s] Level 1:colcon.colcon_core.environment:checking '/home/alex/ras2_ws/install/ras_example2/lib/pkgconfig/ras_example2.pc'
[1.298s] Level 1:colcon.colcon_core.environment:checking '/home/alex/ras2_ws/install/ras_example2/lib/python3.12/site-packages'
[1.299s] Level 1:colcon.colcon_core.environment:checking '/home/alex/ras2_ws/install/ras_example2/bin'
[1.299s] INFO:colcon.colcon_core.shell:Creating package script '/home/alex/ras2_ws/install/ras_example2/share/ras_example2/package.ps1'
[1.300s] INFO:colcon.colcon_core.shell:Creating package descriptor '/home/alex/ras2_ws/install/ras_example2/share/ras_example2/package.dsv'
[1.301s] INFO:colcon.colcon_core.shell:Creating package script '/home/alex/ras2_ws/install/ras_example2/share/ras_example2/package.sh'
[1.302s] INFO:colcon.colcon_core.shell:Creating package script '/home/alex/ras2_ws/install/ras_example2/share/ras_example2/package.bash'
[1.303s] INFO:colcon.colcon_core.shell:Creating package script '/home/alex/ras2_ws/install/ras_example2/share/ras_example2/package.zsh'
[1.303s] Level 1:colcon.colcon_core.environment:create_file_with_runtime_dependencies(/home/alex/ras2_ws/install/ras_example2/share/colcon-core/packages/ras_example2)
[1.304s] Level 1:colcon.colcon_core.environment:create_environment_scripts_only(ras_example2)
[1.304s] Level 1:colcon.colcon_core.environment:checking '/home/alex/ras2_ws/install/ras_example2' for CMake module files
[1.305s] Level 1:colcon.colcon_core.environment:checking '/home/alex/ras2_ws/install/ras_example2' for CMake config files
[1.305s] Level 1:colcon.colcon_core.shell:create_environment_hook('ras_example2', 'cmake_prefix_path')
[1.305s] INFO:colcon.colcon_core.shell:Creating environment hook '/home/alex/ras2_ws/install/ras_example2/share/ras_example2/hook/cmake_prefix_path.ps1'
[1.306s] INFO:colcon.colcon_core.shell:Creating environment descriptor '/home/alex/ras2_ws/install/ras_example2/share/ras_example2/hook/cmake_prefix_path.dsv'
[1.307s] INFO:colcon.colcon_core.shell:Creating environment hook '/home/alex/ras2_ws/install/ras_example2/share/ras_example2/hook/cmake_prefix_path.sh'
[1.308s] Level 1:colcon.colcon_core.environment:checking '/home/alex/ras2_ws/install/ras_example2/bin'
[1.308s] Level 1:colcon.colcon_core.environment:checking '/home/alex/ras2_ws/install/ras_example2/lib/pkgconfig/ras_example2.pc'
[1.309s] Level 1:colcon.colcon_core.environment:checking '/home/alex/ras2_ws/install/ras_example2/lib/python3.12/site-packages'
[1.309s] Level 1:colcon.colcon_core.environment:checking '/home/alex/ras2_ws/install/ras_example2/bin'
[1.309s] INFO:colcon.colcon_core.shell:Creating package script '/home/alex/ras2_ws/install/ras_example2/share/ras_example2/package.ps1'
[1.310s] INFO:colcon.colcon_core.shell:Creating package descriptor '/home/alex/ras2_ws/install/ras_example2/share/ras_example2/package.dsv'
[1.311s] INFO:colcon.colcon_core.shell:Creating package script '/home/alex/ras2_ws/install/ras_example2/share/ras_example2/package.sh'
[1.312s] INFO:colcon.colcon_core.shell:Creating package script '/home/alex/ras2_ws/install/ras_example2/share/ras_example2/package.bash'
[1.313s] INFO:colcon.colcon_core.shell:Creating package script '/home/alex/ras2_ws/install/ras_example2/share/ras_example2/package.zsh'
[1.314s] Level 1:colcon.colcon_core.environment:create_file_with_runtime_dependencies(/home/alex/ras2_ws/install/ras_example2/share/colcon-core/packages/ras_example2)
[1.383s] DEBUG:colcon.colcon_core.event_handler.log_command:Invoked command in '/home/alex/ras2_ws/build/ras_example_pkg_2' returned '0': CMAKE_PREFIX_PATH=${CMAKE_PREFIX_PATH}:/opt/ros/jazzy DEBUGINFOD_URLS=https://debuginfod.ubuntu.com /usr/bin/cmake --build /home/alex/ras2_ws/build/ras_example_pkg_2 -- -j16 -l16
[1.385s] DEBUG:colcon.colcon_core.event_handler.log_command:Invoking command in '/home/alex/ras2_ws/build/ras_example_pkg_2': CMAKE_PREFIX_PATH=${CMAKE_PREFIX_PATH}:/opt/ros/jazzy DEBUGINFOD_URLS=https://debuginfod.ubuntu.com /usr/bin/cmake --install /home/alex/ras2_ws/build/ras_example_pkg_2
[1.406s] Level 1:colcon.colcon_core.environment:create_environment_scripts_only(ras_example_pkg_2)
[1.407s] Level 1:colcon.colcon_core.environment:checking '/home/alex/ras2_ws/install/ras_example_pkg_2' for CMake module files
[1.408s] DEBUG:colcon.colcon_core.event_handler.log_command:Invoked command in '/home/alex/ras2_ws/build/ras_example_pkg_2' returned '0': CMAKE_PREFIX_PATH=${CMAKE_PREFIX_PATH}:/opt/ros/jazzy DEBUGINFOD_URLS=https://debuginfod.ubuntu.com /usr/bin/cmake --install /home/alex/ras2_ws/build/ras_example_pkg_2
[1.409s] Level 1:colcon.colcon_core.environment:checking '/home/alex/ras2_ws/install/ras_example_pkg_2' for CMake config files
[1.409s] Level 1:colcon.colcon_core.shell:create_environment_hook('ras_example_pkg_2', 'cmake_prefix_path')
[1.409s] INFO:colcon.colcon_core.shell:Creating environment hook '/home/alex/ras2_ws/install/ras_example_pkg_2/share/ras_example_pkg_2/hook/cmake_prefix_path.ps1'
[1.410s] INFO:colcon.colcon_core.shell:Creating environment descriptor '/home/alex/ras2_ws/install/ras_example_pkg_2/share/ras_example_pkg_2/hook/cmake_prefix_path.dsv'
[1.411s] INFO:colcon.colcon_core.shell:Creating environment hook '/home/alex/ras2_ws/install/ras_example_pkg_2/share/ras_example_pkg_2/hook/cmake_prefix_path.sh'
[1.412s] Level 1:colcon.colcon_core.environment:checking '/home/alex/ras2_ws/install/ras_example_pkg_2/lib'
[1.412s] Level 1:colcon.colcon_core.environment:checking '/home/alex/ras2_ws/install/ras_example_pkg_2/bin'
[1.412s] Level 1:colcon.colcon_core.environment:checking '/home/alex/ras2_ws/install/ras_example_pkg_2/lib/pkgconfig/ras_example_pkg_2.pc'
[1.412s] Level 1:colcon.colcon_core.environment:checking '/home/alex/ras2_ws/install/ras_example_pkg_2/lib/python3.12/site-packages'
[1.413s] Level 1:colcon.colcon_core.environment:checking '/home/alex/ras2_ws/install/ras_example_pkg_2/bin'
[1.413s] INFO:colcon.colcon_core.shell:Creating package script '/home/alex/ras2_ws/install/ras_example_pkg_2/share/ras_example_pkg_2/package.ps1'
[1.414s] INFO:colcon.colcon_core.shell:Creating package descriptor '/home/alex/ras2_ws/install/ras_example_pkg_2/share/ras_example_pkg_2/package.dsv'
[1.415s] INFO:colcon.colcon_core.shell:Creating package script '/home/alex/ras2_ws/install/ras_example_pkg_2/share/ras_example_pkg_2/package.sh'
[1.415s] INFO:colcon.colcon_core.shell:Creating package script '/home/alex/ras2_ws/install/ras_example_pkg_2/share/ras_example_pkg_2/package.bash'
[1.416s] INFO:colcon.colcon_core.shell:Creating package script '/home/alex/ras2_ws/install/ras_example_pkg_2/share/ras_example_pkg_2/package.zsh'
[1.416s] Level 1:colcon.colcon_core.environment:create_file_with_runtime_dependencies(/home/alex/ras2_ws/install/ras_example_pkg_2/share/colcon-core/packages/ras_example_pkg_2)
[1.417s] Level 1:colcon.colcon_core.environment:create_environment_scripts_only(ras_example_pkg_2)
[1.417s] Level 1:colcon.colcon_core.environment:checking '/home/alex/ras2_ws/install/ras_example_pkg_2' for CMake module files
[1.418s] Level 1:colcon.colcon_core.environment:checking '/home/alex/ras2_ws/install/ras_example_pkg_2' for CMake config files
[1.419s] Level 1:colcon.colcon_core.shell:create_environment_hook('ras_example_pkg_2', 'cmake_prefix_path')
[1.419s] INFO:colcon.colcon_core.shell:Creating environment hook '/home/alex/ras2_ws/install/ras_example_pkg_2/share/ras_example_pkg_2/hook/cmake_prefix_path.ps1'
[1.420s] INFO:colcon.colcon_core.shell:Creating environment descriptor '/home/alex/ras2_ws/install/ras_example_pkg_2/share/ras_example_pkg_2/hook/cmake_prefix_path.dsv'
[1.420s] INFO:colcon.colcon_core.shell:Creating environment hook '/home/alex/ras2_ws/install/ras_example_pkg_2/share/ras_example_pkg_2/hook/cmake_prefix_path.sh'
[1.421s] Level 1:colcon.colcon_core.environment:checking '/home/alex/ras2_ws/install/ras_example_pkg_2/lib'
[1.421s] Level 1:colcon.colcon_core.environment:checking '/home/alex/ras2_ws/install/ras_example_pkg_2/bin'
[1.421s] Level 1:colcon.colcon_core.environment:checking '/home/alex/ras2_ws/install/ras_example_pkg_2/lib/pkgconfig/ras_example_pkg_2.pc'
[1.422s] Level 1:colcon.colcon_core.environment:checking '/home/alex/ras2_ws/install/ras_example_pkg_2/lib/python3.12/site-packages'
[1.422s] Level 1:colcon.colcon_core.environment:checking '/home/alex/ras2_ws/install/ras_example_pkg_2/bin'
[1.422s] INFO:colcon.colcon_core.shell:Creating package script '/home/alex/ras2_ws/install/ras_example_pkg_2/share/ras_example_pkg_2/package.ps1'
[1.423s] INFO:colcon.colcon_core.shell:Creating package descriptor '/home/alex/ras2_ws/install/ras_example_pkg_2/share/ras_example_pkg_2/package.dsv'
[1.424s] INFO:colcon.colcon_core.shell:Creating package script '/home/alex/ras2_ws/install/ras_example_pkg_2/share/ras_example_pkg_2/package.sh'
[1.424s] INFO:colcon.colcon_core.shell:Creating package script '/home/alex/ras2_ws/install/ras_example_pkg_2/share/ras_example_pkg_2/package.bash'
[1.425s] INFO:colcon.colcon_core.shell:Creating package script '/home/alex/ras2_ws/install/ras_example_pkg_2/share/ras_example_pkg_2/package.zsh'
[1.426s] Level 1:colcon.colcon_core.environment:create_file_with_runtime_dependencies(/home/alex/ras2_ws/install/ras_example_pkg_2/share/colcon-core/packages/ras_example_pkg_2)
[2.241s] DEBUG:colcon.colcon_core.event_handler.log_command:Invoking command in '/home/alex/ras2_ws/src/ras2_topics': DEBUGINFOD_URLS=https://debuginfod.ubuntu.com PYTHONPATH=/home/alex/ras2_ws/build/ras2_topics/prefix_override:/usr/lib/python3/dist-packages/colcon_core/task/python/colcon_distutils_commands:/home/alex/ras2_ws/install/ras2_topics/lib/python3.12/site-packages:${PYTHONPATH} /usr/bin/python3 -W ignore:setup.py install is deprecated -W ignore:easy_install command is deprecated setup.py egg_info --egg-base ../../build/ras2_topics build --build-base /home/alex/ras2_ws/build/ras2_topics/build install --record /home/alex/ras2_ws/build/ras2_topics/install.log --single-version-externally-managed install_data
[2.242s] DEBUG:colcon.colcon_core.event_handler.log_command:Invoking command in '/home/alex/ras2_ws/src/ras_example_pkg_1': DEBUGINFOD_URLS=https://debuginfod.ubuntu.com PYTHONPATH=/home/alex/ras2_ws/build/ras_example_pkg_1/prefix_override:/usr/lib/python3/dist-packages/colcon_core/task/python/colcon_distutils_commands:/home/alex/ras2_ws/install/ras_example_pkg_1/lib/python3.12/site-packages:${PYTHONPATH} /usr/bin/python3 -W ignore:setup.py install is deprecated -W ignore:easy_install command is deprecated setup.py egg_info --egg-base ../../build/ras_example_pkg_1 build --build-base /home/alex/ras2_ws/build/ras_example_pkg_1/build install --record /home/alex/ras2_ws/build/ras_example_pkg_1/install.log --single-version-externally-managed install_data
[2.856s] DEBUG:colcon.colcon_core.event_handler.log_command:Invoked command in '/home/alex/ras2_ws/src/ras2_topics' returned '1': DEBUGINFOD_URLS=https://debuginfod.ubuntu.com PYTHONPATH=/home/alex/ras2_ws/build/ras2_topics/prefix_override:/usr/lib/python3/dist-packages/colcon_core/task/python/colcon_distutils_commands:/home/alex/ras2_ws/install/ras2_topics/lib/python3.12/site-packages:${PYTHONPATH} /usr/bin/python3 -W ignore:setup.py install is deprecated -W ignore:easy_install command is deprecated setup.py egg_info --egg-base ../../build/ras2_topics build --build-base /home/alex/ras2_ws/build/ras2_topics/build install --record /home/alex/ras2_ws/build/ras2_topics/install.log --single-version-externally-managed install_data
[3.117s] DEBUG:colcon.colcon_parallel_executor.executor.parallel:closing loop
[3.118s] DEBUG:colcon.colcon_parallel_executor.executor.parallel:loop closed
[3.118s] DEBUG:colcon.colcon_parallel_executor.executor.parallel:run_until_complete finished with '1'
[3.118s] DEBUG:colcon.colcon_core.event_reactor:joining thread
[3.126s] INFO:colcon.colcon_core.plugin_system:Skipping extension 'colcon_notification.desktop_notification.terminal_notifier': Not used on non-Darwin systems
[3.126s] INFO:colcon.colcon_core.plugin_system:Skipping extension 'colcon_notification.desktop_notification.win32': Not used on non-Windows systems
[3.126s] INFO:colcon.colcon_notification.desktop_notification:Sending desktop notification using 'notify2'
[3.152s] DEBUG:colcon.colcon_core.event_reactor:joined thread
[3.153s] INFO:colcon.colcon_core.shell:Creating prefix script '/home/alex/ras2_ws/install/local_setup.ps1'
[3.154s] INFO:colcon.colcon_core.shell:Creating prefix util module '/home/alex/ras2_ws/install/_local_setup_util_ps1.py'
[3.156s] INFO:colcon.colcon_core.shell:Creating prefix chain script '/home/alex/ras2_ws/install/setup.ps1'
[3.157s] INFO:colcon.colcon_core.shell:Creating prefix script '/home/alex/ras2_ws/install/local_setup.sh'
[3.157s] INFO:colcon.colcon_core.shell:Creating prefix util module '/home/alex/ras2_ws/install/_local_setup_util_sh.py'
[3.158s] INFO:colcon.colcon_core.shell:Creating prefix chain script '/home/alex/ras2_ws/install/setup.sh'
[3.159s] INFO:colcon.colcon_core.shell:Creating prefix script '/home/alex/ras2_ws/install/local_setup.bash'
[3.160s] INFO:colcon.colcon_core.shell:Creating prefix chain script '/home/alex/ras2_ws/install/setup.bash'
[3.161s] INFO:colcon.colcon_core.shell:Creating prefix script '/home/alex/ras2_ws/install/local_setup.zsh'
[3.162s] INFO:colcon.colcon_core.shell:Creating prefix chain script '/home/alex/ras2_ws/install/setup.zsh'
