running egg_info
creating ../../build/ras2_services/ras2_services.egg-info
writing ../../build/ras2_services/ras2_services.egg-info/PKG-INFO
writing dependency_links to ../../build/ras2_services/ras2_services.egg-info/dependency_links.txt
writing entry points to ../../build/ras2_services/ras2_services.egg-info/entry_points.txt
writing requirements to ../../build/ras2_services/ras2_services.egg-info/requires.txt
writing top-level names to ../../build/ras2_services/ras2_services.egg-info/top_level.txt
writing manifest file '../../build/ras2_services/ras2_services.egg-info/SOURCES.txt'
reading manifest file '../../build/ras2_services/ras2_services.egg-info/SOURCES.txt'
writing manifest file '../../build/ras2_services/ras2_services.egg-info/SOURCES.txt'
running build
running build_py
creating /home/alex/ras2_ws/build/ras2_services/build
creating /home/alex/ras2_ws/build/ras2_services/build/lib
creating /home/alex/ras2_ws/build/ras2_services/build/lib/ras2_services
copying ras2_services/server.py -> /home/alex/ras2_ws/build/ras2_services/build/lib/ras2_services
copying ras2_services/__init__.py -> /home/alex/ras2_ws/build/ras2_services/build/lib/ras2_services
copying ras2_services/client.py -> /home/alex/ras2_ws/build/ras2_services/build/lib/ras2_services
running install
running install_lib
creating /home/alex/ras2_ws/install/ras2_services/lib/python3.12/site-packages/ras2_services
copying /home/alex/ras2_ws/build/ras2_services/build/lib/ras2_services/server.py -> /home/alex/ras2_ws/install/ras2_services/lib/python3.12/site-packages/ras2_services
copying /home/alex/ras2_ws/build/ras2_services/build/lib/ras2_services/__init__.py -> /home/alex/ras2_ws/install/ras2_services/lib/python3.12/site-packages/ras2_services
copying /home/alex/ras2_ws/build/ras2_services/build/lib/ras2_services/client.py -> /home/alex/ras2_ws/install/ras2_services/lib/python3.12/site-packages/ras2_services
byte-compiling /home/alex/ras2_ws/install/ras2_services/lib/python3.12/site-packages/ras2_services/server.py to server.cpython-312.pyc
byte-compiling /home/alex/ras2_ws/install/ras2_services/lib/python3.12/site-packages/ras2_services/__init__.py to __init__.cpython-312.pyc
byte-compiling /home/alex/ras2_ws/install/ras2_services/lib/python3.12/site-packages/ras2_services/client.py to client.cpython-312.pyc
running install_data
creating /home/alex/ras2_ws/install/ras2_services/share/ament_index
creating /home/alex/ras2_ws/install/ras2_services/share/ament_index/resource_index
creating /home/alex/ras2_ws/install/ras2_services/share/ament_index/resource_index/packages
copying resource/ras2_services -> /home/alex/ras2_ws/install/ras2_services/share/ament_index/resource_index/packages
copying package.xml -> /home/alex/ras2_ws/install/ras2_services/share/ras2_services
running install_egg_info
Copying ../../build/ras2_services/ras2_services.egg-info to /home/alex/ras2_ws/install/ras2_services/lib/python3.12/site-packages/ras2_services-0.0.0-py3.12.egg-info
running install_scripts
Installing client script to /home/alex/ras2_ws/install/ras2_services/lib/ras2_services
Installing server script to /home/alex/ras2_ws/install/ras2_services/lib/ras2_services
writing list of installed files to '/home/alex/ras2_ws/build/ras2_services/install.log'
