[1.120s] Invoking command in '/home/alex/ras2_ws/src/ras2_services': DEBUGINFOD_URLS=https://debuginfod.ubuntu.com PYTHONPATH=/home/alex/ras2_ws/build/ras2_services/prefix_override:/usr/lib/python3/dist-packages/colcon_core/task/python/colcon_distutils_commands:/home/alex/ras2_ws/install/ras2_services/lib/python3.12/site-packages:${PYTHONPATH} /usr/bin/python3 -W ignore:setup.py install is deprecated -W ignore:easy_install command is deprecated setup.py egg_info --egg-base ../../build/ras2_services build --build-base /home/alex/ras2_ws/build/ras2_services/build install --record /home/alex/ras2_ws/build/ras2_services/install.log --single-version-externally-managed install_data
[1.340s] running egg_info
[1.340s] creating ../../build/ras2_services/ras2_services.egg-info
[1.356s] writing ../../build/ras2_services/ras2_services.egg-info/PKG-INFO
[1.357s] writing dependency_links to ../../build/ras2_services/ras2_services.egg-info/dependency_links.txt
[1.357s] writing entry points to ../../build/ras2_services/ras2_services.egg-info/entry_points.txt
[1.357s] writing requirements to ../../build/ras2_services/ras2_services.egg-info/requires.txt
[1.357s] writing top-level names to ../../build/ras2_services/ras2_services.egg-info/top_level.txt
[1.358s] writing manifest file '../../build/ras2_services/ras2_services.egg-info/SOURCES.txt'
[1.391s] reading manifest file '../../build/ras2_services/ras2_services.egg-info/SOURCES.txt'
[1.391s] writing manifest file '../../build/ras2_services/ras2_services.egg-info/SOURCES.txt'
[1.392s] running build
[1.392s] running build_py
[1.392s] creating /home/alex/ras2_ws/build/ras2_services/build
[1.392s] creating /home/alex/ras2_ws/build/ras2_services/build/lib
[1.392s] creating /home/alex/ras2_ws/build/ras2_services/build/lib/ras2_services
[1.392s] copying ras2_services/server.py -> /home/alex/ras2_ws/build/ras2_services/build/lib/ras2_services
[1.392s] copying ras2_services/__init__.py -> /home/alex/ras2_ws/build/ras2_services/build/lib/ras2_services
[1.392s] copying ras2_services/client.py -> /home/alex/ras2_ws/build/ras2_services/build/lib/ras2_services
[1.393s] running install
[1.398s] running install_lib
[1.415s] creating /home/alex/ras2_ws/install/ras2_services/lib/python3.12/site-packages/ras2_services
[1.415s] copying /home/alex/ras2_ws/build/ras2_services/build/lib/ras2_services/server.py -> /home/alex/ras2_ws/install/ras2_services/lib/python3.12/site-packages/ras2_services
[1.415s] copying /home/alex/ras2_ws/build/ras2_services/build/lib/ras2_services/__init__.py -> /home/alex/ras2_ws/install/ras2_services/lib/python3.12/site-packages/ras2_services
[1.416s] copying /home/alex/ras2_ws/build/ras2_services/build/lib/ras2_services/client.py -> /home/alex/ras2_ws/install/ras2_services/lib/python3.12/site-packages/ras2_services
[1.416s] byte-compiling /home/alex/ras2_ws/install/ras2_services/lib/python3.12/site-packages/ras2_services/server.py to server.cpython-312.pyc
[1.416s] byte-compiling /home/alex/ras2_ws/install/ras2_services/lib/python3.12/site-packages/ras2_services/__init__.py to __init__.cpython-312.pyc
[1.416s] byte-compiling /home/alex/ras2_ws/install/ras2_services/lib/python3.12/site-packages/ras2_services/client.py to client.cpython-312.pyc
[1.417s] running install_data
[1.417s] creating /home/alex/ras2_ws/install/ras2_services/share/ament_index
[1.417s] creating /home/alex/ras2_ws/install/ras2_services/share/ament_index/resource_index
[1.417s] creating /home/alex/ras2_ws/install/ras2_services/share/ament_index/resource_index/packages
[1.417s] copying resource/ras2_services -> /home/alex/ras2_ws/install/ras2_services/share/ament_index/resource_index/packages
[1.417s] copying package.xml -> /home/alex/ras2_ws/install/ras2_services/share/ras2_services
[1.417s] running install_egg_info
[1.436s] Copying ../../build/ras2_services/ras2_services.egg-info to /home/alex/ras2_ws/install/ras2_services/lib/python3.12/site-packages/ras2_services-0.0.0-py3.12.egg-info
[1.437s] running install_scripts
[1.549s] Installing client script to /home/alex/ras2_ws/install/ras2_services/lib/ras2_services
[1.549s] Installing server script to /home/alex/ras2_ws/install/ras2_services/lib/ras2_services
[1.549s] writing list of installed files to '/home/alex/ras2_ws/build/ras2_services/install.log'
[1.592s] Invoked command in '/home/alex/ras2_ws/src/ras2_services' returned '0': DEBUGINFOD_URLS=https://debuginfod.ubuntu.com PYTHONPATH=/home/alex/ras2_ws/build/ras2_services/prefix_override:/usr/lib/python3/dist-packages/colcon_core/task/python/colcon_distutils_commands:/home/alex/ras2_ws/install/ras2_services/lib/python3.12/site-packages:${PYTHONPATH} /usr/bin/python3 -W ignore:setup.py install is deprecated -W ignore:easy_install command is deprecated setup.py egg_info --egg-base ../../build/ras2_services build --build-base /home/alex/ras2_ws/build/ras2_services/build install --record /home/alex/ras2_ws/build/ras2_services/install.log --single-version-externally-managed install_data
