[2.678s] Invoking command in '/home/alex/ras2_ws/src/ras_example_pkg_1': DEBUGINFOD_URLS=https://debuginfod.ubuntu.com PYTHONPATH=/home/alex/ras2_ws/build/ras_example_pkg_1/prefix_override:/usr/lib/python3/dist-packages/colcon_core/task/python/colcon_distutils_commands:/home/alex/ras2_ws/install/ras_example_pkg_1/lib/python3.12/site-packages:${PYTHONPATH} /usr/bin/python3 -W ignore:setup.py install is deprecated -W ignore:easy_install command is deprecated setup.py egg_info --egg-base ../../build/ras_example_pkg_1 build --build-base /home/alex/ras2_ws/build/ras_example_pkg_1/build install --record /home/alex/ras2_ws/build/ras_example_pkg_1/install.log --single-version-externally-managed install_data
[3.143s] running egg_info
[3.177s] writing ../../build/ras_example_pkg_1/ras_example_pkg_1.egg-info/PKG-INFO
[3.177s] writing dependency_links to ../../build/ras_example_pkg_1/ras_example_pkg_1.egg-info/dependency_links.txt
[3.178s] writing entry points to ../../build/ras_example_pkg_1/ras_example_pkg_1.egg-info/entry_points.txt
[3.178s] writing requirements to ../../build/ras_example_pkg_1/ras_example_pkg_1.egg-info/requires.txt
[3.178s] writing top-level names to ../../build/ras_example_pkg_1/ras_example_pkg_1.egg-info/top_level.txt
[3.248s] reading manifest file '../../build/ras_example_pkg_1/ras_example_pkg_1.egg-info/SOURCES.txt'
[3.249s] writing manifest file '../../build/ras_example_pkg_1/ras_example_pkg_1.egg-info/SOURCES.txt'
[3.249s] running build
[3.249s] running build_py
[3.250s] running install
[3.267s] running install_lib
[3.302s] running install_data
[3.302s] running install_egg_info
[3.338s] removing '/home/alex/ras2_ws/install/ras_example_pkg_1/lib/python3.12/site-packages/ras_example_pkg_1-0.0.0-py3.12.egg-info' (and everything under it)
[3.339s] Copying ../../build/ras_example_pkg_1/ras_example_pkg_1.egg-info to /home/alex/ras2_ws/install/ras_example_pkg_1/lib/python3.12/site-packages/ras_example_pkg_1-0.0.0-py3.12.egg-info
[3.340s] running install_scripts
[3.563s] Installing ras_node script to /home/alex/ras2_ws/install/ras_example_pkg_1/lib/ras_example_pkg_1
[3.564s] writing list of installed files to '/home/alex/ras2_ws/build/ras_example_pkg_1/install.log'
[3.652s] Invoked command in '/home/alex/ras2_ws/src/ras_example_pkg_1' returned '0': DEBUGINFOD_URLS=https://debuginfod.ubuntu.com PYTHONPATH=/home/alex/ras2_ws/build/ras_example_pkg_1/prefix_override:/usr/lib/python3/dist-packages/colcon_core/task/python/colcon_distutils_commands:/home/alex/ras2_ws/install/ras_example_pkg_1/lib/python3.12/site-packages:${PYTHONPATH} /usr/bin/python3 -W ignore:setup.py install is deprecated -W ignore:easy_install command is deprecated setup.py egg_info --egg-base ../../build/ras_example_pkg_1 build --build-base /home/alex/ras2_ws/build/ras_example_pkg_1/build install --record /home/alex/ras2_ws/build/ras_example_pkg_1/install.log --single-version-externally-managed install_data
