[0.202s] Invoking command in '/home/alex/ras2_ws/build/ras_example2': CMAKE_PREFIX_PATH=${CMAKE_PREFIX_PATH}:/opt/ros/jazzy DEBUGINFOD_URLS=https://debuginfod.ubuntu.com /usr/bin/cmake --build /home/alex/ras2_ws/build/ras_example2 -- -j16 -l16
[0.401s] Invoked command in '/home/alex/ras2_ws/build/ras_example2' returned '0': CMAKE_PREFIX_PATH=${CMAKE_PREFIX_PATH}:/opt/ros/jazzy DEBUGINFOD_URLS=https://debuginfod.ubuntu.com /usr/bin/cmake --build /home/alex/ras2_ws/build/ras_example2 -- -j16 -l16
[0.402s] Invoking command in '/home/alex/ras2_ws/build/ras_example2': CMAKE_PREFIX_PATH=${CMAKE_PREFIX_PATH}:/opt/ros/jazzy DEBUGINFOD_URLS=https://debuginfod.ubuntu.com /usr/bin/cmake --install /home/alex/ras2_ws/build/ras_example2
[0.411s] -- Install configuration: ""
[0.412s] -- Up-to-date: /home/alex/ras2_ws/install/ras_example2/share/ament_index/resource_index/package_run_dependencies/ras_example2
[0.412s] -- Up-to-date: /home/alex/ras2_ws/install/ras_example2/share/ament_index/resource_index/parent_prefix_path/ras_example2
[0.412s] -- Up-to-date: /home/alex/ras2_ws/install/ras_example2/share/ras_example2/environment/ament_prefix_path.sh
[0.412s] -- Up-to-date: /home/alex/ras2_ws/install/ras_example2/share/ras_example2/environment/ament_prefix_path.dsv
[0.412s] -- Up-to-date: /home/alex/ras2_ws/install/ras_example2/share/ras_example2/environment/path.sh
[0.412s] -- Up-to-date: /home/alex/ras2_ws/install/ras_example2/share/ras_example2/environment/path.dsv
[0.412s] -- Up-to-date: /home/alex/ras2_ws/install/ras_example2/share/ras_example2/local_setup.bash
[0.412s] -- Up-to-date: /home/alex/ras2_ws/install/ras_example2/share/ras_example2/local_setup.sh
[0.412s] -- Up-to-date: /home/alex/ras2_ws/install/ras_example2/share/ras_example2/local_setup.zsh
[0.412s] -- Up-to-date: /home/alex/ras2_ws/install/ras_example2/share/ras_example2/local_setup.dsv
[0.412s] -- Installing: /home/alex/ras2_ws/install/ras_example2/share/ras_example2/package.dsv
[0.412s] -- Up-to-date: /home/alex/ras2_ws/install/ras_example2/share/ament_index/resource_index/packages/ras_example2
[0.412s] -- Up-to-date: /home/alex/ras2_ws/install/ras_example2/share/ras_example2/cmake/ras_example2Config.cmake
[0.412s] -- Up-to-date: /home/alex/ras2_ws/install/ras_example2/share/ras_example2/cmake/ras_example2Config-version.cmake
[0.412s] -- Up-to-date: /home/alex/ras2_ws/install/ras_example2/share/ras_example2/package.xml
[0.426s] Invoked command in '/home/alex/ras2_ws/build/ras_example2' returned '0': CMAKE_PREFIX_PATH=${CMAKE_PREFIX_PATH}:/opt/ros/jazzy DEBUGINFOD_URLS=https://debuginfod.ubuntu.com /usr/bin/cmake --install /home/alex/ras2_ws/build/ras_example2
