[0.187s] DEBUG:colcon:Command line arguments: ['/usr/bin/colcon', 'build']
[0.187s] DEBUG:colcon:Parsed command line arguments: Namespace(log_base=None, log_level=None, verb_name='build', build_base='build', install_base='install', merge_install=False, symlink_install=False, test_result_base=None, continue_on_error=False, executor='parallel', parallel_workers=16, event_handlers=None, ignore_user_meta=False, metas=['./colcon.meta'], base_paths=['.'], packages_ignore=None, packages_ignore_regex=None, paths=None, packages_up_to=None, packages_up_to_regex=None, packages_above=None, packages_above_and_dependencies=None, packages_above_depth=None, packages_select_by_dep=None, packages_skip_by_dep=None, packages_skip_up_to=None, packages_select_build_failed=False, packages_skip_build_finished=False, packages_select_test_failures=False, packages_skip_test_passed=False, packages_select=None, packages_skip=None, packages_select_regex=None, packages_skip_regex=None, packages_start=None, packages_end=None, allow_overriding=[], cmake_args=None, cmake_target=None, cmake_target_skip_unavailable=False, cmake_clean_cache=False, cmake_clean_first=False, cmake_force_configure=False, ament_cmake_args=None, catkin_cmake_args=None, catkin_skip_building_tests=False, mixin_files=None, mixin=None, verb_parser=<colcon_mixin.mixin.mixin_argument.MixinArgumentDecorator object at 0x75c2cef7b770>, verb_extension=<colcon_core.verb.build.BuildVerb object at 0x75c2cef7b440>, main=<bound method BuildVerb.main of <colcon_core.verb.build.BuildVerb object at 0x75c2cef7b440>>, mixin_verb=('build',))
[0.257s] Level 1:colcon.colcon_core.package_discovery:discover_packages(colcon_meta) check parameters
[0.257s] Level 1:colcon.colcon_core.package_discovery:discover_packages(recursive) check parameters
[0.257s] Level 1:colcon.colcon_core.package_discovery:discover_packages(ignore) check parameters
[0.257s] Level 1:colcon.colcon_core.package_discovery:discover_packages(path) check parameters
[0.257s] Level 1:colcon.colcon_core.package_discovery:discover_packages(colcon_meta) discover
[0.257s] Level 1:colcon.colcon_core.package_discovery:discover_packages(recursive) discover
[0.257s] INFO:colcon.colcon_core.package_discovery:Crawling recursively for packages in '/home/alex/ras2_ws'
[0.258s] Level 1:colcon.colcon_core.package_identification:_identify(.) by extensions ['ignore', 'ignore_ament_install']
[0.258s] Level 1:colcon.colcon_core.package_identification:_identify(.) by extension 'ignore'
[0.258s] Level 1:colcon.colcon_core.package_identification:_identify(.) by extension 'ignore_ament_install'
[0.258s] Level 1:colcon.colcon_core.package_identification:_identify(.) by extensions ['colcon_pkg']
[0.258s] Level 1:colcon.colcon_core.package_identification:_identify(.) by extension 'colcon_pkg'
[0.258s] Level 1:colcon.colcon_core.package_identification:_identify(.) by extensions ['colcon_meta']
[0.258s] Level 1:colcon.colcon_core.package_identification:_identify(.) by extension 'colcon_meta'
[0.258s] Level 1:colcon.colcon_core.package_identification:_identify(.) by extensions ['ros']
[0.258s] Level 1:colcon.colcon_core.package_identification:_identify(.) by extension 'ros'
[0.303s] Level 1:colcon.colcon_core.package_identification:_identify(.) by extensions ['cmake', 'python']
[0.303s] Level 1:colcon.colcon_core.package_identification:_identify(.) by extension 'cmake'
[0.303s] Level 1:colcon.colcon_core.package_identification:_identify(.) by extension 'python'
[0.303s] Level 1:colcon.colcon_core.package_identification:_identify(.) by extensions ['python_setup_py']
[0.303s] Level 1:colcon.colcon_core.package_identification:_identify(.) by extension 'python_setup_py'
[0.303s] Level 1:colcon.colcon_core.package_identification:_identify(build) by extensions ['ignore', 'ignore_ament_install']
[0.303s] Level 1:colcon.colcon_core.package_identification:_identify(build) by extension 'ignore'
[0.303s] Level 1:colcon.colcon_core.package_identification:_identify(build) ignored
[0.304s] Level 1:colcon.colcon_core.package_identification:_identify(install) by extensions ['ignore', 'ignore_ament_install']
[0.304s] Level 1:colcon.colcon_core.package_identification:_identify(install) by extension 'ignore'
[0.304s] Level 1:colcon.colcon_core.package_identification:_identify(install) ignored
[0.304s] Level 1:colcon.colcon_core.package_identification:_identify(log) by extensions ['ignore', 'ignore_ament_install']
[0.304s] Level 1:colcon.colcon_core.package_identification:_identify(log) by extension 'ignore'
[0.304s] Level 1:colcon.colcon_core.package_identification:_identify(log) ignored
[0.304s] Level 1:colcon.colcon_core.package_identification:_identify(src) by extensions ['ignore', 'ignore_ament_install']
[0.304s] Level 1:colcon.colcon_core.package_identification:_identify(src) by extension 'ignore'
[0.304s] Level 1:colcon.colcon_core.package_identification:_identify(src) by extension 'ignore_ament_install'
[0.304s] Level 1:colcon.colcon_core.package_identification:_identify(src) by extensions ['colcon_pkg']
[0.305s] Level 1:colcon.colcon_core.package_identification:_identify(src) by extension 'colcon_pkg'
[0.305s] Level 1:colcon.colcon_core.package_identification:_identify(src) by extensions ['colcon_meta']
[0.305s] Level 1:colcon.colcon_core.package_identification:_identify(src) by extension 'colcon_meta'
[0.305s] Level 1:colcon.colcon_core.package_identification:_identify(src) by extensions ['ros']
[0.305s] Level 1:colcon.colcon_core.package_identification:_identify(src) by extension 'ros'
[0.305s] Level 1:colcon.colcon_core.package_identification:_identify(src) by extensions ['cmake', 'python']
[0.305s] Level 1:colcon.colcon_core.package_identification:_identify(src) by extension 'cmake'
[0.305s] Level 1:colcon.colcon_core.package_identification:_identify(src) by extension 'python'
[0.305s] Level 1:colcon.colcon_core.package_identification:_identify(src) by extensions ['python_setup_py']
[0.305s] Level 1:colcon.colcon_core.package_identification:_identify(src) by extension 'python_setup_py'
[0.305s] Level 1:colcon.colcon_core.package_identification:_identify(src/esp32_ros2_driver_tcp) by extensions ['ignore', 'ignore_ament_install']
[0.305s] Level 1:colcon.colcon_core.package_identification:_identify(src/esp32_ros2_driver_tcp) by extension 'ignore'
[0.305s] Level 1:colcon.colcon_core.package_identification:_identify(src/esp32_ros2_driver_tcp) by extension 'ignore_ament_install'
[0.305s] Level 1:colcon.colcon_core.package_identification:_identify(src/esp32_ros2_driver_tcp) by extensions ['colcon_pkg']
[0.306s] Level 1:colcon.colcon_core.package_identification:_identify(src/esp32_ros2_driver_tcp) by extension 'colcon_pkg'
[0.306s] Level 1:colcon.colcon_core.package_identification:_identify(src/esp32_ros2_driver_tcp) by extensions ['colcon_meta']
[0.306s] Level 1:colcon.colcon_core.package_identification:_identify(src/esp32_ros2_driver_tcp) by extension 'colcon_meta'
[0.306s] Level 1:colcon.colcon_core.package_identification:_identify(src/esp32_ros2_driver_tcp) by extensions ['ros']
[0.306s] Level 1:colcon.colcon_core.package_identification:_identify(src/esp32_ros2_driver_tcp) by extension 'ros'
[0.306s] Level 1:colcon.colcon_core.package_identification:_identify(src/esp32_ros2_driver_tcp) by extensions ['cmake', 'python']
[0.306s] Level 1:colcon.colcon_core.package_identification:_identify(src/esp32_ros2_driver_tcp) by extension 'cmake'
[0.306s] Level 1:colcon.colcon_core.package_identification:_identify(src/esp32_ros2_driver_tcp) by extension 'python'
[0.306s] Level 1:colcon.colcon_core.package_identification:_identify(src/esp32_ros2_driver_tcp) by extensions ['python_setup_py']
[0.306s] Level 1:colcon.colcon_core.package_identification:_identify(src/esp32_ros2_driver_tcp) by extension 'python_setup_py'
[0.306s] Level 1:colcon.colcon_core.package_identification:_identify(src/esp32_ros2_driver_tcp/include) by extensions ['ignore', 'ignore_ament_install']
[0.306s] Level 1:colcon.colcon_core.package_identification:_identify(src/esp32_ros2_driver_tcp/include) by extension 'ignore'
[0.306s] Level 1:colcon.colcon_core.package_identification:_identify(src/esp32_ros2_driver_tcp/include) by extension 'ignore_ament_install'
[0.306s] Level 1:colcon.colcon_core.package_identification:_identify(src/esp32_ros2_driver_tcp/include) by extensions ['colcon_pkg']
[0.307s] Level 1:colcon.colcon_core.package_identification:_identify(src/esp32_ros2_driver_tcp/include) by extension 'colcon_pkg'
[0.307s] Level 1:colcon.colcon_core.package_identification:_identify(src/esp32_ros2_driver_tcp/include) by extensions ['colcon_meta']
[0.307s] Level 1:colcon.colcon_core.package_identification:_identify(src/esp32_ros2_driver_tcp/include) by extension 'colcon_meta'
[0.307s] Level 1:colcon.colcon_core.package_identification:_identify(src/esp32_ros2_driver_tcp/include) by extensions ['ros']
[0.307s] Level 1:colcon.colcon_core.package_identification:_identify(src/esp32_ros2_driver_tcp/include) by extension 'ros'
[0.307s] Level 1:colcon.colcon_core.package_identification:_identify(src/esp32_ros2_driver_tcp/include) by extensions ['cmake', 'python']
[0.307s] Level 1:colcon.colcon_core.package_identification:_identify(src/esp32_ros2_driver_tcp/include) by extension 'cmake'
[0.307s] Level 1:colcon.colcon_core.package_identification:_identify(src/esp32_ros2_driver_tcp/include) by extension 'python'
[0.307s] Level 1:colcon.colcon_core.package_identification:_identify(src/esp32_ros2_driver_tcp/include) by extensions ['python_setup_py']
[0.307s] Level 1:colcon.colcon_core.package_identification:_identify(src/esp32_ros2_driver_tcp/include) by extension 'python_setup_py'
[0.307s] Level 1:colcon.colcon_core.package_identification:_identify(src/esp32_ros2_driver_tcp/lib) by extensions ['ignore', 'ignore_ament_install']
[0.307s] Level 1:colcon.colcon_core.package_identification:_identify(src/esp32_ros2_driver_tcp/lib) by extension 'ignore'
[0.307s] Level 1:colcon.colcon_core.package_identification:_identify(src/esp32_ros2_driver_tcp/lib) by extension 'ignore_ament_install'
[0.307s] Level 1:colcon.colcon_core.package_identification:_identify(src/esp32_ros2_driver_tcp/lib) by extensions ['colcon_pkg']
[0.308s] Level 1:colcon.colcon_core.package_identification:_identify(src/esp32_ros2_driver_tcp/lib) by extension 'colcon_pkg'
[0.308s] Level 1:colcon.colcon_core.package_identification:_identify(src/esp32_ros2_driver_tcp/lib) by extensions ['colcon_meta']
[0.308s] Level 1:colcon.colcon_core.package_identification:_identify(src/esp32_ros2_driver_tcp/lib) by extension 'colcon_meta'
[0.308s] Level 1:colcon.colcon_core.package_identification:_identify(src/esp32_ros2_driver_tcp/lib) by extensions ['ros']
[0.308s] Level 1:colcon.colcon_core.package_identification:_identify(src/esp32_ros2_driver_tcp/lib) by extension 'ros'
[0.308s] Level 1:colcon.colcon_core.package_identification:_identify(src/esp32_ros2_driver_tcp/lib) by extensions ['cmake', 'python']
[0.308s] Level 1:colcon.colcon_core.package_identification:_identify(src/esp32_ros2_driver_tcp/lib) by extension 'cmake'
[0.308s] Level 1:colcon.colcon_core.package_identification:_identify(src/esp32_ros2_driver_tcp/lib) by extension 'python'
[0.308s] Level 1:colcon.colcon_core.package_identification:_identify(src/esp32_ros2_driver_tcp/lib) by extensions ['python_setup_py']
[0.308s] Level 1:colcon.colcon_core.package_identification:_identify(src/esp32_ros2_driver_tcp/lib) by extension 'python_setup_py'
[0.308s] Level 1:colcon.colcon_core.package_identification:_identify(src/esp32_ros2_driver_tcp/src) by extensions ['ignore', 'ignore_ament_install']
[0.308s] Level 1:colcon.colcon_core.package_identification:_identify(src/esp32_ros2_driver_tcp/src) by extension 'ignore'
[0.308s] Level 1:colcon.colcon_core.package_identification:_identify(src/esp32_ros2_driver_tcp/src) by extension 'ignore_ament_install'
[0.308s] Level 1:colcon.colcon_core.package_identification:_identify(src/esp32_ros2_driver_tcp/src) by extensions ['colcon_pkg']
[0.308s] Level 1:colcon.colcon_core.package_identification:_identify(src/esp32_ros2_driver_tcp/src) by extension 'colcon_pkg'
[0.309s] Level 1:colcon.colcon_core.package_identification:_identify(src/esp32_ros2_driver_tcp/src) by extensions ['colcon_meta']
[0.309s] Level 1:colcon.colcon_core.package_identification:_identify(src/esp32_ros2_driver_tcp/src) by extension 'colcon_meta'
[0.309s] Level 1:colcon.colcon_core.package_identification:_identify(src/esp32_ros2_driver_tcp/src) by extensions ['ros']
[0.309s] Level 1:colcon.colcon_core.package_identification:_identify(src/esp32_ros2_driver_tcp/src) by extension 'ros'
[0.309s] Level 1:colcon.colcon_core.package_identification:_identify(src/esp32_ros2_driver_tcp/src) by extensions ['cmake', 'python']
[0.309s] Level 1:colcon.colcon_core.package_identification:_identify(src/esp32_ros2_driver_tcp/src) by extension 'cmake'
[0.309s] Level 1:colcon.colcon_core.package_identification:_identify(src/esp32_ros2_driver_tcp/src) by extension 'python'
[0.309s] Level 1:colcon.colcon_core.package_identification:_identify(src/esp32_ros2_driver_tcp/src) by extensions ['python_setup_py']
[0.309s] Level 1:colcon.colcon_core.package_identification:_identify(src/esp32_ros2_driver_tcp/src) by extension 'python_setup_py'
[0.309s] Level 1:colcon.colcon_core.package_identification:_identify(src/esp32_ros2_driver_tcp/test) by extensions ['ignore', 'ignore_ament_install']
[0.309s] Level 1:colcon.colcon_core.package_identification:_identify(src/esp32_ros2_driver_tcp/test) by extension 'ignore'
[0.309s] Level 1:colcon.colcon_core.package_identification:_identify(src/esp32_ros2_driver_tcp/test) by extension 'ignore_ament_install'
[0.309s] Level 1:colcon.colcon_core.package_identification:_identify(src/esp32_ros2_driver_tcp/test) by extensions ['colcon_pkg']
[0.309s] Level 1:colcon.colcon_core.package_identification:_identify(src/esp32_ros2_driver_tcp/test) by extension 'colcon_pkg'
[0.309s] Level 1:colcon.colcon_core.package_identification:_identify(src/esp32_ros2_driver_tcp/test) by extensions ['colcon_meta']
[0.310s] Level 1:colcon.colcon_core.package_identification:_identify(src/esp32_ros2_driver_tcp/test) by extension 'colcon_meta'
[0.310s] Level 1:colcon.colcon_core.package_identification:_identify(src/esp32_ros2_driver_tcp/test) by extensions ['ros']
[0.310s] Level 1:colcon.colcon_core.package_identification:_identify(src/esp32_ros2_driver_tcp/test) by extension 'ros'
[0.310s] Level 1:colcon.colcon_core.package_identification:_identify(src/esp32_ros2_driver_tcp/test) by extensions ['cmake', 'python']
[0.310s] Level 1:colcon.colcon_core.package_identification:_identify(src/esp32_ros2_driver_tcp/test) by extension 'cmake'
[0.310s] Level 1:colcon.colcon_core.package_identification:_identify(src/esp32_ros2_driver_tcp/test) by extension 'python'
[0.310s] Level 1:colcon.colcon_core.package_identification:_identify(src/esp32_ros2_driver_tcp/test) by extensions ['python_setup_py']
[0.310s] Level 1:colcon.colcon_core.package_identification:_identify(src/esp32_ros2_driver_tcp/test) by extension 'python_setup_py'
[0.310s] Level 1:colcon.colcon_core.package_identification:_identify(src/mobile_robot) by extensions ['ignore', 'ignore_ament_install']
[0.310s] Level 1:colcon.colcon_core.package_identification:_identify(src/mobile_robot) by extension 'ignore'
[0.310s] Level 1:colcon.colcon_core.package_identification:_identify(src/mobile_robot) by extension 'ignore_ament_install'
[0.310s] Level 1:colcon.colcon_core.package_identification:_identify(src/mobile_robot) by extensions ['colcon_pkg']
[0.310s] Level 1:colcon.colcon_core.package_identification:_identify(src/mobile_robot) by extension 'colcon_pkg'
[0.310s] Level 1:colcon.colcon_core.package_identification:_identify(src/mobile_robot) by extensions ['colcon_meta']
[0.310s] Level 1:colcon.colcon_core.package_identification:_identify(src/mobile_robot) by extension 'colcon_meta'
[0.311s] Level 1:colcon.colcon_core.package_identification:_identify(src/mobile_robot) by extensions ['ros']
[0.311s] Level 1:colcon.colcon_core.package_identification:_identify(src/mobile_robot) by extension 'ros'
[0.315s] DEBUG:colcon.colcon_core.package_identification:Package 'src/mobile_robot' with type 'ros.ament_python' and name 'mobile_robot'
[0.315s] Level 1:colcon.colcon_core.package_identification:_identify(src/ras2_services) by extensions ['ignore', 'ignore_ament_install']
[0.315s] Level 1:colcon.colcon_core.package_identification:_identify(src/ras2_services) by extension 'ignore'
[0.315s] Level 1:colcon.colcon_core.package_identification:_identify(src/ras2_services) by extension 'ignore_ament_install'
[0.315s] Level 1:colcon.colcon_core.package_identification:_identify(src/ras2_services) by extensions ['colcon_pkg']
[0.315s] Level 1:colcon.colcon_core.package_identification:_identify(src/ras2_services) by extension 'colcon_pkg'
[0.315s] Level 1:colcon.colcon_core.package_identification:_identify(src/ras2_services) by extensions ['colcon_meta']
[0.315s] Level 1:colcon.colcon_core.package_identification:_identify(src/ras2_services) by extension 'colcon_meta'
[0.315s] Level 1:colcon.colcon_core.package_identification:_identify(src/ras2_services) by extensions ['ros']
[0.315s] Level 1:colcon.colcon_core.package_identification:_identify(src/ras2_services) by extension 'ros'
[0.316s] DEBUG:colcon.colcon_core.package_identification:Package 'src/ras2_services' with type 'ros.ament_python' and name 'ras2_services'
[0.316s] Level 1:colcon.colcon_core.package_identification:_identify(src/ras2_topics) by extensions ['ignore', 'ignore_ament_install']
[0.317s] Level 1:colcon.colcon_core.package_identification:_identify(src/ras2_topics) by extension 'ignore'
[0.317s] Level 1:colcon.colcon_core.package_identification:_identify(src/ras2_topics) by extension 'ignore_ament_install'
[0.317s] Level 1:colcon.colcon_core.package_identification:_identify(src/ras2_topics) by extensions ['colcon_pkg']
[0.317s] Level 1:colcon.colcon_core.package_identification:_identify(src/ras2_topics) by extension 'colcon_pkg'
[0.317s] Level 1:colcon.colcon_core.package_identification:_identify(src/ras2_topics) by extensions ['colcon_meta']
[0.317s] Level 1:colcon.colcon_core.package_identification:_identify(src/ras2_topics) by extension 'colcon_meta'
[0.317s] Level 1:colcon.colcon_core.package_identification:_identify(src/ras2_topics) by extensions ['ros']
[0.317s] Level 1:colcon.colcon_core.package_identification:_identify(src/ras2_topics) by extension 'ros'
[0.318s] DEBUG:colcon.colcon_core.package_identification:Package 'src/ras2_topics' with type 'ros.ament_python' and name 'ras2_topics'
[0.318s] Level 1:colcon.colcon_core.package_identification:_identify(src/ras_example) by extensions ['ignore', 'ignore_ament_install']
[0.318s] Level 1:colcon.colcon_core.package_identification:_identify(src/ras_example) by extension 'ignore'
[0.318s] Level 1:colcon.colcon_core.package_identification:_identify(src/ras_example) by extension 'ignore_ament_install'
[0.318s] Level 1:colcon.colcon_core.package_identification:_identify(src/ras_example) by extensions ['colcon_pkg']
[0.318s] Level 1:colcon.colcon_core.package_identification:_identify(src/ras_example) by extension 'colcon_pkg'
[0.318s] Level 1:colcon.colcon_core.package_identification:_identify(src/ras_example) by extensions ['colcon_meta']
[0.318s] Level 1:colcon.colcon_core.package_identification:_identify(src/ras_example) by extension 'colcon_meta'
[0.318s] Level 1:colcon.colcon_core.package_identification:_identify(src/ras_example) by extensions ['ros']
[0.318s] Level 1:colcon.colcon_core.package_identification:_identify(src/ras_example) by extension 'ros'
[0.319s] DEBUG:colcon.colcon_core.package_identification:Package 'src/ras_example' with type 'ros.ament_cmake' and name 'ras_example'
[0.319s] Level 1:colcon.colcon_core.package_identification:_identify(src/ras_example2) by extensions ['ignore', 'ignore_ament_install']
[0.319s] Level 1:colcon.colcon_core.package_identification:_identify(src/ras_example2) by extension 'ignore'
[0.319s] Level 1:colcon.colcon_core.package_identification:_identify(src/ras_example2) by extension 'ignore_ament_install'
[0.319s] Level 1:colcon.colcon_core.package_identification:_identify(src/ras_example2) by extensions ['colcon_pkg']
[0.319s] Level 1:colcon.colcon_core.package_identification:_identify(src/ras_example2) by extension 'colcon_pkg'
[0.320s] Level 1:colcon.colcon_core.package_identification:_identify(src/ras_example2) by extensions ['colcon_meta']
[0.320s] Level 1:colcon.colcon_core.package_identification:_identify(src/ras_example2) by extension 'colcon_meta'
[0.320s] Level 1:colcon.colcon_core.package_identification:_identify(src/ras_example2) by extensions ['ros']
[0.320s] Level 1:colcon.colcon_core.package_identification:_identify(src/ras_example2) by extension 'ros'
[0.321s] DEBUG:colcon.colcon_core.package_identification:Package 'src/ras_example2' with type 'ros.ament_cmake' and name 'ras_example2'
[0.321s] Level 1:colcon.colcon_core.package_identification:_identify(src/ras_example_pkg_1) by extensions ['ignore', 'ignore_ament_install']
[0.321s] Level 1:colcon.colcon_core.package_identification:_identify(src/ras_example_pkg_1) by extension 'ignore'
[0.321s] Level 1:colcon.colcon_core.package_identification:_identify(src/ras_example_pkg_1) by extension 'ignore_ament_install'
[0.321s] Level 1:colcon.colcon_core.package_identification:_identify(src/ras_example_pkg_1) by extensions ['colcon_pkg']
[0.321s] Level 1:colcon.colcon_core.package_identification:_identify(src/ras_example_pkg_1) by extension 'colcon_pkg'
[0.321s] Level 1:colcon.colcon_core.package_identification:_identify(src/ras_example_pkg_1) by extensions ['colcon_meta']
[0.321s] Level 1:colcon.colcon_core.package_identification:_identify(src/ras_example_pkg_1) by extension 'colcon_meta'
[0.321s] Level 1:colcon.colcon_core.package_identification:_identify(src/ras_example_pkg_1) by extensions ['ros']
[0.321s] Level 1:colcon.colcon_core.package_identification:_identify(src/ras_example_pkg_1) by extension 'ros'
[0.322s] DEBUG:colcon.colcon_core.package_identification:Package 'src/ras_example_pkg_1' with type 'ros.ament_python' and name 'ras_example_pkg_1'
[0.322s] Level 1:colcon.colcon_core.package_identification:_identify(src/ras_example_pkg_2) by extensions ['ignore', 'ignore_ament_install']
[0.322s] Level 1:colcon.colcon_core.package_identification:_identify(src/ras_example_pkg_2) by extension 'ignore'
[0.322s] Level 1:colcon.colcon_core.package_identification:_identify(src/ras_example_pkg_2) by extension 'ignore_ament_install'
[0.322s] Level 1:colcon.colcon_core.package_identification:_identify(src/ras_example_pkg_2) by extensions ['colcon_pkg']
[0.322s] Level 1:colcon.colcon_core.package_identification:_identify(src/ras_example_pkg_2) by extension 'colcon_pkg'
[0.322s] Level 1:colcon.colcon_core.package_identification:_identify(src/ras_example_pkg_2) by extensions ['colcon_meta']
[0.322s] Level 1:colcon.colcon_core.package_identification:_identify(src/ras_example_pkg_2) by extension 'colcon_meta'
[0.322s] Level 1:colcon.colcon_core.package_identification:_identify(src/ras_example_pkg_2) by extensions ['ros']
[0.322s] Level 1:colcon.colcon_core.package_identification:_identify(src/ras_example_pkg_2) by extension 'ros'
[0.323s] DEBUG:colcon.colcon_core.package_identification:Package 'src/ras_example_pkg_2' with type 'ros.ament_cmake' and name 'ras_example_pkg_2'
[0.323s] Level 1:colcon.colcon_core.package_discovery:discover_packages(recursive) using defaults
[0.323s] Level 1:colcon.colcon_core.package_discovery:discover_packages(ignore) discover
[0.323s] Level 1:colcon.colcon_core.package_discovery:discover_packages(ignore) using defaults
[0.323s] Level 1:colcon.colcon_core.package_discovery:discover_packages(path) discover
[0.323s] Level 1:colcon.colcon_core.package_discovery:discover_packages(path) using defaults
[0.354s] Level 1:colcon.colcon_core.package_discovery:discover_packages(prefix_path) check parameters
[0.354s] Level 1:colcon.colcon_core.package_discovery:discover_packages(prefix_path) discover
[0.357s] DEBUG:colcon.colcon_installed_package_information.package_discovery:Found 7 installed packages in /home/alex/ras2_ws/install
[0.360s] DEBUG:colcon.colcon_installed_package_information.package_discovery:Found 285 installed packages in /opt/ros/jazzy
[0.363s] Level 1:colcon.colcon_core.package_discovery:discover_packages(prefix_path) using defaults
[0.434s] Level 5:colcon.colcon_core.verb:set package 'mobile_robot' build argument 'cmake_args' from command line to 'None'
[0.435s] Level 5:colcon.colcon_core.verb:set package 'mobile_robot' build argument 'cmake_target' from command line to 'None'
[0.435s] Level 5:colcon.colcon_core.verb:set package 'mobile_robot' build argument 'cmake_target_skip_unavailable' from command line to 'False'
[0.435s] Level 5:colcon.colcon_core.verb:set package 'mobile_robot' build argument 'cmake_clean_cache' from command line to 'False'
[0.435s] Level 5:colcon.colcon_core.verb:set package 'mobile_robot' build argument 'cmake_clean_first' from command line to 'False'
[0.435s] Level 5:colcon.colcon_core.verb:set package 'mobile_robot' build argument 'cmake_force_configure' from command line to 'False'
[0.435s] Level 5:colcon.colcon_core.verb:set package 'mobile_robot' build argument 'ament_cmake_args' from command line to 'None'
[0.435s] Level 5:colcon.colcon_core.verb:set package 'mobile_robot' build argument 'catkin_cmake_args' from command line to 'None'
[0.435s] Level 5:colcon.colcon_core.verb:set package 'mobile_robot' build argument 'catkin_skip_building_tests' from command line to 'False'
[0.435s] DEBUG:colcon.colcon_core.verb:Building package 'mobile_robot' with the following arguments: {'ament_cmake_args': None, 'build_base': '/home/alex/ras2_ws/build/mobile_robot', 'catkin_cmake_args': None, 'catkin_skip_building_tests': False, 'cmake_args': None, 'cmake_clean_cache': False, 'cmake_clean_first': False, 'cmake_force_configure': False, 'cmake_target': None, 'cmake_target_skip_unavailable': False, 'install_base': '/home/alex/ras2_ws/install/mobile_robot', 'merge_install': False, 'path': '/home/alex/ras2_ws/src/mobile_robot', 'symlink_install': False, 'test_result_base': None}
[0.435s] Level 5:colcon.colcon_core.verb:set package 'ras2_services' build argument 'cmake_args' from command line to 'None'
[0.435s] Level 5:colcon.colcon_core.verb:set package 'ras2_services' build argument 'cmake_target' from command line to 'None'
[0.435s] Level 5:colcon.colcon_core.verb:set package 'ras2_services' build argument 'cmake_target_skip_unavailable' from command line to 'False'
[0.435s] Level 5:colcon.colcon_core.verb:set package 'ras2_services' build argument 'cmake_clean_cache' from command line to 'False'
[0.435s] Level 5:colcon.colcon_core.verb:set package 'ras2_services' build argument 'cmake_clean_first' from command line to 'False'
[0.436s] Level 5:colcon.colcon_core.verb:set package 'ras2_services' build argument 'cmake_force_configure' from command line to 'False'
[0.436s] Level 5:colcon.colcon_core.verb:set package 'ras2_services' build argument 'ament_cmake_args' from command line to 'None'
[0.436s] Level 5:colcon.colcon_core.verb:set package 'ras2_services' build argument 'catkin_cmake_args' from command line to 'None'
[0.436s] Level 5:colcon.colcon_core.verb:set package 'ras2_services' build argument 'catkin_skip_building_tests' from command line to 'False'
[0.436s] DEBUG:colcon.colcon_core.verb:Building package 'ras2_services' with the following arguments: {'ament_cmake_args': None, 'build_base': '/home/alex/ras2_ws/build/ras2_services', 'catkin_cmake_args': None, 'catkin_skip_building_tests': False, 'cmake_args': None, 'cmake_clean_cache': False, 'cmake_clean_first': False, 'cmake_force_configure': False, 'cmake_target': None, 'cmake_target_skip_unavailable': False, 'install_base': '/home/alex/ras2_ws/install/ras2_services', 'merge_install': False, 'path': '/home/alex/ras2_ws/src/ras2_services', 'symlink_install': False, 'test_result_base': None}
[0.436s] Level 5:colcon.colcon_core.verb:set package 'ras2_topics' build argument 'cmake_args' from command line to 'None'
[0.436s] Level 5:colcon.colcon_core.verb:set package 'ras2_topics' build argument 'cmake_target' from command line to 'None'
[0.436s] Level 5:colcon.colcon_core.verb:set package 'ras2_topics' build argument 'cmake_target_skip_unavailable' from command line to 'False'
[0.436s] Level 5:colcon.colcon_core.verb:set package 'ras2_topics' build argument 'cmake_clean_cache' from command line to 'False'
[0.436s] Level 5:colcon.colcon_core.verb:set package 'ras2_topics' build argument 'cmake_clean_first' from command line to 'False'
[0.436s] Level 5:colcon.colcon_core.verb:set package 'ras2_topics' build argument 'cmake_force_configure' from command line to 'False'
[0.436s] Level 5:colcon.colcon_core.verb:set package 'ras2_topics' build argument 'ament_cmake_args' from command line to 'None'
[0.436s] Level 5:colcon.colcon_core.verb:set package 'ras2_topics' build argument 'catkin_cmake_args' from command line to 'None'
[0.436s] Level 5:colcon.colcon_core.verb:set package 'ras2_topics' build argument 'catkin_skip_building_tests' from command line to 'False'
[0.436s] DEBUG:colcon.colcon_core.verb:Building package 'ras2_topics' with the following arguments: {'ament_cmake_args': None, 'build_base': '/home/alex/ras2_ws/build/ras2_topics', 'catkin_cmake_args': None, 'catkin_skip_building_tests': False, 'cmake_args': None, 'cmake_clean_cache': False, 'cmake_clean_first': False, 'cmake_force_configure': False, 'cmake_target': None, 'cmake_target_skip_unavailable': False, 'install_base': '/home/alex/ras2_ws/install/ras2_topics', 'merge_install': False, 'path': '/home/alex/ras2_ws/src/ras2_topics', 'symlink_install': False, 'test_result_base': None}
[0.437s] Level 5:colcon.colcon_core.verb:set package 'ras_example' build argument 'cmake_args' from command line to 'None'
[0.437s] Level 5:colcon.colcon_core.verb:set package 'ras_example' build argument 'cmake_target' from command line to 'None'
[0.437s] Level 5:colcon.colcon_core.verb:set package 'ras_example' build argument 'cmake_target_skip_unavailable' from command line to 'False'
[0.437s] Level 5:colcon.colcon_core.verb:set package 'ras_example' build argument 'cmake_clean_cache' from command line to 'False'
[0.437s] Level 5:colcon.colcon_core.verb:set package 'ras_example' build argument 'cmake_clean_first' from command line to 'False'
[0.437s] Level 5:colcon.colcon_core.verb:set package 'ras_example' build argument 'cmake_force_configure' from command line to 'False'
[0.437s] Level 5:colcon.colcon_core.verb:set package 'ras_example' build argument 'ament_cmake_args' from command line to 'None'
[0.437s] Level 5:colcon.colcon_core.verb:set package 'ras_example' build argument 'catkin_cmake_args' from command line to 'None'
[0.437s] Level 5:colcon.colcon_core.verb:set package 'ras_example' build argument 'catkin_skip_building_tests' from command line to 'False'
[0.437s] DEBUG:colcon.colcon_core.verb:Building package 'ras_example' with the following arguments: {'ament_cmake_args': None, 'build_base': '/home/alex/ras2_ws/build/ras_example', 'catkin_cmake_args': None, 'catkin_skip_building_tests': False, 'cmake_args': None, 'cmake_clean_cache': False, 'cmake_clean_first': False, 'cmake_force_configure': False, 'cmake_target': None, 'cmake_target_skip_unavailable': False, 'install_base': '/home/alex/ras2_ws/install/ras_example', 'merge_install': False, 'path': '/home/alex/ras2_ws/src/ras_example', 'symlink_install': False, 'test_result_base': None}
[0.437s] Level 5:colcon.colcon_core.verb:set package 'ras_example2' build argument 'cmake_args' from command line to 'None'
[0.437s] Level 5:colcon.colcon_core.verb:set package 'ras_example2' build argument 'cmake_target' from command line to 'None'
[0.437s] Level 5:colcon.colcon_core.verb:set package 'ras_example2' build argument 'cmake_target_skip_unavailable' from command line to 'False'
[0.437s] Level 5:colcon.colcon_core.verb:set package 'ras_example2' build argument 'cmake_clean_cache' from command line to 'False'
[0.437s] Level 5:colcon.colcon_core.verb:set package 'ras_example2' build argument 'cmake_clean_first' from command line to 'False'
[0.437s] Level 5:colcon.colcon_core.verb:set package 'ras_example2' build argument 'cmake_force_configure' from command line to 'False'
[0.437s] Level 5:colcon.colcon_core.verb:set package 'ras_example2' build argument 'ament_cmake_args' from command line to 'None'
[0.438s] Level 5:colcon.colcon_core.verb:set package 'ras_example2' build argument 'catkin_cmake_args' from command line to 'None'
[0.438s] Level 5:colcon.colcon_core.verb:set package 'ras_example2' build argument 'catkin_skip_building_tests' from command line to 'False'
[0.438s] DEBUG:colcon.colcon_core.verb:Building package 'ras_example2' with the following arguments: {'ament_cmake_args': None, 'build_base': '/home/alex/ras2_ws/build/ras_example2', 'catkin_cmake_args': None, 'catkin_skip_building_tests': False, 'cmake_args': None, 'cmake_clean_cache': False, 'cmake_clean_first': False, 'cmake_force_configure': False, 'cmake_target': None, 'cmake_target_skip_unavailable': False, 'install_base': '/home/alex/ras2_ws/install/ras_example2', 'merge_install': False, 'path': '/home/alex/ras2_ws/src/ras_example2', 'symlink_install': False, 'test_result_base': None}
[0.438s] Level 5:colcon.colcon_core.verb:set package 'ras_example_pkg_1' build argument 'cmake_args' from command line to 'None'
[0.438s] Level 5:colcon.colcon_core.verb:set package 'ras_example_pkg_1' build argument 'cmake_target' from command line to 'None'
[0.438s] Level 5:colcon.colcon_core.verb:set package 'ras_example_pkg_1' build argument 'cmake_target_skip_unavailable' from command line to 'False'
[0.438s] Level 5:colcon.colcon_core.verb:set package 'ras_example_pkg_1' build argument 'cmake_clean_cache' from command line to 'False'
[0.438s] Level 5:colcon.colcon_core.verb:set package 'ras_example_pkg_1' build argument 'cmake_clean_first' from command line to 'False'
[0.438s] Level 5:colcon.colcon_core.verb:set package 'ras_example_pkg_1' build argument 'cmake_force_configure' from command line to 'False'
[0.438s] Level 5:colcon.colcon_core.verb:set package 'ras_example_pkg_1' build argument 'ament_cmake_args' from command line to 'None'
[0.438s] Level 5:colcon.colcon_core.verb:set package 'ras_example_pkg_1' build argument 'catkin_cmake_args' from command line to 'None'
[0.438s] Level 5:colcon.colcon_core.verb:set package 'ras_example_pkg_1' build argument 'catkin_skip_building_tests' from command line to 'False'
[0.438s] DEBUG:colcon.colcon_core.verb:Building package 'ras_example_pkg_1' with the following arguments: {'ament_cmake_args': None, 'build_base': '/home/alex/ras2_ws/build/ras_example_pkg_1', 'catkin_cmake_args': None, 'catkin_skip_building_tests': False, 'cmake_args': None, 'cmake_clean_cache': False, 'cmake_clean_first': False, 'cmake_force_configure': False, 'cmake_target': None, 'cmake_target_skip_unavailable': False, 'install_base': '/home/alex/ras2_ws/install/ras_example_pkg_1', 'merge_install': False, 'path': '/home/alex/ras2_ws/src/ras_example_pkg_1', 'symlink_install': False, 'test_result_base': None}
[0.439s] Level 5:colcon.colcon_core.verb:set package 'ras_example_pkg_2' build argument 'cmake_args' from command line to 'None'
[0.439s] Level 5:colcon.colcon_core.verb:set package 'ras_example_pkg_2' build argument 'cmake_target' from command line to 'None'
[0.439s] Level 5:colcon.colcon_core.verb:set package 'ras_example_pkg_2' build argument 'cmake_target_skip_unavailable' from command line to 'False'
[0.439s] Level 5:colcon.colcon_core.verb:set package 'ras_example_pkg_2' build argument 'cmake_clean_cache' from command line to 'False'
[0.439s] Level 5:colcon.colcon_core.verb:set package 'ras_example_pkg_2' build argument 'cmake_clean_first' from command line to 'False'
[0.439s] Level 5:colcon.colcon_core.verb:set package 'ras_example_pkg_2' build argument 'cmake_force_configure' from command line to 'False'
[0.439s] Level 5:colcon.colcon_core.verb:set package 'ras_example_pkg_2' build argument 'ament_cmake_args' from command line to 'None'
[0.439s] Level 5:colcon.colcon_core.verb:set package 'ras_example_pkg_2' build argument 'catkin_cmake_args' from command line to 'None'
[0.439s] Level 5:colcon.colcon_core.verb:set package 'ras_example_pkg_2' build argument 'catkin_skip_building_tests' from command line to 'False'
[0.439s] DEBUG:colcon.colcon_core.verb:Building package 'ras_example_pkg_2' with the following arguments: {'ament_cmake_args': None, 'build_base': '/home/alex/ras2_ws/build/ras_example_pkg_2', 'catkin_cmake_args': None, 'catkin_skip_building_tests': False, 'cmake_args': None, 'cmake_clean_cache': False, 'cmake_clean_first': False, 'cmake_force_configure': False, 'cmake_target': None, 'cmake_target_skip_unavailable': False, 'install_base': '/home/alex/ras2_ws/install/ras_example_pkg_2', 'merge_install': False, 'path': '/home/alex/ras2_ws/src/ras_example_pkg_2', 'symlink_install': False, 'test_result_base': None}
[0.439s] INFO:colcon.colcon_core.executor:Executing jobs using 'parallel' executor
[0.441s] DEBUG:colcon.colcon_parallel_executor.executor.parallel:run_until_complete
[0.441s] INFO:colcon.colcon_ros.task.ament_python.build:Building ROS package in '/home/alex/ras2_ws/src/mobile_robot' with build type 'ament_python'
[0.441s] Level 1:colcon.colcon_core.shell:create_environment_hook('mobile_robot', 'ament_prefix_path')
[0.445s] INFO:colcon.colcon_core.plugin_system:Skipping extension 'colcon_core.shell.bat': Not used on non-Windows systems
[0.445s] INFO:colcon.colcon_core.shell:Creating environment hook '/home/alex/ras2_ws/install/mobile_robot/share/mobile_robot/hook/ament_prefix_path.ps1'
[0.446s] INFO:colcon.colcon_core.shell:Creating environment descriptor '/home/alex/ras2_ws/install/mobile_robot/share/mobile_robot/hook/ament_prefix_path.dsv'
[0.447s] INFO:colcon.colcon_core.shell:Creating environment hook '/home/alex/ras2_ws/install/mobile_robot/share/mobile_robot/hook/ament_prefix_path.sh'
[0.448s] INFO:colcon.colcon_core.shell:Skip shell extension 'powershell' for command environment: Not usable outside of PowerShell
[0.448s] DEBUG:colcon.colcon_core.shell:Skip shell extension 'dsv' for command environment
[0.454s] INFO:colcon.colcon_ros.task.ament_python.build:Building ROS package in '/home/alex/ras2_ws/src/ras2_services' with build type 'ament_python'
[0.455s] Level 1:colcon.colcon_core.shell:create_environment_hook('ras2_services', 'ament_prefix_path')
[0.455s] INFO:colcon.colcon_core.shell:Creating environment hook '/home/alex/ras2_ws/install/ras2_services/share/ras2_services/hook/ament_prefix_path.ps1'
[0.457s] INFO:colcon.colcon_core.shell:Creating environment descriptor '/home/alex/ras2_ws/install/ras2_services/share/ras2_services/hook/ament_prefix_path.dsv'
[0.457s] INFO:colcon.colcon_core.shell:Creating environment hook '/home/alex/ras2_ws/install/ras2_services/share/ras2_services/hook/ament_prefix_path.sh'
[0.458s] INFO:colcon.colcon_core.shell:Skip shell extension 'powershell' for command environment: Not usable outside of PowerShell
[0.458s] DEBUG:colcon.colcon_core.shell:Skip shell extension 'dsv' for command environment
[0.464s] INFO:colcon.colcon_ros.task.ament_python.build:Building ROS package in '/home/alex/ras2_ws/src/ras2_topics' with build type 'ament_python'
[0.465s] Level 1:colcon.colcon_core.shell:create_environment_hook('ras2_topics', 'ament_prefix_path')
[0.465s] INFO:colcon.colcon_core.shell:Creating environment hook '/home/alex/ras2_ws/install/ras2_topics/share/ras2_topics/hook/ament_prefix_path.ps1'
[0.466s] INFO:colcon.colcon_core.shell:Creating environment descriptor '/home/alex/ras2_ws/install/ras2_topics/share/ras2_topics/hook/ament_prefix_path.dsv'
[0.467s] INFO:colcon.colcon_core.shell:Creating environment hook '/home/alex/ras2_ws/install/ras2_topics/share/ras2_topics/hook/ament_prefix_path.sh'
[0.468s] INFO:colcon.colcon_core.shell:Skip shell extension 'powershell' for command environment: Not usable outside of PowerShell
[0.468s] DEBUG:colcon.colcon_core.shell:Skip shell extension 'dsv' for command environment
[0.475s] INFO:colcon.colcon_ros.task.ament_cmake.build:Building ROS package in '/home/alex/ras2_ws/src/ras_example' with build type 'ament_cmake'
[0.475s] INFO:colcon.colcon_cmake.task.cmake.build:Building CMake package in '/home/alex/ras2_ws/src/ras_example'
[0.475s] INFO:colcon.colcon_core.shell:Skip shell extension 'powershell' for command environment: Not usable outside of PowerShell
[0.475s] DEBUG:colcon.colcon_core.shell:Skip shell extension 'dsv' for command environment
[0.482s] INFO:colcon.colcon_ros.task.ament_cmake.build:Building ROS package in '/home/alex/ras2_ws/src/ras_example2' with build type 'ament_cmake'
[0.482s] INFO:colcon.colcon_cmake.task.cmake.build:Building CMake package in '/home/alex/ras2_ws/src/ras_example2'
[0.482s] INFO:colcon.colcon_core.shell:Skip shell extension 'powershell' for command environment: Not usable outside of PowerShell
[0.482s] DEBUG:colcon.colcon_core.shell:Skip shell extension 'dsv' for command environment
[0.489s] INFO:colcon.colcon_ros.task.ament_python.build:Building ROS package in '/home/alex/ras2_ws/src/ras_example_pkg_1' with build type 'ament_python'
[0.489s] Level 1:colcon.colcon_core.shell:create_environment_hook('ras_example_pkg_1', 'ament_prefix_path')
[0.490s] INFO:colcon.colcon_core.shell:Creating environment hook '/home/alex/ras2_ws/install/ras_example_pkg_1/share/ras_example_pkg_1/hook/ament_prefix_path.ps1'
[0.491s] INFO:colcon.colcon_core.shell:Creating environment descriptor '/home/alex/ras2_ws/install/ras_example_pkg_1/share/ras_example_pkg_1/hook/ament_prefix_path.dsv'
[0.492s] INFO:colcon.colcon_core.shell:Creating environment hook '/home/alex/ras2_ws/install/ras_example_pkg_1/share/ras_example_pkg_1/hook/ament_prefix_path.sh'
[0.493s] INFO:colcon.colcon_core.shell:Skip shell extension 'powershell' for command environment: Not usable outside of PowerShell
[0.493s] DEBUG:colcon.colcon_core.shell:Skip shell extension 'dsv' for command environment
[0.499s] INFO:colcon.colcon_ros.task.ament_cmake.build:Building ROS package in '/home/alex/ras2_ws/src/ras_example_pkg_2' with build type 'ament_cmake'
[0.499s] INFO:colcon.colcon_cmake.task.cmake.build:Building CMake package in '/home/alex/ras2_ws/src/ras_example_pkg_2'
[0.499s] INFO:colcon.colcon_core.shell:Skip shell extension 'powershell' for command environment: Not usable outside of PowerShell
[0.499s] DEBUG:colcon.colcon_core.shell:Skip shell extension 'dsv' for command environment
[0.891s] INFO:colcon.colcon_core.task.python.build:Building Python package in '/home/alex/ras2_ws/src/mobile_robot'
[0.892s] INFO:colcon.colcon_core.shell:Skip shell extension 'powershell' for command environment: Not usable outside of PowerShell
[0.892s] DEBUG:colcon.colcon_core.shell:Skip shell extension 'dsv' for command environment
[1.294s] INFO:colcon.colcon_core.task.python.build:Building Python package in '/home/alex/ras2_ws/src/ras2_services'
[1.294s] INFO:colcon.colcon_core.shell:Skip shell extension 'powershell' for command environment: Not usable outside of PowerShell
[1.294s] DEBUG:colcon.colcon_core.shell:Skip shell extension 'dsv' for command environment
[1.691s] INFO:colcon.colcon_core.task.python.build:Building Python package in '/home/alex/ras2_ws/src/ras2_topics'
[1.691s] INFO:colcon.colcon_core.shell:Skip shell extension 'powershell' for command environment: Not usable outside of PowerShell
[1.691s] DEBUG:colcon.colcon_core.shell:Skip shell extension 'dsv' for command environment
[1.704s] DEBUG:colcon.colcon_core.event_handler.log_command:Invoking command in '/home/alex/ras2_ws/build/ras_example': CMAKE_PREFIX_PATH=${CMAKE_PREFIX_PATH}:/home/alex/ras2_ws/install/ras_example_pkg_1:/home/alex/ras2_ws/install/ras2_topics:/home/alex/ras2_ws/install/ras2_services:/home/alex/ras2_ws/install/mobile_robot:/opt/ros/jazzy DEBUGINFOD_URLS=https://debuginfod.ubuntu.com /usr/bin/cmake --build /home/alex/ras2_ws/build/ras_example -- -j16 -l16
[1.709s] DEBUG:colcon.colcon_core.event_handler.log_command:Invoking command in '/home/alex/ras2_ws/build/ras_example2': CMAKE_PREFIX_PATH=${CMAKE_PREFIX_PATH}:/home/alex/ras2_ws/install/ras_example_pkg_1:/home/alex/ras2_ws/install/ras2_topics:/home/alex/ras2_ws/install/ras2_services:/home/alex/ras2_ws/install/mobile_robot:/opt/ros/jazzy DEBUGINFOD_URLS=https://debuginfod.ubuntu.com /usr/bin/cmake --build /home/alex/ras2_ws/build/ras_example2 -- -j16 -l16
[2.105s] INFO:colcon.colcon_core.task.python.build:Building Python package in '/home/alex/ras2_ws/src/ras_example_pkg_1'
[2.105s] INFO:colcon.colcon_core.shell:Skip shell extension 'powershell' for command environment: Not usable outside of PowerShell
[2.105s] DEBUG:colcon.colcon_core.shell:Skip shell extension 'dsv' for command environment
[2.117s] DEBUG:colcon.colcon_core.event_handler.log_command:Invoked command in '/home/alex/ras2_ws/build/ras_example' returned '0': CMAKE_PREFIX_PATH=${CMAKE_PREFIX_PATH}:/home/alex/ras2_ws/install/ras_example_pkg_1:/home/alex/ras2_ws/install/ras2_topics:/home/alex/ras2_ws/install/ras2_services:/home/alex/ras2_ws/install/mobile_robot:/opt/ros/jazzy DEBUGINFOD_URLS=https://debuginfod.ubuntu.com /usr/bin/cmake --build /home/alex/ras2_ws/build/ras_example -- -j16 -l16
[2.137s] DEBUG:colcon.colcon_core.event_handler.log_command:Invoking command in '/home/alex/ras2_ws/build/ras_example': CMAKE_PREFIX_PATH=${CMAKE_PREFIX_PATH}:/home/alex/ras2_ws/install/ras_example_pkg_1:/home/alex/ras2_ws/install/ras2_topics:/home/alex/ras2_ws/install/ras2_services:/home/alex/ras2_ws/install/mobile_robot:/opt/ros/jazzy DEBUGINFOD_URLS=https://debuginfod.ubuntu.com /usr/bin/cmake --install /home/alex/ras2_ws/build/ras_example
[2.138s] DEBUG:colcon.colcon_core.event_handler.log_command:Invoked command in '/home/alex/ras2_ws/build/ras_example2' returned '0': CMAKE_PREFIX_PATH=${CMAKE_PREFIX_PATH}:/home/alex/ras2_ws/install/ras_example_pkg_1:/home/alex/ras2_ws/install/ras2_topics:/home/alex/ras2_ws/install/ras2_services:/home/alex/ras2_ws/install/mobile_robot:/opt/ros/jazzy DEBUGINFOD_URLS=https://debuginfod.ubuntu.com /usr/bin/cmake --build /home/alex/ras2_ws/build/ras_example2 -- -j16 -l16
[2.140s] DEBUG:colcon.colcon_core.event_handler.log_command:Invoking command in '/home/alex/ras2_ws/build/ras_example2': CMAKE_PREFIX_PATH=${CMAKE_PREFIX_PATH}:/home/alex/ras2_ws/install/ras_example_pkg_1:/home/alex/ras2_ws/install/ras2_topics:/home/alex/ras2_ws/install/ras2_services:/home/alex/ras2_ws/install/mobile_robot:/opt/ros/jazzy DEBUGINFOD_URLS=https://debuginfod.ubuntu.com /usr/bin/cmake --install /home/alex/ras2_ws/build/ras_example2
[2.146s] DEBUG:colcon.colcon_core.event_handler.log_command:Invoking command in '/home/alex/ras2_ws/build/ras_example_pkg_2': CMAKE_PREFIX_PATH=${CMAKE_PREFIX_PATH}:/home/alex/ras2_ws/install/ras_example_pkg_1:/home/alex/ras2_ws/install/ras2_topics:/home/alex/ras2_ws/install/ras2_services:/home/alex/ras2_ws/install/mobile_robot:/opt/ros/jazzy DEBUGINFOD_URLS=https://debuginfod.ubuntu.com /usr/bin/cmake --build /home/alex/ras2_ws/build/ras_example_pkg_2 -- -j16 -l16
[2.167s] Level 1:colcon.colcon_core.environment:create_environment_scripts_only(ras_example)
[2.168s] DEBUG:colcon.colcon_core.event_handler.log_command:Invoked command in '/home/alex/ras2_ws/build/ras_example' returned '0': CMAKE_PREFIX_PATH=${CMAKE_PREFIX_PATH}:/home/alex/ras2_ws/install/ras_example_pkg_1:/home/alex/ras2_ws/install/ras2_topics:/home/alex/ras2_ws/install/ras2_services:/home/alex/ras2_ws/install/mobile_robot:/opt/ros/jazzy DEBUGINFOD_URLS=https://debuginfod.ubuntu.com /usr/bin/cmake --install /home/alex/ras2_ws/build/ras_example
[2.172s] Level 1:colcon.colcon_core.environment:checking '/home/alex/ras2_ws/install/ras_example' for CMake module files
[2.173s] Level 1:colcon.colcon_core.environment:checking '/home/alex/ras2_ws/install/ras_example' for CMake config files
[2.174s] Level 1:colcon.colcon_core.shell:create_environment_hook('ras_example', 'cmake_prefix_path')
[2.174s] INFO:colcon.colcon_core.shell:Creating environment hook '/home/alex/ras2_ws/install/ras_example/share/ras_example/hook/cmake_prefix_path.ps1'
[2.175s] INFO:colcon.colcon_core.shell:Creating environment descriptor '/home/alex/ras2_ws/install/ras_example/share/ras_example/hook/cmake_prefix_path.dsv'
[2.175s] INFO:colcon.colcon_core.shell:Creating environment hook '/home/alex/ras2_ws/install/ras_example/share/ras_example/hook/cmake_prefix_path.sh'
[2.177s] Level 1:colcon.colcon_core.environment:checking '/home/alex/ras2_ws/install/ras_example/bin'
[2.177s] Level 1:colcon.colcon_core.environment:checking '/home/alex/ras2_ws/install/ras_example/lib/pkgconfig/ras_example.pc'
[2.177s] Level 1:colcon.colcon_core.environment:checking '/home/alex/ras2_ws/install/ras_example/lib/python3.12/site-packages'
[2.177s] Level 1:colcon.colcon_core.environment:checking '/home/alex/ras2_ws/install/ras_example/bin'
[2.178s] INFO:colcon.colcon_core.shell:Creating package script '/home/alex/ras2_ws/install/ras_example/share/ras_example/package.ps1'
[2.179s] INFO:colcon.colcon_core.shell:Creating package descriptor '/home/alex/ras2_ws/install/ras_example/share/ras_example/package.dsv'
[2.180s] INFO:colcon.colcon_core.shell:Creating package script '/home/alex/ras2_ws/install/ras_example/share/ras_example/package.sh'
[2.181s] INFO:colcon.colcon_core.shell:Creating package script '/home/alex/ras2_ws/install/ras_example/share/ras_example/package.bash'
[2.182s] INFO:colcon.colcon_core.shell:Creating package script '/home/alex/ras2_ws/install/ras_example/share/ras_example/package.zsh'
[2.183s] Level 1:colcon.colcon_core.environment:create_file_with_runtime_dependencies(/home/alex/ras2_ws/install/ras_example/share/colcon-core/packages/ras_example)
[2.184s] Level 1:colcon.colcon_core.environment:create_environment_scripts_only(ras_example)
[2.184s] Level 1:colcon.colcon_core.environment:checking '/home/alex/ras2_ws/install/ras_example' for CMake module files
[2.185s] Level 1:colcon.colcon_core.environment:checking '/home/alex/ras2_ws/install/ras_example' for CMake config files
[2.185s] Level 1:colcon.colcon_core.shell:create_environment_hook('ras_example', 'cmake_prefix_path')
[2.185s] INFO:colcon.colcon_core.shell:Creating environment hook '/home/alex/ras2_ws/install/ras_example/share/ras_example/hook/cmake_prefix_path.ps1'
[2.186s] INFO:colcon.colcon_core.shell:Creating environment descriptor '/home/alex/ras2_ws/install/ras_example/share/ras_example/hook/cmake_prefix_path.dsv'
[2.187s] INFO:colcon.colcon_core.shell:Creating environment hook '/home/alex/ras2_ws/install/ras_example/share/ras_example/hook/cmake_prefix_path.sh'
[2.188s] Level 1:colcon.colcon_core.environment:checking '/home/alex/ras2_ws/install/ras_example/bin'
[2.188s] Level 1:colcon.colcon_core.environment:checking '/home/alex/ras2_ws/install/ras_example/lib/pkgconfig/ras_example.pc'
[2.188s] Level 1:colcon.colcon_core.environment:checking '/home/alex/ras2_ws/install/ras_example/lib/python3.12/site-packages'
[2.188s] Level 1:colcon.colcon_core.environment:checking '/home/alex/ras2_ws/install/ras_example/bin'
[2.189s] INFO:colcon.colcon_core.shell:Creating package script '/home/alex/ras2_ws/install/ras_example/share/ras_example/package.ps1'
[2.189s] INFO:colcon.colcon_core.shell:Creating package descriptor '/home/alex/ras2_ws/install/ras_example/share/ras_example/package.dsv'
[2.190s] INFO:colcon.colcon_core.shell:Creating package script '/home/alex/ras2_ws/install/ras_example/share/ras_example/package.sh'
[2.191s] INFO:colcon.colcon_core.shell:Creating package script '/home/alex/ras2_ws/install/ras_example/share/ras_example/package.bash'
[2.192s] INFO:colcon.colcon_core.shell:Creating package script '/home/alex/ras2_ws/install/ras_example/share/ras_example/package.zsh'
[2.192s] Level 1:colcon.colcon_core.environment:create_file_with_runtime_dependencies(/home/alex/ras2_ws/install/ras_example/share/colcon-core/packages/ras_example)
[2.193s] Level 1:colcon.colcon_core.environment:create_environment_scripts_only(ras_example2)
[2.193s] Level 1:colcon.colcon_core.environment:checking '/home/alex/ras2_ws/install/ras_example2' for CMake module files
[2.196s] Level 1:colcon.colcon_core.environment:checking '/home/alex/ras2_ws/install/ras_example2' for CMake config files
[2.196s] DEBUG:colcon.colcon_core.event_handler.log_command:Invoked command in '/home/alex/ras2_ws/build/ras_example2' returned '0': CMAKE_PREFIX_PATH=${CMAKE_PREFIX_PATH}:/home/alex/ras2_ws/install/ras_example_pkg_1:/home/alex/ras2_ws/install/ras2_topics:/home/alex/ras2_ws/install/ras2_services:/home/alex/ras2_ws/install/mobile_robot:/opt/ros/jazzy DEBUGINFOD_URLS=https://debuginfod.ubuntu.com /usr/bin/cmake --install /home/alex/ras2_ws/build/ras_example2
[2.197s] Level 1:colcon.colcon_core.shell:create_environment_hook('ras_example2', 'cmake_prefix_path')
[2.198s] INFO:colcon.colcon_core.shell:Creating environment hook '/home/alex/ras2_ws/install/ras_example2/share/ras_example2/hook/cmake_prefix_path.ps1'
[2.199s] INFO:colcon.colcon_core.shell:Creating environment descriptor '/home/alex/ras2_ws/install/ras_example2/share/ras_example2/hook/cmake_prefix_path.dsv'
[2.200s] INFO:colcon.colcon_core.shell:Creating environment hook '/home/alex/ras2_ws/install/ras_example2/share/ras_example2/hook/cmake_prefix_path.sh'
[2.201s] Level 1:colcon.colcon_core.environment:checking '/home/alex/ras2_ws/install/ras_example2/bin'
[2.201s] Level 1:colcon.colcon_core.environment:checking '/home/alex/ras2_ws/install/ras_example2/lib/pkgconfig/ras_example2.pc'
[2.202s] Level 1:colcon.colcon_core.environment:checking '/home/alex/ras2_ws/install/ras_example2/lib/python3.12/site-packages'
[2.202s] Level 1:colcon.colcon_core.environment:checking '/home/alex/ras2_ws/install/ras_example2/bin'
[2.202s] INFO:colcon.colcon_core.shell:Creating package script '/home/alex/ras2_ws/install/ras_example2/share/ras_example2/package.ps1'
[2.203s] INFO:colcon.colcon_core.shell:Creating package descriptor '/home/alex/ras2_ws/install/ras_example2/share/ras_example2/package.dsv'
[2.204s] INFO:colcon.colcon_core.shell:Creating package script '/home/alex/ras2_ws/install/ras_example2/share/ras_example2/package.sh'
[2.205s] INFO:colcon.colcon_core.shell:Creating package script '/home/alex/ras2_ws/install/ras_example2/share/ras_example2/package.bash'
[2.206s] INFO:colcon.colcon_core.shell:Creating package script '/home/alex/ras2_ws/install/ras_example2/share/ras_example2/package.zsh'
[2.206s] Level 1:colcon.colcon_core.environment:create_file_with_runtime_dependencies(/home/alex/ras2_ws/install/ras_example2/share/colcon-core/packages/ras_example2)
[2.207s] Level 1:colcon.colcon_core.environment:create_environment_scripts_only(ras_example2)
[2.207s] Level 1:colcon.colcon_core.environment:checking '/home/alex/ras2_ws/install/ras_example2' for CMake module files
[2.208s] Level 1:colcon.colcon_core.environment:checking '/home/alex/ras2_ws/install/ras_example2' for CMake config files
[2.208s] Level 1:colcon.colcon_core.shell:create_environment_hook('ras_example2', 'cmake_prefix_path')
[2.208s] INFO:colcon.colcon_core.shell:Creating environment hook '/home/alex/ras2_ws/install/ras_example2/share/ras_example2/hook/cmake_prefix_path.ps1'
[2.209s] INFO:colcon.colcon_core.shell:Creating environment descriptor '/home/alex/ras2_ws/install/ras_example2/share/ras_example2/hook/cmake_prefix_path.dsv'
[2.210s] INFO:colcon.colcon_core.shell:Creating environment hook '/home/alex/ras2_ws/install/ras_example2/share/ras_example2/hook/cmake_prefix_path.sh'
[2.211s] Level 1:colcon.colcon_core.environment:checking '/home/alex/ras2_ws/install/ras_example2/bin'
[2.211s] Level 1:colcon.colcon_core.environment:checking '/home/alex/ras2_ws/install/ras_example2/lib/pkgconfig/ras_example2.pc'
[2.211s] Level 1:colcon.colcon_core.environment:checking '/home/alex/ras2_ws/install/ras_example2/lib/python3.12/site-packages'
[2.211s] Level 1:colcon.colcon_core.environment:checking '/home/alex/ras2_ws/install/ras_example2/bin'
[2.212s] INFO:colcon.colcon_core.shell:Creating package script '/home/alex/ras2_ws/install/ras_example2/share/ras_example2/package.ps1'
[2.212s] INFO:colcon.colcon_core.shell:Creating package descriptor '/home/alex/ras2_ws/install/ras_example2/share/ras_example2/package.dsv'
[2.213s] INFO:colcon.colcon_core.shell:Creating package script '/home/alex/ras2_ws/install/ras_example2/share/ras_example2/package.sh'
[2.214s] INFO:colcon.colcon_core.shell:Creating package script '/home/alex/ras2_ws/install/ras_example2/share/ras_example2/package.bash'
[2.214s] INFO:colcon.colcon_core.shell:Creating package script '/home/alex/ras2_ws/install/ras_example2/share/ras_example2/package.zsh'
[2.215s] Level 1:colcon.colcon_core.environment:create_file_with_runtime_dependencies(/home/alex/ras2_ws/install/ras_example2/share/colcon-core/packages/ras_example2)
[2.273s] DEBUG:colcon.colcon_core.event_handler.log_command:Invoked command in '/home/alex/ras2_ws/build/ras_example_pkg_2' returned '0': CMAKE_PREFIX_PATH=${CMAKE_PREFIX_PATH}:/home/alex/ras2_ws/install/ras_example_pkg_1:/home/alex/ras2_ws/install/ras2_topics:/home/alex/ras2_ws/install/ras2_services:/home/alex/ras2_ws/install/mobile_robot:/opt/ros/jazzy DEBUGINFOD_URLS=https://debuginfod.ubuntu.com /usr/bin/cmake --build /home/alex/ras2_ws/build/ras_example_pkg_2 -- -j16 -l16
[2.275s] DEBUG:colcon.colcon_core.event_handler.log_command:Invoking command in '/home/alex/ras2_ws/build/ras_example_pkg_2': CMAKE_PREFIX_PATH=${CMAKE_PREFIX_PATH}:/home/alex/ras2_ws/install/ras_example_pkg_1:/home/alex/ras2_ws/install/ras2_topics:/home/alex/ras2_ws/install/ras2_services:/home/alex/ras2_ws/install/mobile_robot:/opt/ros/jazzy DEBUGINFOD_URLS=https://debuginfod.ubuntu.com /usr/bin/cmake --install /home/alex/ras2_ws/build/ras_example_pkg_2
[2.295s] Level 1:colcon.colcon_core.environment:create_environment_scripts_only(ras_example_pkg_2)
[2.295s] Level 1:colcon.colcon_core.environment:checking '/home/alex/ras2_ws/install/ras_example_pkg_2' for CMake module files
[2.296s] DEBUG:colcon.colcon_core.event_handler.log_command:Invoked command in '/home/alex/ras2_ws/build/ras_example_pkg_2' returned '0': CMAKE_PREFIX_PATH=${CMAKE_PREFIX_PATH}:/home/alex/ras2_ws/install/ras_example_pkg_1:/home/alex/ras2_ws/install/ras2_topics:/home/alex/ras2_ws/install/ras2_services:/home/alex/ras2_ws/install/mobile_robot:/opt/ros/jazzy DEBUGINFOD_URLS=https://debuginfod.ubuntu.com /usr/bin/cmake --install /home/alex/ras2_ws/build/ras_example_pkg_2
[2.297s] Level 1:colcon.colcon_core.environment:checking '/home/alex/ras2_ws/install/ras_example_pkg_2' for CMake config files
[2.297s] Level 1:colcon.colcon_core.shell:create_environment_hook('ras_example_pkg_2', 'cmake_prefix_path')
[2.298s] INFO:colcon.colcon_core.shell:Creating environment hook '/home/alex/ras2_ws/install/ras_example_pkg_2/share/ras_example_pkg_2/hook/cmake_prefix_path.ps1'
[2.298s] INFO:colcon.colcon_core.shell:Creating environment descriptor '/home/alex/ras2_ws/install/ras_example_pkg_2/share/ras_example_pkg_2/hook/cmake_prefix_path.dsv'
[2.299s] INFO:colcon.colcon_core.shell:Creating environment hook '/home/alex/ras2_ws/install/ras_example_pkg_2/share/ras_example_pkg_2/hook/cmake_prefix_path.sh'
[2.300s] Level 1:colcon.colcon_core.environment:checking '/home/alex/ras2_ws/install/ras_example_pkg_2/lib'
[2.300s] Level 1:colcon.colcon_core.environment:checking '/home/alex/ras2_ws/install/ras_example_pkg_2/bin'
[2.300s] Level 1:colcon.colcon_core.environment:checking '/home/alex/ras2_ws/install/ras_example_pkg_2/lib/pkgconfig/ras_example_pkg_2.pc'
[2.301s] Level 1:colcon.colcon_core.environment:checking '/home/alex/ras2_ws/install/ras_example_pkg_2/lib/python3.12/site-packages'
[2.301s] Level 1:colcon.colcon_core.environment:checking '/home/alex/ras2_ws/install/ras_example_pkg_2/bin'
[2.301s] INFO:colcon.colcon_core.shell:Creating package script '/home/alex/ras2_ws/install/ras_example_pkg_2/share/ras_example_pkg_2/package.ps1'
[2.302s] INFO:colcon.colcon_core.shell:Creating package descriptor '/home/alex/ras2_ws/install/ras_example_pkg_2/share/ras_example_pkg_2/package.dsv'
[2.303s] INFO:colcon.colcon_core.shell:Creating package script '/home/alex/ras2_ws/install/ras_example_pkg_2/share/ras_example_pkg_2/package.sh'
[2.304s] INFO:colcon.colcon_core.shell:Creating package script '/home/alex/ras2_ws/install/ras_example_pkg_2/share/ras_example_pkg_2/package.bash'
[2.304s] INFO:colcon.colcon_core.shell:Creating package script '/home/alex/ras2_ws/install/ras_example_pkg_2/share/ras_example_pkg_2/package.zsh'
[2.305s] Level 1:colcon.colcon_core.environment:create_file_with_runtime_dependencies(/home/alex/ras2_ws/install/ras_example_pkg_2/share/colcon-core/packages/ras_example_pkg_2)
[2.306s] Level 1:colcon.colcon_core.environment:create_environment_scripts_only(ras_example_pkg_2)
[2.306s] Level 1:colcon.colcon_core.environment:checking '/home/alex/ras2_ws/install/ras_example_pkg_2' for CMake module files
[2.307s] Level 1:colcon.colcon_core.environment:checking '/home/alex/ras2_ws/install/ras_example_pkg_2' for CMake config files
[2.308s] Level 1:colcon.colcon_core.shell:create_environment_hook('ras_example_pkg_2', 'cmake_prefix_path')
[2.308s] INFO:colcon.colcon_core.shell:Creating environment hook '/home/alex/ras2_ws/install/ras_example_pkg_2/share/ras_example_pkg_2/hook/cmake_prefix_path.ps1'
[2.308s] INFO:colcon.colcon_core.shell:Creating environment descriptor '/home/alex/ras2_ws/install/ras_example_pkg_2/share/ras_example_pkg_2/hook/cmake_prefix_path.dsv'
[2.309s] INFO:colcon.colcon_core.shell:Creating environment hook '/home/alex/ras2_ws/install/ras_example_pkg_2/share/ras_example_pkg_2/hook/cmake_prefix_path.sh'
[2.310s] Level 1:colcon.colcon_core.environment:checking '/home/alex/ras2_ws/install/ras_example_pkg_2/lib'
[2.310s] Level 1:colcon.colcon_core.environment:checking '/home/alex/ras2_ws/install/ras_example_pkg_2/bin'
[2.310s] Level 1:colcon.colcon_core.environment:checking '/home/alex/ras2_ws/install/ras_example_pkg_2/lib/pkgconfig/ras_example_pkg_2.pc'
[2.310s] Level 1:colcon.colcon_core.environment:checking '/home/alex/ras2_ws/install/ras_example_pkg_2/lib/python3.12/site-packages'
[2.311s] Level 1:colcon.colcon_core.environment:checking '/home/alex/ras2_ws/install/ras_example_pkg_2/bin'
[2.311s] INFO:colcon.colcon_core.shell:Creating package script '/home/alex/ras2_ws/install/ras_example_pkg_2/share/ras_example_pkg_2/package.ps1'
[2.312s] INFO:colcon.colcon_core.shell:Creating package descriptor '/home/alex/ras2_ws/install/ras_example_pkg_2/share/ras_example_pkg_2/package.dsv'
[2.313s] INFO:colcon.colcon_core.shell:Creating package script '/home/alex/ras2_ws/install/ras_example_pkg_2/share/ras_example_pkg_2/package.sh'
[2.313s] INFO:colcon.colcon_core.shell:Creating package script '/home/alex/ras2_ws/install/ras_example_pkg_2/share/ras_example_pkg_2/package.bash'
[2.314s] INFO:colcon.colcon_core.shell:Creating package script '/home/alex/ras2_ws/install/ras_example_pkg_2/share/ras_example_pkg_2/package.zsh'
[2.315s] Level 1:colcon.colcon_core.environment:create_file_with_runtime_dependencies(/home/alex/ras2_ws/install/ras_example_pkg_2/share/colcon-core/packages/ras_example_pkg_2)
[3.175s] DEBUG:colcon.colcon_core.event_handler.log_command:Invoking command in '/home/alex/ras2_ws/src/ras2_topics': DEBUGINFOD_URLS=https://debuginfod.ubuntu.com PYTHONPATH=/home/alex/ras2_ws/build/ras2_topics/prefix_override:/usr/lib/python3/dist-packages/colcon_core/task/python/colcon_distutils_commands:/home/alex/ras2_ws/install/ras2_topics/lib/python3.12/site-packages:${PYTHONPATH} /usr/bin/python3 -W ignore:setup.py install is deprecated -W ignore:easy_install command is deprecated setup.py egg_info --egg-base ../../build/ras2_topics build --build-base /home/alex/ras2_ws/build/ras2_topics/build install --record /home/alex/ras2_ws/build/ras2_topics/install.log --single-version-externally-managed install_data
[3.176s] DEBUG:colcon.colcon_core.event_handler.log_command:Invoking command in '/home/alex/ras2_ws/src/mobile_robot': DEBUGINFOD_URLS=https://debuginfod.ubuntu.com PYTHONPATH=/home/alex/ras2_ws/build/mobile_robot/prefix_override:/usr/lib/python3/dist-packages/colcon_core/task/python/colcon_distutils_commands:/home/alex/ras2_ws/install/mobile_robot/lib/python3.12/site-packages:${PYTHONPATH} /usr/bin/python3 -W ignore:setup.py install is deprecated -W ignore:easy_install command is deprecated setup.py egg_info --egg-base ../../build/mobile_robot build --build-base /home/alex/ras2_ws/build/mobile_robot/build install --record /home/alex/ras2_ws/build/mobile_robot/install.log --single-version-externally-managed install_data
[3.185s] DEBUG:colcon.colcon_core.event_handler.log_command:Invoking command in '/home/alex/ras2_ws/src/ras2_services': DEBUGINFOD_URLS=https://debuginfod.ubuntu.com PYTHONPATH=/home/alex/ras2_ws/build/ras2_services/prefix_override:/usr/lib/python3/dist-packages/colcon_core/task/python/colcon_distutils_commands:/home/alex/ras2_ws/install/ras2_services/lib/python3.12/site-packages:${PYTHONPATH} /usr/bin/python3 -W ignore:setup.py install is deprecated -W ignore:easy_install command is deprecated setup.py egg_info --egg-base ../../build/ras2_services build --build-base /home/alex/ras2_ws/build/ras2_services/build install --record /home/alex/ras2_ws/build/ras2_services/install.log --single-version-externally-managed install_data
[3.198s] DEBUG:colcon.colcon_core.event_handler.log_command:Invoking command in '/home/alex/ras2_ws/src/ras_example_pkg_1': DEBUGINFOD_URLS=https://debuginfod.ubuntu.com PYTHONPATH=/home/alex/ras2_ws/build/ras_example_pkg_1/prefix_override:/usr/lib/python3/dist-packages/colcon_core/task/python/colcon_distutils_commands:/home/alex/ras2_ws/install/ras_example_pkg_1/lib/python3.12/site-packages:${PYTHONPATH} /usr/bin/python3 -W ignore:setup.py install is deprecated -W ignore:easy_install command is deprecated setup.py egg_info --egg-base ../../build/ras_example_pkg_1 build --build-base /home/alex/ras2_ws/build/ras_example_pkg_1/build install --record /home/alex/ras2_ws/build/ras_example_pkg_1/install.log --single-version-externally-managed install_data
[4.097s] Level 1:colcon.colcon_core.environment:checking '/home/alex/ras2_ws/install/ras2_topics' for CMake module files
[4.098s] DEBUG:colcon.colcon_core.event_handler.log_command:Invoked command in '/home/alex/ras2_ws/src/ras2_topics' returned '0': DEBUGINFOD_URLS=https://debuginfod.ubuntu.com PYTHONPATH=/home/alex/ras2_ws/build/ras2_topics/prefix_override:/usr/lib/python3/dist-packages/colcon_core/task/python/colcon_distutils_commands:/home/alex/ras2_ws/install/ras2_topics/lib/python3.12/site-packages:${PYTHONPATH} /usr/bin/python3 -W ignore:setup.py install is deprecated -W ignore:easy_install command is deprecated setup.py egg_info --egg-base ../../build/ras2_topics build --build-base /home/alex/ras2_ws/build/ras2_topics/build install --record /home/alex/ras2_ws/build/ras2_topics/install.log --single-version-externally-managed install_data
[4.099s] Level 1:colcon.colcon_core.environment:checking '/home/alex/ras2_ws/install/ras2_topics' for CMake config files
[4.100s] Level 1:colcon.colcon_core.environment:checking '/home/alex/ras2_ws/install/ras2_topics/lib'
[4.100s] Level 1:colcon.colcon_core.environment:checking '/home/alex/ras2_ws/install/ras2_topics/bin'
[4.100s] Level 1:colcon.colcon_core.environment:checking '/home/alex/ras2_ws/install/ras2_topics/lib/pkgconfig/ras2_topics.pc'
[4.100s] Level 1:colcon.colcon_core.environment:checking '/home/alex/ras2_ws/install/ras2_topics/lib/python3.12/site-packages'
[4.100s] Level 1:colcon.colcon_core.shell:create_environment_hook('ras2_topics', 'pythonpath')
[4.100s] INFO:colcon.colcon_core.shell:Creating environment hook '/home/alex/ras2_ws/install/ras2_topics/share/ras2_topics/hook/pythonpath.ps1'
[4.101s] INFO:colcon.colcon_core.shell:Creating environment descriptor '/home/alex/ras2_ws/install/ras2_topics/share/ras2_topics/hook/pythonpath.dsv'
[4.102s] INFO:colcon.colcon_core.shell:Creating environment hook '/home/alex/ras2_ws/install/ras2_topics/share/ras2_topics/hook/pythonpath.sh'
[4.103s] Level 1:colcon.colcon_core.environment:checking '/home/alex/ras2_ws/install/ras2_topics/bin'
[4.103s] Level 1:colcon.colcon_core.environment:create_environment_scripts_only(ras2_topics)
[4.103s] INFO:colcon.colcon_core.shell:Creating package script '/home/alex/ras2_ws/install/ras2_topics/share/ras2_topics/package.ps1'
[4.104s] INFO:colcon.colcon_core.shell:Creating package descriptor '/home/alex/ras2_ws/install/ras2_topics/share/ras2_topics/package.dsv'
[4.104s] INFO:colcon.colcon_core.shell:Creating package script '/home/alex/ras2_ws/install/ras2_topics/share/ras2_topics/package.sh'
[4.105s] INFO:colcon.colcon_core.shell:Creating package script '/home/alex/ras2_ws/install/ras2_topics/share/ras2_topics/package.bash'
[4.105s] INFO:colcon.colcon_core.shell:Creating package script '/home/alex/ras2_ws/install/ras2_topics/share/ras2_topics/package.zsh'
[4.106s] Level 1:colcon.colcon_core.environment:create_file_with_runtime_dependencies(/home/alex/ras2_ws/install/ras2_topics/share/colcon-core/packages/ras2_topics)
[4.107s] Level 1:colcon.colcon_core.environment:checking '/home/alex/ras2_ws/install/mobile_robot' for CMake module files
[4.108s] Level 1:colcon.colcon_core.environment:checking '/home/alex/ras2_ws/install/mobile_robot' for CMake config files
[4.109s] DEBUG:colcon.colcon_core.event_handler.log_command:Invoked command in '/home/alex/ras2_ws/src/mobile_robot' returned '0': DEBUGINFOD_URLS=https://debuginfod.ubuntu.com PYTHONPATH=/home/alex/ras2_ws/build/mobile_robot/prefix_override:/usr/lib/python3/dist-packages/colcon_core/task/python/colcon_distutils_commands:/home/alex/ras2_ws/install/mobile_robot/lib/python3.12/site-packages:${PYTHONPATH} /usr/bin/python3 -W ignore:setup.py install is deprecated -W ignore:easy_install command is deprecated setup.py egg_info --egg-base ../../build/mobile_robot build --build-base /home/alex/ras2_ws/build/mobile_robot/build install --record /home/alex/ras2_ws/build/mobile_robot/install.log --single-version-externally-managed install_data
[4.110s] Level 1:colcon.colcon_core.environment:checking '/home/alex/ras2_ws/install/mobile_robot/lib'
[4.110s] Level 1:colcon.colcon_core.environment:checking '/home/alex/ras2_ws/install/mobile_robot/bin'
[4.110s] Level 1:colcon.colcon_core.environment:checking '/home/alex/ras2_ws/install/mobile_robot/lib/pkgconfig/mobile_robot.pc'
[4.110s] Level 1:colcon.colcon_core.environment:checking '/home/alex/ras2_ws/install/mobile_robot/lib/python3.12/site-packages'
[4.110s] Level 1:colcon.colcon_core.shell:create_environment_hook('mobile_robot', 'pythonpath')
[4.111s] INFO:colcon.colcon_core.shell:Creating environment hook '/home/alex/ras2_ws/install/mobile_robot/share/mobile_robot/hook/pythonpath.ps1'
[4.111s] INFO:colcon.colcon_core.shell:Creating environment descriptor '/home/alex/ras2_ws/install/mobile_robot/share/mobile_robot/hook/pythonpath.dsv'
[4.112s] INFO:colcon.colcon_core.shell:Creating environment hook '/home/alex/ras2_ws/install/mobile_robot/share/mobile_robot/hook/pythonpath.sh'
[4.112s] Level 1:colcon.colcon_core.environment:checking '/home/alex/ras2_ws/install/mobile_robot/bin'
[4.113s] Level 1:colcon.colcon_core.environment:create_environment_scripts_only(mobile_robot)
[4.113s] INFO:colcon.colcon_core.shell:Creating package script '/home/alex/ras2_ws/install/mobile_robot/share/mobile_robot/package.ps1'
[4.114s] INFO:colcon.colcon_core.shell:Creating package descriptor '/home/alex/ras2_ws/install/mobile_robot/share/mobile_robot/package.dsv'
[4.114s] INFO:colcon.colcon_core.shell:Creating package script '/home/alex/ras2_ws/install/mobile_robot/share/mobile_robot/package.sh'
[4.115s] INFO:colcon.colcon_core.shell:Creating package script '/home/alex/ras2_ws/install/mobile_robot/share/mobile_robot/package.bash'
[4.115s] INFO:colcon.colcon_core.shell:Creating package script '/home/alex/ras2_ws/install/mobile_robot/share/mobile_robot/package.zsh'
[4.116s] Level 1:colcon.colcon_core.environment:create_file_with_runtime_dependencies(/home/alex/ras2_ws/install/mobile_robot/share/colcon-core/packages/mobile_robot)
[4.119s] Level 1:colcon.colcon_core.environment:checking '/home/alex/ras2_ws/install/ras2_services' for CMake module files
[4.120s] DEBUG:colcon.colcon_core.event_handler.log_command:Invoked command in '/home/alex/ras2_ws/src/ras2_services' returned '0': DEBUGINFOD_URLS=https://debuginfod.ubuntu.com PYTHONPATH=/home/alex/ras2_ws/build/ras2_services/prefix_override:/usr/lib/python3/dist-packages/colcon_core/task/python/colcon_distutils_commands:/home/alex/ras2_ws/install/ras2_services/lib/python3.12/site-packages:${PYTHONPATH} /usr/bin/python3 -W ignore:setup.py install is deprecated -W ignore:easy_install command is deprecated setup.py egg_info --egg-base ../../build/ras2_services build --build-base /home/alex/ras2_ws/build/ras2_services/build install --record /home/alex/ras2_ws/build/ras2_services/install.log --single-version-externally-managed install_data
[4.121s] Level 1:colcon.colcon_core.environment:checking '/home/alex/ras2_ws/install/ras2_services' for CMake config files
[4.121s] Level 1:colcon.colcon_core.environment:checking '/home/alex/ras2_ws/install/ras2_services/lib'
[4.122s] Level 1:colcon.colcon_core.environment:checking '/home/alex/ras2_ws/install/ras2_services/bin'
[4.122s] Level 1:colcon.colcon_core.environment:checking '/home/alex/ras2_ws/install/ras2_services/lib/pkgconfig/ras2_services.pc'
[4.122s] Level 1:colcon.colcon_core.environment:checking '/home/alex/ras2_ws/install/ras2_services/lib/python3.12/site-packages'
[4.122s] Level 1:colcon.colcon_core.shell:create_environment_hook('ras2_services', 'pythonpath')
[4.122s] INFO:colcon.colcon_core.shell:Creating environment hook '/home/alex/ras2_ws/install/ras2_services/share/ras2_services/hook/pythonpath.ps1'
[4.123s] INFO:colcon.colcon_core.shell:Creating environment descriptor '/home/alex/ras2_ws/install/ras2_services/share/ras2_services/hook/pythonpath.dsv'
[4.123s] INFO:colcon.colcon_core.shell:Creating environment hook '/home/alex/ras2_ws/install/ras2_services/share/ras2_services/hook/pythonpath.sh'
[4.124s] Level 1:colcon.colcon_core.environment:checking '/home/alex/ras2_ws/install/ras2_services/bin'
[4.124s] Level 1:colcon.colcon_core.environment:create_environment_scripts_only(ras2_services)
[4.125s] INFO:colcon.colcon_core.shell:Creating package script '/home/alex/ras2_ws/install/ras2_services/share/ras2_services/package.ps1'
[4.125s] INFO:colcon.colcon_core.shell:Creating package descriptor '/home/alex/ras2_ws/install/ras2_services/share/ras2_services/package.dsv'
[4.126s] INFO:colcon.colcon_core.shell:Creating package script '/home/alex/ras2_ws/install/ras2_services/share/ras2_services/package.sh'
[4.127s] INFO:colcon.colcon_core.shell:Creating package script '/home/alex/ras2_ws/install/ras2_services/share/ras2_services/package.bash'
[4.127s] INFO:colcon.colcon_core.shell:Creating package script '/home/alex/ras2_ws/install/ras2_services/share/ras2_services/package.zsh'
[4.128s] Level 1:colcon.colcon_core.environment:create_file_with_runtime_dependencies(/home/alex/ras2_ws/install/ras2_services/share/colcon-core/packages/ras2_services)
[4.130s] Level 1:colcon.colcon_core.environment:checking '/home/alex/ras2_ws/install/ras_example_pkg_1' for CMake module files
[4.130s] DEBUG:colcon.colcon_core.event_handler.log_command:Invoked command in '/home/alex/ras2_ws/src/ras_example_pkg_1' returned '0': DEBUGINFOD_URLS=https://debuginfod.ubuntu.com PYTHONPATH=/home/alex/ras2_ws/build/ras_example_pkg_1/prefix_override:/usr/lib/python3/dist-packages/colcon_core/task/python/colcon_distutils_commands:/home/alex/ras2_ws/install/ras_example_pkg_1/lib/python3.12/site-packages:${PYTHONPATH} /usr/bin/python3 -W ignore:setup.py install is deprecated -W ignore:easy_install command is deprecated setup.py egg_info --egg-base ../../build/ras_example_pkg_1 build --build-base /home/alex/ras2_ws/build/ras_example_pkg_1/build install --record /home/alex/ras2_ws/build/ras_example_pkg_1/install.log --single-version-externally-managed install_data
[4.131s] Level 1:colcon.colcon_core.environment:checking '/home/alex/ras2_ws/install/ras_example_pkg_1' for CMake config files
[4.132s] Level 1:colcon.colcon_core.environment:checking '/home/alex/ras2_ws/install/ras_example_pkg_1/lib'
[4.132s] Level 1:colcon.colcon_core.environment:checking '/home/alex/ras2_ws/install/ras_example_pkg_1/bin'
[4.132s] Level 1:colcon.colcon_core.environment:checking '/home/alex/ras2_ws/install/ras_example_pkg_1/lib/pkgconfig/ras_example_pkg_1.pc'
[4.132s] Level 1:colcon.colcon_core.environment:checking '/home/alex/ras2_ws/install/ras_example_pkg_1/lib/python3.12/site-packages'
[4.132s] Level 1:colcon.colcon_core.shell:create_environment_hook('ras_example_pkg_1', 'pythonpath')
[4.133s] INFO:colcon.colcon_core.shell:Creating environment hook '/home/alex/ras2_ws/install/ras_example_pkg_1/share/ras_example_pkg_1/hook/pythonpath.ps1'
[4.133s] INFO:colcon.colcon_core.shell:Creating environment descriptor '/home/alex/ras2_ws/install/ras_example_pkg_1/share/ras_example_pkg_1/hook/pythonpath.dsv'
[4.134s] INFO:colcon.colcon_core.shell:Creating environment hook '/home/alex/ras2_ws/install/ras_example_pkg_1/share/ras_example_pkg_1/hook/pythonpath.sh'
[4.135s] Level 1:colcon.colcon_core.environment:checking '/home/alex/ras2_ws/install/ras_example_pkg_1/bin'
[4.135s] Level 1:colcon.colcon_core.environment:create_environment_scripts_only(ras_example_pkg_1)
[4.135s] INFO:colcon.colcon_core.shell:Creating package script '/home/alex/ras2_ws/install/ras_example_pkg_1/share/ras_example_pkg_1/package.ps1'
[4.136s] INFO:colcon.colcon_core.shell:Creating package descriptor '/home/alex/ras2_ws/install/ras_example_pkg_1/share/ras_example_pkg_1/package.dsv'
[4.137s] INFO:colcon.colcon_core.shell:Creating package script '/home/alex/ras2_ws/install/ras_example_pkg_1/share/ras_example_pkg_1/package.sh'
[4.137s] INFO:colcon.colcon_core.shell:Creating package script '/home/alex/ras2_ws/install/ras_example_pkg_1/share/ras_example_pkg_1/package.bash'
[4.138s] INFO:colcon.colcon_core.shell:Creating package script '/home/alex/ras2_ws/install/ras_example_pkg_1/share/ras_example_pkg_1/package.zsh'
[4.138s] Level 1:colcon.colcon_core.environment:create_file_with_runtime_dependencies(/home/alex/ras2_ws/install/ras_example_pkg_1/share/colcon-core/packages/ras_example_pkg_1)
[4.138s] DEBUG:colcon.colcon_parallel_executor.executor.parallel:closing loop
[4.139s] DEBUG:colcon.colcon_parallel_executor.executor.parallel:loop closed
[4.139s] DEBUG:colcon.colcon_parallel_executor.executor.parallel:run_until_complete finished with '0'
[4.139s] DEBUG:colcon.colcon_core.event_reactor:joining thread
[4.149s] INFO:colcon.colcon_core.plugin_system:Skipping extension 'colcon_notification.desktop_notification.terminal_notifier': Not used on non-Darwin systems
[4.149s] INFO:colcon.colcon_core.plugin_system:Skipping extension 'colcon_notification.desktop_notification.win32': Not used on non-Windows systems
[4.149s] INFO:colcon.colcon_notification.desktop_notification:Sending desktop notification using 'notify2'
[4.177s] DEBUG:colcon.colcon_core.event_reactor:joined thread
[4.178s] INFO:colcon.colcon_core.shell:Creating prefix script '/home/alex/ras2_ws/install/local_setup.ps1'
[4.179s] INFO:colcon.colcon_core.shell:Creating prefix util module '/home/alex/ras2_ws/install/_local_setup_util_ps1.py'
[4.181s] INFO:colcon.colcon_core.shell:Creating prefix chain script '/home/alex/ras2_ws/install/setup.ps1'
[4.183s] INFO:colcon.colcon_core.shell:Creating prefix script '/home/alex/ras2_ws/install/local_setup.sh'
[4.183s] INFO:colcon.colcon_core.shell:Creating prefix util module '/home/alex/ras2_ws/install/_local_setup_util_sh.py'
[4.184s] INFO:colcon.colcon_core.shell:Creating prefix chain script '/home/alex/ras2_ws/install/setup.sh'
[4.186s] INFO:colcon.colcon_core.shell:Creating prefix script '/home/alex/ras2_ws/install/local_setup.bash'
[4.187s] INFO:colcon.colcon_core.shell:Creating prefix chain script '/home/alex/ras2_ws/install/setup.bash'
[4.188s] INFO:colcon.colcon_core.shell:Creating prefix script '/home/alex/ras2_ws/install/local_setup.zsh'
[4.189s] INFO:colcon.colcon_core.shell:Creating prefix chain script '/home/alex/ras2_ws/install/setup.zsh'
