running egg_info
writing ../../build/ras2_topics/ras2_topics.egg-info/PKG-INFO
writing dependency_links to ../../build/ras2_topics/ras2_topics.egg-info/dependency_links.txt
writing entry points to ../../build/ras2_topics/ras2_topics.egg-info/entry_points.txt
writing requirements to ../../build/ras2_topics/ras2_topics.egg-info/requires.txt
writing top-level names to ../../build/ras2_topics/ras2_topics.egg-info/top_level.txt
reading manifest file '../../build/ras2_topics/ras2_topics.egg-info/SOURCES.txt'
writing manifest file '../../build/ras2_topics/ras2_topics.egg-info/SOURCES.txt'
running build
running build_py
copying ras2_topics/subscriber.py -> /home/alex/ras2_ws/build/ras2_topics/build/lib/ras2_topics
running install
running install_lib
copying /home/alex/ras2_ws/build/ras2_topics/build/lib/ras2_topics/subscriber.py -> /home/alex/ras2_ws/install/ras2_topics/lib/python3.12/site-packages/ras2_topics
byte-compiling /home/alex/ras2_ws/install/ras2_topics/lib/python3.12/site-packages/ras2_topics/subscriber.py to subscriber.cpython-312.pyc
running install_data
running install_egg_info
removing '/home/alex/ras2_ws/install/ras2_topics/lib/python3.12/site-packages/ras2_topics-0.0.0-py3.12.egg-info' (and everything under it)
Copying ../../build/ras2_topics/ras2_topics.egg-info to /home/alex/ras2_ws/install/ras2_topics/lib/python3.12/site-packages/ras2_topics-0.0.0-py3.12.egg-info
running install_scripts
Installing publisher script to /home/alex/ras2_ws/install/ras2_topics/lib/ras2_topics
Installing subscriber script to /home/alex/ras2_ws/install/ras2_topics/lib/ras2_topics
writing list of installed files to '/home/alex/ras2_ws/build/ras2_topics/install.log'
