[0.566s] Invoking command in '/home/alex/ras2_ws/build/ras_example': CMAKE_PREFIX_PATH=${CMAKE_PREFIX_PATH}:/opt/ros/jazzy DEBUGINFOD_URLS=https://debuginfod.ubuntu.com /usr/bin/cmake --build /home/alex/ras2_ws/build/ras_example -- -j16 -l16
[0.759s] Invoked command in '/home/alex/ras2_ws/build/ras_example' returned '0': CMAKE_PREFIX_PATH=${CMAKE_PREFIX_PATH}:/opt/ros/jazzy DEBUGINFOD_URLS=https://debuginfod.ubuntu.com /usr/bin/cmake --build /home/alex/ras2_ws/build/ras_example -- -j16 -l16
[0.772s] Invoking command in '/home/alex/ras2_ws/build/ras_example': CMAKE_PREFIX_PATH=${CMAKE_PREFIX_PATH}:/opt/ros/jazzy DEBUGINFOD_URLS=https://debuginfod.ubuntu.com /usr/bin/cmake --install /home/alex/ras2_ws/build/ras_example
[0.781s] -- Install configuration: ""
[0.783s] -- Up-to-date: /home/alex/ras2_ws/install/ras_example/share/ament_index/resource_index/package_run_dependencies/ras_example
[0.783s] -- Up-to-date: /home/alex/ras2_ws/install/ras_example/share/ament_index/resource_index/parent_prefix_path/ras_example
[0.784s] -- Up-to-date: /home/alex/ras2_ws/install/ras_example/share/ras_example/environment/ament_prefix_path.sh
[0.784s] -- Up-to-date: /home/alex/ras2_ws/install/ras_example/share/ras_example/environment/ament_prefix_path.dsv
[0.784s] -- Up-to-date: /home/alex/ras2_ws/install/ras_example/share/ras_example/environment/path.sh
[0.784s] -- Up-to-date: /home/alex/ras2_ws/install/ras_example/share/ras_example/environment/path.dsv
[0.785s] -- Up-to-date: /home/alex/ras2_ws/install/ras_example/share/ras_example/local_setup.bash
[0.785s] -- Up-to-date: /home/alex/ras2_ws/install/ras_example/share/ras_example/local_setup.sh
[0.785s] -- Up-to-date: /home/alex/ras2_ws/install/ras_example/share/ras_example/local_setup.zsh
[0.785s] -- Up-to-date: /home/alex/ras2_ws/install/ras_example/share/ras_example/local_setup.dsv
[0.785s] -- Installing: /home/alex/ras2_ws/install/ras_example/share/ras_example/package.dsv
[0.786s] -- Up-to-date: /home/alex/ras2_ws/install/ras_example/share/ament_index/resource_index/packages/ras_example
[0.786s] -- Up-to-date: /home/alex/ras2_ws/install/ras_example/share/ras_example/cmake/ras_exampleConfig.cmake
[0.786s] -- Up-to-date: /home/alex/ras2_ws/install/ras_example/share/ras_example/cmake/ras_exampleConfig-version.cmake
[0.786s] -- Up-to-date: /home/alex/ras2_ws/install/ras_example/share/ras_example/package.xml
[0.793s] Invoked command in '/home/alex/ras2_ws/build/ras_example' returned '0': CMAKE_PREFIX_PATH=${CMAKE_PREFIX_PATH}:/opt/ros/jazzy DEBUGINFOD_URLS=https://debuginfod.ubuntu.com /usr/bin/cmake --install /home/alex/ras2_ws/build/ras_example
