-- The C compiler identification is GNU 13.3.0
-- The CXX compiler identification is GNU 13.3.0
-- Detecting C compiler ABI info
-- Detecting C compiler ABI info - done
-- Check for working C compiler: /usr/bin/cc - skipped
-- Detecting C compile features
-- Detecting C compile features - done
-- Detecting CXX compiler ABI info
-- Detecting CXX compiler ABI info - done
-- Check for working CXX compiler: /usr/bin/c++ - skipped
-- Detecting CXX compile features
-- Detecting CXX compile features - done
-- Found ament_cmake: 2.5.3 (/opt/ros/jazzy/share/ament_cmake/cmake)
-- Found Python3: /usr/bin/python3 (found version "3.12.3") found components: Interpreter 
-- Found ament_lint_auto: 0.17.1 (/opt/ros/jazzy/share/ament_lint_auto/cmake)
-- Added test 'cppcheck' to perform static code analysis on C / C++ code
-- Configured cppcheck include dirs: $<BUILD_INTERFACE:/home/alex/ras2_ws/src/ras_example_pkg_2/include>
-- Configured cppcheck exclude dirs and/or files: 
-- Added test 'lint_cmake' to check CMake code style
-- Added test 'uncrustify' to check C / C++ code style
-- Configured uncrustify additional arguments: 
-- Added test 'xmllint' to check XML markup files
-- Configuring done (1.6s)
-- Generating done (0.0s)
-- Build files have been written to: /home/alex/ras2_ws/build/ras_example_pkg_2
[ 50%] [32mBuilding CXX object CMakeFiles/ras_node_cpp.dir/src/ras_node_cpp.cpp.o[0m
[100%] [32m[1mLinking CXX executable ras_node_cpp[0m
[100%] Built target ras_node_cpp
-- Install configuration: ""
-- Installing: /home/alex/ras2_ws/install/ras_example_pkg_2/lib/ras_example_pkg_2/ras_node_cpp
-- Installing: /home/alex/ras2_ws/install/ras_example_pkg_2/share/ament_index/resource_index/package_run_dependencies/ras_example_pkg_2
-- Installing: /home/alex/ras2_ws/install/ras_example_pkg_2/share/ament_index/resource_index/parent_prefix_path/ras_example_pkg_2
-- Installing: /home/alex/ras2_ws/install/ras_example_pkg_2/share/ras_example_pkg_2/environment/ament_prefix_path.sh
-- Installing: /home/alex/ras2_ws/install/ras_example_pkg_2/share/ras_example_pkg_2/environment/ament_prefix_path.dsv
-- Installing: /home/alex/ras2_ws/install/ras_example_pkg_2/share/ras_example_pkg_2/environment/path.sh
-- Installing: /home/alex/ras2_ws/install/ras_example_pkg_2/share/ras_example_pkg_2/environment/path.dsv
-- Installing: /home/alex/ras2_ws/install/ras_example_pkg_2/share/ras_example_pkg_2/local_setup.bash
-- Installing: /home/alex/ras2_ws/install/ras_example_pkg_2/share/ras_example_pkg_2/local_setup.sh
-- Installing: /home/alex/ras2_ws/install/ras_example_pkg_2/share/ras_example_pkg_2/local_setup.zsh
-- Installing: /home/alex/ras2_ws/install/ras_example_pkg_2/share/ras_example_pkg_2/local_setup.dsv
-- Installing: /home/alex/ras2_ws/install/ras_example_pkg_2/share/ras_example_pkg_2/package.dsv
-- Installing: /home/alex/ras2_ws/install/ras_example_pkg_2/share/ament_index/resource_index/packages/ras_example_pkg_2
-- Installing: /home/alex/ras2_ws/install/ras_example_pkg_2/share/ras_example_pkg_2/cmake/ras_example_pkg_2Config.cmake
-- Installing: /home/alex/ras2_ws/install/ras_example_pkg_2/share/ras_example_pkg_2/cmake/ras_example_pkg_2Config-version.cmake
-- Installing: /home/alex/ras2_ws/install/ras_example_pkg_2/share/ras_example_pkg_2/package.xml
