[0.375s] Invoking command in '/home/alex/ras2_ws/build/ras_example_pkg_2': CMAKE_PREFIX_PATH=${CMAKE_PREFIX_PATH}:/home/alex/ras2_ws/install/ras_example_pkg_1:/opt/ros/jazzy DEBUGINFOD_URLS=https://debuginfod.ubuntu.com /usr/bin/cmake /home/alex/ras2_ws/src/ras_example_pkg_2 -DCMAKE_INSTALL_PREFIX=/home/alex/ras2_ws/install/ras_example_pkg_2
[0.649s] -- The C compiler identification is GNU 13.3.0
[0.870s] -- The CXX compiler identification is GNU 13.3.0
[0.916s] -- Detecting C compiler ABI info
[1.114s] -- Detecting C compiler ABI info - done
[1.132s] -- Check for working C compiler: /usr/bin/cc - skipped
[1.133s] -- Detecting C compile features
[1.134s] -- Detecting C compile features - done
[1.156s] -- Detecting CXX compiler ABI info
[1.356s] -- Detecting CXX compiler ABI info - done
[1.374s] -- Check for working CXX compiler: /usr/bin/c++ - skipped
[1.374s] -- Detecting CXX compile features
[1.375s] -- Detecting CXX compile features - done
[1.385s] -- Found ament_cmake: 2.5.3 (/opt/ros/jazzy/share/ament_cmake/cmake)
[1.652s] -- Found Python3: /usr/bin/python3 (found version "3.12.3") found components: Interpreter 
[1.874s] -- Found ament_lint_auto: 0.17.1 (/opt/ros/jazzy/share/ament_lint_auto/cmake)
[2.071s] -- Added test 'cppcheck' to perform static code analysis on C / C++ code
[2.072s] -- Configured cppcheck include dirs: $<BUILD_INTERFACE:/home/alex/ras2_ws/src/ras_example_pkg_2/include>
[2.072s] -- Configured cppcheck exclude dirs and/or files: 
[2.073s] -- Added test 'lint_cmake' to check CMake code style
[2.076s] -- Added test 'uncrustify' to check C / C++ code style
[2.076s] -- Configured uncrustify additional arguments: 
[2.077s] -- Added test 'xmllint' to check XML markup files
[2.081s] -- Configuring done (1.6s)
[2.089s] -- Generating done (0.0s)
[2.094s] -- Build files have been written to: /home/alex/ras2_ws/build/ras_example_pkg_2
[2.104s] Invoked command in '/home/alex/ras2_ws/build/ras_example_pkg_2' returned '0': CMAKE_PREFIX_PATH=${CMAKE_PREFIX_PATH}:/home/alex/ras2_ws/install/ras_example_pkg_1:/opt/ros/jazzy DEBUGINFOD_URLS=https://debuginfod.ubuntu.com /usr/bin/cmake /home/alex/ras2_ws/src/ras_example_pkg_2 -DCMAKE_INSTALL_PREFIX=/home/alex/ras2_ws/install/ras_example_pkg_2
[2.107s] Invoking command in '/home/alex/ras2_ws/build/ras_example_pkg_2': CMAKE_PREFIX_PATH=${CMAKE_PREFIX_PATH}:/home/alex/ras2_ws/install/ras_example_pkg_1:/opt/ros/jazzy DEBUGINFOD_URLS=https://debuginfod.ubuntu.com /usr/bin/cmake --build /home/alex/ras2_ws/build/ras_example_pkg_2 -- -j16 -l16
[2.209s] [ 50%] [32mBuilding CXX object CMakeFiles/ras_node_cpp.dir/src/ras_node_cpp.cpp.o[0m
[2.285s] [100%] [32m[1mLinking CXX executable ras_node_cpp[0m
[2.375s] [100%] Built target ras_node_cpp
[2.398s] Invoked command in '/home/alex/ras2_ws/build/ras_example_pkg_2' returned '0': CMAKE_PREFIX_PATH=${CMAKE_PREFIX_PATH}:/home/alex/ras2_ws/install/ras_example_pkg_1:/opt/ros/jazzy DEBUGINFOD_URLS=https://debuginfod.ubuntu.com /usr/bin/cmake --build /home/alex/ras2_ws/build/ras_example_pkg_2 -- -j16 -l16
[2.417s] Invoking command in '/home/alex/ras2_ws/build/ras_example_pkg_2': CMAKE_PREFIX_PATH=${CMAKE_PREFIX_PATH}:/home/alex/ras2_ws/install/ras_example_pkg_1:/opt/ros/jazzy DEBUGINFOD_URLS=https://debuginfod.ubuntu.com /usr/bin/cmake --install /home/alex/ras2_ws/build/ras_example_pkg_2
[2.430s] -- Install configuration: ""
[2.430s] -- Installing: /home/alex/ras2_ws/install/ras_example_pkg_2/lib/ras_example_pkg_2/ras_node_cpp
[2.431s] -- Installing: /home/alex/ras2_ws/install/ras_example_pkg_2/share/ament_index/resource_index/package_run_dependencies/ras_example_pkg_2
[2.431s] -- Installing: /home/alex/ras2_ws/install/ras_example_pkg_2/share/ament_index/resource_index/parent_prefix_path/ras_example_pkg_2
[2.432s] -- Installing: /home/alex/ras2_ws/install/ras_example_pkg_2/share/ras_example_pkg_2/environment/ament_prefix_path.sh
[2.432s] -- Installing: /home/alex/ras2_ws/install/ras_example_pkg_2/share/ras_example_pkg_2/environment/ament_prefix_path.dsv
[2.432s] -- Installing: /home/alex/ras2_ws/install/ras_example_pkg_2/share/ras_example_pkg_2/environment/path.sh
[2.433s] -- Installing: /home/alex/ras2_ws/install/ras_example_pkg_2/share/ras_example_pkg_2/environment/path.dsv
[2.433s] -- Installing: /home/alex/ras2_ws/install/ras_example_pkg_2/share/ras_example_pkg_2/local_setup.bash
[2.433s] -- Installing: /home/alex/ras2_ws/install/ras_example_pkg_2/share/ras_example_pkg_2/local_setup.sh
[2.433s] -- Installing: /home/alex/ras2_ws/install/ras_example_pkg_2/share/ras_example_pkg_2/local_setup.zsh
[2.434s] -- Installing: /home/alex/ras2_ws/install/ras_example_pkg_2/share/ras_example_pkg_2/local_setup.dsv
[2.434s] -- Installing: /home/alex/ras2_ws/install/ras_example_pkg_2/share/ras_example_pkg_2/package.dsv
[2.434s] -- Installing: /home/alex/ras2_ws/install/ras_example_pkg_2/share/ament_index/resource_index/packages/ras_example_pkg_2
[2.434s] -- Installing: /home/alex/ras2_ws/install/ras_example_pkg_2/share/ras_example_pkg_2/cmake/ras_example_pkg_2Config.cmake
[2.435s] -- Installing: /home/alex/ras2_ws/install/ras_example_pkg_2/share/ras_example_pkg_2/cmake/ras_example_pkg_2Config-version.cmake
[2.435s] -- Installing: /home/alex/ras2_ws/install/ras_example_pkg_2/share/ras_example_pkg_2/package.xml
[2.440s] Invoked command in '/home/alex/ras2_ws/build/ras_example_pkg_2' returned '0': CMAKE_PREFIX_PATH=${CMAKE_PREFIX_PATH}:/home/alex/ras2_ws/install/ras_example_pkg_1:/opt/ros/jazzy DEBUGINFOD_URLS=https://debuginfod.ubuntu.com /usr/bin/cmake --install /home/alex/ras2_ws/build/ras_example_pkg_2
