[1.572s] Invoking command in '/home/alex/ras2_ws/src/ras2_services': DEBUGINFOD_URLS=https://debuginfod.ubuntu.com PYTHONPATH=/home/alex/ras2_ws/build/ras2_services/prefix_override:/usr/lib/python3/dist-packages/colcon_core/task/python/colcon_distutils_commands:/home/alex/ras2_ws/install/ras2_services/lib/python3.12/site-packages:${PYTHONPATH} /usr/bin/python3 -W ignore:setup.py install is deprecated -W ignore:easy_install command is deprecated setup.py egg_info --egg-base ../../build/ras2_services build --build-base /home/alex/ras2_ws/build/ras2_services/build install --record /home/alex/ras2_ws/build/ras2_services/install.log --single-version-externally-managed install_data
[1.813s] running egg_info
[1.830s] writing ../../build/ras2_services/ras2_services.egg-info/PKG-INFO
[1.830s] writing dependency_links to ../../build/ras2_services/ras2_services.egg-info/dependency_links.txt
[1.831s] writing entry points to ../../build/ras2_services/ras2_services.egg-info/entry_points.txt
[1.831s] writing requirements to ../../build/ras2_services/ras2_services.egg-info/requires.txt
[1.831s] writing top-level names to ../../build/ras2_services/ras2_services.egg-info/top_level.txt
[1.866s] reading manifest file '../../build/ras2_services/ras2_services.egg-info/SOURCES.txt'
[1.867s] writing manifest file '../../build/ras2_services/ras2_services.egg-info/SOURCES.txt'
[1.867s] running build
[1.867s] running build_py
[1.868s] running install
[1.874s] running install_lib
[1.892s] running install_data
[1.893s] running install_egg_info
[1.912s] removing '/home/alex/ras2_ws/install/ras2_services/lib/python3.12/site-packages/ras2_services-0.0.0-py3.12.egg-info' (and everything under it)
[1.912s] Copying ../../build/ras2_services/ras2_services.egg-info to /home/alex/ras2_ws/install/ras2_services/lib/python3.12/site-packages/ras2_services-0.0.0-py3.12.egg-info
[1.913s] running install_scripts
[2.031s] Installing client script to /home/alex/ras2_ws/install/ras2_services/lib/ras2_services
[2.032s] Installing server script to /home/alex/ras2_ws/install/ras2_services/lib/ras2_services
[2.032s] writing list of installed files to '/home/alex/ras2_ws/build/ras2_services/install.log'
[2.106s] Invoked command in '/home/alex/ras2_ws/src/ras2_services' returned '0': DEBUGINFOD_URLS=https://debuginfod.ubuntu.com PYTHONPATH=/home/alex/ras2_ws/build/ras2_services/prefix_override:/usr/lib/python3/dist-packages/colcon_core/task/python/colcon_distutils_commands:/home/alex/ras2_ws/install/ras2_services/lib/python3.12/site-packages:${PYTHONPATH} /usr/bin/python3 -W ignore:setup.py install is deprecated -W ignore:easy_install command is deprecated setup.py egg_info --egg-base ../../build/ras2_services build --build-base /home/alex/ras2_ws/build/ras2_services/build install --record /home/alex/ras2_ws/build/ras2_services/install.log --single-version-externally-managed install_data
