[0.087s] DEBUG:colcon:Command line arguments: ['/usr/bin/colcon', 'build']
[0.087s] DEBUG:colcon:Parsed command line arguments: Namespace(log_base=None, log_level=None, verb_name='build', build_base='build', install_base='install', merge_install=False, symlink_install=False, test_result_base=None, continue_on_error=False, executor='parallel', parallel_workers=16, event_handlers=None, ignore_user_meta=False, metas=['./colcon.meta'], base_paths=['.'], packages_ignore=None, packages_ignore_regex=None, paths=None, packages_up_to=None, packages_up_to_regex=None, packages_above=None, packages_above_and_dependencies=None, packages_above_depth=None, packages_select_by_dep=None, packages_skip_by_dep=None, packages_skip_up_to=None, packages_select_build_failed=False, packages_skip_build_finished=False, packages_select_test_failures=False, packages_skip_test_passed=False, packages_select=None, packages_skip=None, packages_select_regex=None, packages_skip_regex=None, packages_start=None, packages_end=None, allow_overriding=[], cmake_args=None, cmake_target=None, cmake_target_skip_unavailable=False, cmake_clean_cache=False, cmake_clean_first=False, cmake_force_configure=False, ament_cmake_args=None, catkin_cmake_args=None, catkin_skip_building_tests=False, mixin_files=None, mixin=None, verb_parser=<colcon_mixin.mixin.mixin_argument.MixinArgumentDecorator object at 0x72d6c2a6ae70>, verb_extension=<colcon_core.verb.build.BuildVerb object at 0x72d6c2a6aba0>, main=<bound method BuildVerb.main of <colcon_core.verb.build.BuildVerb object at 0x72d6c2a6aba0>>, mixin_verb=('build',))
[0.120s] Level 1:colcon.colcon_core.package_discovery:discover_packages(colcon_meta) check parameters
[0.120s] Level 1:colcon.colcon_core.package_discovery:discover_packages(recursive) check parameters
[0.120s] Level 1:colcon.colcon_core.package_discovery:discover_packages(ignore) check parameters
[0.120s] Level 1:colcon.colcon_core.package_discovery:discover_packages(path) check parameters
[0.120s] Level 1:colcon.colcon_core.package_discovery:discover_packages(colcon_meta) discover
[0.120s] Level 1:colcon.colcon_core.package_discovery:discover_packages(recursive) discover
[0.120s] INFO:colcon.colcon_core.package_discovery:Crawling recursively for packages in '/home/alex/ras2_ws'
[0.120s] Level 1:colcon.colcon_core.package_identification:_identify(.) by extensions ['ignore', 'ignore_ament_install']
[0.120s] Level 1:colcon.colcon_core.package_identification:_identify(.) by extension 'ignore'
[0.120s] Level 1:colcon.colcon_core.package_identification:_identify(.) by extension 'ignore_ament_install'
[0.120s] Level 1:colcon.colcon_core.package_identification:_identify(.) by extensions ['colcon_pkg']
[0.120s] Level 1:colcon.colcon_core.package_identification:_identify(.) by extension 'colcon_pkg'
[0.120s] Level 1:colcon.colcon_core.package_identification:_identify(.) by extensions ['colcon_meta']
[0.120s] Level 1:colcon.colcon_core.package_identification:_identify(.) by extension 'colcon_meta'
[0.121s] Level 1:colcon.colcon_core.package_identification:_identify(.) by extensions ['ros']
[0.121s] Level 1:colcon.colcon_core.package_identification:_identify(.) by extension 'ros'
[0.142s] Level 1:colcon.colcon_core.package_identification:_identify(.) by extensions ['cmake', 'python']
[0.142s] Level 1:colcon.colcon_core.package_identification:_identify(.) by extension 'cmake'
[0.142s] Level 1:colcon.colcon_core.package_identification:_identify(.) by extension 'python'
[0.142s] Level 1:colcon.colcon_core.package_identification:_identify(.) by extensions ['python_setup_py']
[0.142s] Level 1:colcon.colcon_core.package_identification:_identify(.) by extension 'python_setup_py'
[0.142s] Level 1:colcon.colcon_core.package_identification:_identify(build) by extensions ['ignore', 'ignore_ament_install']
[0.142s] Level 1:colcon.colcon_core.package_identification:_identify(build) by extension 'ignore'
[0.142s] Level 1:colcon.colcon_core.package_identification:_identify(build) ignored
[0.143s] Level 1:colcon.colcon_core.package_identification:_identify(install) by extensions ['ignore', 'ignore_ament_install']
[0.143s] Level 1:colcon.colcon_core.package_identification:_identify(install) by extension 'ignore'
[0.143s] Level 1:colcon.colcon_core.package_identification:_identify(install) ignored
[0.143s] Level 1:colcon.colcon_core.package_identification:_identify(log) by extensions ['ignore', 'ignore_ament_install']
[0.143s] Level 1:colcon.colcon_core.package_identification:_identify(log) by extension 'ignore'
[0.143s] Level 1:colcon.colcon_core.package_identification:_identify(log) ignored
[0.143s] Level 1:colcon.colcon_core.package_identification:_identify(src) by extensions ['ignore', 'ignore_ament_install']
[0.143s] Level 1:colcon.colcon_core.package_identification:_identify(src) by extension 'ignore'
[0.143s] Level 1:colcon.colcon_core.package_identification:_identify(src) by extension 'ignore_ament_install'
[0.143s] Level 1:colcon.colcon_core.package_identification:_identify(src) by extensions ['colcon_pkg']
[0.143s] Level 1:colcon.colcon_core.package_identification:_identify(src) by extension 'colcon_pkg'
[0.143s] Level 1:colcon.colcon_core.package_identification:_identify(src) by extensions ['colcon_meta']
[0.143s] Level 1:colcon.colcon_core.package_identification:_identify(src) by extension 'colcon_meta'
[0.143s] Level 1:colcon.colcon_core.package_identification:_identify(src) by extensions ['ros']
[0.143s] Level 1:colcon.colcon_core.package_identification:_identify(src) by extension 'ros'
[0.143s] Level 1:colcon.colcon_core.package_identification:_identify(src) by extensions ['cmake', 'python']
[0.143s] Level 1:colcon.colcon_core.package_identification:_identify(src) by extension 'cmake'
[0.143s] Level 1:colcon.colcon_core.package_identification:_identify(src) by extension 'python'
[0.143s] Level 1:colcon.colcon_core.package_identification:_identify(src) by extensions ['python_setup_py']
[0.143s] Level 1:colcon.colcon_core.package_identification:_identify(src) by extension 'python_setup_py'
[0.143s] Level 1:colcon.colcon_core.package_identification:_identify(src/ras2_topics) by extensions ['ignore', 'ignore_ament_install']
[0.143s] Level 1:colcon.colcon_core.package_identification:_identify(src/ras2_topics) by extension 'ignore'
[0.143s] Level 1:colcon.colcon_core.package_identification:_identify(src/ras2_topics) by extension 'ignore_ament_install'
[0.144s] Level 1:colcon.colcon_core.package_identification:_identify(src/ras2_topics) by extensions ['colcon_pkg']
[0.144s] Level 1:colcon.colcon_core.package_identification:_identify(src/ras2_topics) by extension 'colcon_pkg'
[0.144s] Level 1:colcon.colcon_core.package_identification:_identify(src/ras2_topics) by extensions ['colcon_meta']
[0.144s] Level 1:colcon.colcon_core.package_identification:_identify(src/ras2_topics) by extension 'colcon_meta'
[0.144s] Level 1:colcon.colcon_core.package_identification:_identify(src/ras2_topics) by extensions ['ros']
[0.144s] Level 1:colcon.colcon_core.package_identification:_identify(src/ras2_topics) by extension 'ros'
[0.146s] DEBUG:colcon.colcon_core.package_identification:Package 'src/ras2_topics' with type 'ros.ament_python' and name 'ras2_topics'
[0.146s] Level 1:colcon.colcon_core.package_identification:_identify(src/ras_example) by extensions ['ignore', 'ignore_ament_install']
[0.146s] Level 1:colcon.colcon_core.package_identification:_identify(src/ras_example) by extension 'ignore'
[0.146s] Level 1:colcon.colcon_core.package_identification:_identify(src/ras_example) by extension 'ignore_ament_install'
[0.146s] Level 1:colcon.colcon_core.package_identification:_identify(src/ras_example) by extensions ['colcon_pkg']
[0.146s] Level 1:colcon.colcon_core.package_identification:_identify(src/ras_example) by extension 'colcon_pkg'
[0.146s] Level 1:colcon.colcon_core.package_identification:_identify(src/ras_example) by extensions ['colcon_meta']
[0.146s] Level 1:colcon.colcon_core.package_identification:_identify(src/ras_example) by extension 'colcon_meta'
[0.146s] Level 1:colcon.colcon_core.package_identification:_identify(src/ras_example) by extensions ['ros']
[0.146s] Level 1:colcon.colcon_core.package_identification:_identify(src/ras_example) by extension 'ros'
[0.146s] DEBUG:colcon.colcon_core.package_identification:Package 'src/ras_example' with type 'ros.ament_cmake' and name 'ras_example'
[0.146s] Level 1:colcon.colcon_core.package_identification:_identify(src/ras_example2) by extensions ['ignore', 'ignore_ament_install']
[0.147s] Level 1:colcon.colcon_core.package_identification:_identify(src/ras_example2) by extension 'ignore'
[0.147s] Level 1:colcon.colcon_core.package_identification:_identify(src/ras_example2) by extension 'ignore_ament_install'
[0.147s] Level 1:colcon.colcon_core.package_identification:_identify(src/ras_example2) by extensions ['colcon_pkg']
[0.147s] Level 1:colcon.colcon_core.package_identification:_identify(src/ras_example2) by extension 'colcon_pkg'
[0.147s] Level 1:colcon.colcon_core.package_identification:_identify(src/ras_example2) by extensions ['colcon_meta']
[0.147s] Level 1:colcon.colcon_core.package_identification:_identify(src/ras_example2) by extension 'colcon_meta'
[0.147s] Level 1:colcon.colcon_core.package_identification:_identify(src/ras_example2) by extensions ['ros']
[0.147s] Level 1:colcon.colcon_core.package_identification:_identify(src/ras_example2) by extension 'ros'
[0.147s] DEBUG:colcon.colcon_core.package_identification:Package 'src/ras_example2' with type 'ros.ament_cmake' and name 'ras_example2'
[0.147s] Level 1:colcon.colcon_core.package_identification:_identify(src/ras_example_pkg_1) by extensions ['ignore', 'ignore_ament_install']
[0.147s] Level 1:colcon.colcon_core.package_identification:_identify(src/ras_example_pkg_1) by extension 'ignore'
[0.147s] Level 1:colcon.colcon_core.package_identification:_identify(src/ras_example_pkg_1) by extension 'ignore_ament_install'
[0.147s] Level 1:colcon.colcon_core.package_identification:_identify(src/ras_example_pkg_1) by extensions ['colcon_pkg']
[0.147s] Level 1:colcon.colcon_core.package_identification:_identify(src/ras_example_pkg_1) by extension 'colcon_pkg'
[0.147s] Level 1:colcon.colcon_core.package_identification:_identify(src/ras_example_pkg_1) by extensions ['colcon_meta']
[0.147s] Level 1:colcon.colcon_core.package_identification:_identify(src/ras_example_pkg_1) by extension 'colcon_meta'
[0.147s] Level 1:colcon.colcon_core.package_identification:_identify(src/ras_example_pkg_1) by extensions ['ros']
[0.147s] Level 1:colcon.colcon_core.package_identification:_identify(src/ras_example_pkg_1) by extension 'ros'
[0.148s] DEBUG:colcon.colcon_core.package_identification:Package 'src/ras_example_pkg_1' with type 'ros.ament_python' and name 'ras_example_pkg_1'
[0.148s] Level 1:colcon.colcon_core.package_identification:_identify(src/ras_example_pkg_2) by extensions ['ignore', 'ignore_ament_install']
[0.148s] Level 1:colcon.colcon_core.package_identification:_identify(src/ras_example_pkg_2) by extension 'ignore'
[0.148s] Level 1:colcon.colcon_core.package_identification:_identify(src/ras_example_pkg_2) by extension 'ignore_ament_install'
[0.148s] Level 1:colcon.colcon_core.package_identification:_identify(src/ras_example_pkg_2) by extensions ['colcon_pkg']
[0.148s] Level 1:colcon.colcon_core.package_identification:_identify(src/ras_example_pkg_2) by extension 'colcon_pkg'
[0.148s] Level 1:colcon.colcon_core.package_identification:_identify(src/ras_example_pkg_2) by extensions ['colcon_meta']
[0.148s] Level 1:colcon.colcon_core.package_identification:_identify(src/ras_example_pkg_2) by extension 'colcon_meta'
[0.148s] Level 1:colcon.colcon_core.package_identification:_identify(src/ras_example_pkg_2) by extensions ['ros']
[0.148s] Level 1:colcon.colcon_core.package_identification:_identify(src/ras_example_pkg_2) by extension 'ros'
[0.148s] DEBUG:colcon.colcon_core.package_identification:Package 'src/ras_example_pkg_2' with type 'ros.ament_cmake' and name 'ras_example_pkg_2'
[0.148s] Level 1:colcon.colcon_core.package_discovery:discover_packages(recursive) using defaults
[0.148s] Level 1:colcon.colcon_core.package_discovery:discover_packages(ignore) discover
[0.148s] Level 1:colcon.colcon_core.package_discovery:discover_packages(ignore) using defaults
[0.148s] Level 1:colcon.colcon_core.package_discovery:discover_packages(path) discover
[0.148s] Level 1:colcon.colcon_core.package_discovery:discover_packages(path) using defaults
[0.163s] Level 1:colcon.colcon_core.package_discovery:discover_packages(prefix_path) check parameters
[0.163s] Level 1:colcon.colcon_core.package_discovery:discover_packages(prefix_path) discover
[0.164s] DEBUG:colcon.colcon_installed_package_information.package_discovery:Found 5 installed packages in /home/alex/ras2_ws/install
[0.166s] DEBUG:colcon.colcon_installed_package_information.package_discovery:Found 285 installed packages in /opt/ros/jazzy
[0.166s] Level 1:colcon.colcon_core.package_discovery:discover_packages(prefix_path) using defaults
[0.201s] Level 5:colcon.colcon_core.verb:set package 'ras2_topics' build argument 'cmake_args' from command line to 'None'
[0.201s] Level 5:colcon.colcon_core.verb:set package 'ras2_topics' build argument 'cmake_target' from command line to 'None'
[0.201s] Level 5:colcon.colcon_core.verb:set package 'ras2_topics' build argument 'cmake_target_skip_unavailable' from command line to 'False'
[0.201s] Level 5:colcon.colcon_core.verb:set package 'ras2_topics' build argument 'cmake_clean_cache' from command line to 'False'
[0.201s] Level 5:colcon.colcon_core.verb:set package 'ras2_topics' build argument 'cmake_clean_first' from command line to 'False'
[0.201s] Level 5:colcon.colcon_core.verb:set package 'ras2_topics' build argument 'cmake_force_configure' from command line to 'False'
[0.201s] Level 5:colcon.colcon_core.verb:set package 'ras2_topics' build argument 'ament_cmake_args' from command line to 'None'
[0.201s] Level 5:colcon.colcon_core.verb:set package 'ras2_topics' build argument 'catkin_cmake_args' from command line to 'None'
[0.201s] Level 5:colcon.colcon_core.verb:set package 'ras2_topics' build argument 'catkin_skip_building_tests' from command line to 'False'
[0.201s] DEBUG:colcon.colcon_core.verb:Building package 'ras2_topics' with the following arguments: {'ament_cmake_args': None, 'build_base': '/home/alex/ras2_ws/build/ras2_topics', 'catkin_cmake_args': None, 'catkin_skip_building_tests': False, 'cmake_args': None, 'cmake_clean_cache': False, 'cmake_clean_first': False, 'cmake_force_configure': False, 'cmake_target': None, 'cmake_target_skip_unavailable': False, 'install_base': '/home/alex/ras2_ws/install/ras2_topics', 'merge_install': False, 'path': '/home/alex/ras2_ws/src/ras2_topics', 'symlink_install': False, 'test_result_base': None}
[0.201s] Level 5:colcon.colcon_core.verb:set package 'ras_example' build argument 'cmake_args' from command line to 'None'
[0.201s] Level 5:colcon.colcon_core.verb:set package 'ras_example' build argument 'cmake_target' from command line to 'None'
[0.201s] Level 5:colcon.colcon_core.verb:set package 'ras_example' build argument 'cmake_target_skip_unavailable' from command line to 'False'
[0.201s] Level 5:colcon.colcon_core.verb:set package 'ras_example' build argument 'cmake_clean_cache' from command line to 'False'
[0.201s] Level 5:colcon.colcon_core.verb:set package 'ras_example' build argument 'cmake_clean_first' from command line to 'False'
[0.201s] Level 5:colcon.colcon_core.verb:set package 'ras_example' build argument 'cmake_force_configure' from command line to 'False'
[0.201s] Level 5:colcon.colcon_core.verb:set package 'ras_example' build argument 'ament_cmake_args' from command line to 'None'
[0.201s] Level 5:colcon.colcon_core.verb:set package 'ras_example' build argument 'catkin_cmake_args' from command line to 'None'
[0.201s] Level 5:colcon.colcon_core.verb:set package 'ras_example' build argument 'catkin_skip_building_tests' from command line to 'False'
[0.201s] DEBUG:colcon.colcon_core.verb:Building package 'ras_example' with the following arguments: {'ament_cmake_args': None, 'build_base': '/home/alex/ras2_ws/build/ras_example', 'catkin_cmake_args': None, 'catkin_skip_building_tests': False, 'cmake_args': None, 'cmake_clean_cache': False, 'cmake_clean_first': False, 'cmake_force_configure': False, 'cmake_target': None, 'cmake_target_skip_unavailable': False, 'install_base': '/home/alex/ras2_ws/install/ras_example', 'merge_install': False, 'path': '/home/alex/ras2_ws/src/ras_example', 'symlink_install': False, 'test_result_base': None}
[0.201s] Level 5:colcon.colcon_core.verb:set package 'ras_example2' build argument 'cmake_args' from command line to 'None'
[0.202s] Level 5:colcon.colcon_core.verb:set package 'ras_example2' build argument 'cmake_target' from command line to 'None'
[0.202s] Level 5:colcon.colcon_core.verb:set package 'ras_example2' build argument 'cmake_target_skip_unavailable' from command line to 'False'
[0.202s] Level 5:colcon.colcon_core.verb:set package 'ras_example2' build argument 'cmake_clean_cache' from command line to 'False'
[0.202s] Level 5:colcon.colcon_core.verb:set package 'ras_example2' build argument 'cmake_clean_first' from command line to 'False'
[0.202s] Level 5:colcon.colcon_core.verb:set package 'ras_example2' build argument 'cmake_force_configure' from command line to 'False'
[0.202s] Level 5:colcon.colcon_core.verb:set package 'ras_example2' build argument 'ament_cmake_args' from command line to 'None'
[0.202s] Level 5:colcon.colcon_core.verb:set package 'ras_example2' build argument 'catkin_cmake_args' from command line to 'None'
[0.202s] Level 5:colcon.colcon_core.verb:set package 'ras_example2' build argument 'catkin_skip_building_tests' from command line to 'False'
[0.202s] DEBUG:colcon.colcon_core.verb:Building package 'ras_example2' with the following arguments: {'ament_cmake_args': None, 'build_base': '/home/alex/ras2_ws/build/ras_example2', 'catkin_cmake_args': None, 'catkin_skip_building_tests': False, 'cmake_args': None, 'cmake_clean_cache': False, 'cmake_clean_first': False, 'cmake_force_configure': False, 'cmake_target': None, 'cmake_target_skip_unavailable': False, 'install_base': '/home/alex/ras2_ws/install/ras_example2', 'merge_install': False, 'path': '/home/alex/ras2_ws/src/ras_example2', 'symlink_install': False, 'test_result_base': None}
[0.202s] Level 5:colcon.colcon_core.verb:set package 'ras_example_pkg_1' build argument 'cmake_args' from command line to 'None'
[0.202s] Level 5:colcon.colcon_core.verb:set package 'ras_example_pkg_1' build argument 'cmake_target' from command line to 'None'
[0.202s] Level 5:colcon.colcon_core.verb:set package 'ras_example_pkg_1' build argument 'cmake_target_skip_unavailable' from command line to 'False'
[0.202s] Level 5:colcon.colcon_core.verb:set package 'ras_example_pkg_1' build argument 'cmake_clean_cache' from command line to 'False'
[0.202s] Level 5:colcon.colcon_core.verb:set package 'ras_example_pkg_1' build argument 'cmake_clean_first' from command line to 'False'
[0.202s] Level 5:colcon.colcon_core.verb:set package 'ras_example_pkg_1' build argument 'cmake_force_configure' from command line to 'False'
[0.202s] Level 5:colcon.colcon_core.verb:set package 'ras_example_pkg_1' build argument 'ament_cmake_args' from command line to 'None'
[0.202s] Level 5:colcon.colcon_core.verb:set package 'ras_example_pkg_1' build argument 'catkin_cmake_args' from command line to 'None'
[0.202s] Level 5:colcon.colcon_core.verb:set package 'ras_example_pkg_1' build argument 'catkin_skip_building_tests' from command line to 'False'
[0.202s] DEBUG:colcon.colcon_core.verb:Building package 'ras_example_pkg_1' with the following arguments: {'ament_cmake_args': None, 'build_base': '/home/alex/ras2_ws/build/ras_example_pkg_1', 'catkin_cmake_args': None, 'catkin_skip_building_tests': False, 'cmake_args': None, 'cmake_clean_cache': False, 'cmake_clean_first': False, 'cmake_force_configure': False, 'cmake_target': None, 'cmake_target_skip_unavailable': False, 'install_base': '/home/alex/ras2_ws/install/ras_example_pkg_1', 'merge_install': False, 'path': '/home/alex/ras2_ws/src/ras_example_pkg_1', 'symlink_install': False, 'test_result_base': None}
[0.202s] Level 5:colcon.colcon_core.verb:set package 'ras_example_pkg_2' build argument 'cmake_args' from command line to 'None'
[0.202s] Level 5:colcon.colcon_core.verb:set package 'ras_example_pkg_2' build argument 'cmake_target' from command line to 'None'
[0.202s] Level 5:colcon.colcon_core.verb:set package 'ras_example_pkg_2' build argument 'cmake_target_skip_unavailable' from command line to 'False'
[0.202s] Level 5:colcon.colcon_core.verb:set package 'ras_example_pkg_2' build argument 'cmake_clean_cache' from command line to 'False'
[0.202s] Level 5:colcon.colcon_core.verb:set package 'ras_example_pkg_2' build argument 'cmake_clean_first' from command line to 'False'
[0.202s] Level 5:colcon.colcon_core.verb:set package 'ras_example_pkg_2' build argument 'cmake_force_configure' from command line to 'False'
[0.202s] Level 5:colcon.colcon_core.verb:set package 'ras_example_pkg_2' build argument 'ament_cmake_args' from command line to 'None'
[0.202s] Level 5:colcon.colcon_core.verb:set package 'ras_example_pkg_2' build argument 'catkin_cmake_args' from command line to 'None'
[0.202s] Level 5:colcon.colcon_core.verb:set package 'ras_example_pkg_2' build argument 'catkin_skip_building_tests' from command line to 'False'
[0.202s] DEBUG:colcon.colcon_core.verb:Building package 'ras_example_pkg_2' with the following arguments: {'ament_cmake_args': None, 'build_base': '/home/alex/ras2_ws/build/ras_example_pkg_2', 'catkin_cmake_args': None, 'catkin_skip_building_tests': False, 'cmake_args': None, 'cmake_clean_cache': False, 'cmake_clean_first': False, 'cmake_force_configure': False, 'cmake_target': None, 'cmake_target_skip_unavailable': False, 'install_base': '/home/alex/ras2_ws/install/ras_example_pkg_2', 'merge_install': False, 'path': '/home/alex/ras2_ws/src/ras_example_pkg_2', 'symlink_install': False, 'test_result_base': None}
[0.202s] INFO:colcon.colcon_core.executor:Executing jobs using 'parallel' executor
[0.203s] DEBUG:colcon.colcon_parallel_executor.executor.parallel:run_until_complete
[0.204s] INFO:colcon.colcon_ros.task.ament_python.build:Building ROS package in '/home/alex/ras2_ws/src/ras2_topics' with build type 'ament_python'
[0.204s] Level 1:colcon.colcon_core.shell:create_environment_hook('ras2_topics', 'ament_prefix_path')
[0.205s] INFO:colcon.colcon_core.plugin_system:Skipping extension 'colcon_core.shell.bat': Not used on non-Windows systems
[0.205s] INFO:colcon.colcon_core.shell:Creating environment hook '/home/alex/ras2_ws/install/ras2_topics/share/ras2_topics/hook/ament_prefix_path.ps1'
[0.206s] INFO:colcon.colcon_core.shell:Creating environment descriptor '/home/alex/ras2_ws/install/ras2_topics/share/ras2_topics/hook/ament_prefix_path.dsv'
[0.206s] INFO:colcon.colcon_core.shell:Creating environment hook '/home/alex/ras2_ws/install/ras2_topics/share/ras2_topics/hook/ament_prefix_path.sh'
[0.207s] INFO:colcon.colcon_core.shell:Skip shell extension 'powershell' for command environment: Not usable outside of PowerShell
[0.207s] DEBUG:colcon.colcon_core.shell:Skip shell extension 'dsv' for command environment
[0.210s] INFO:colcon.colcon_ros.task.ament_cmake.build:Building ROS package in '/home/alex/ras2_ws/src/ras_example' with build type 'ament_cmake'
[0.210s] INFO:colcon.colcon_cmake.task.cmake.build:Building CMake package in '/home/alex/ras2_ws/src/ras_example'
[0.210s] INFO:colcon.colcon_core.shell:Skip shell extension 'powershell' for command environment: Not usable outside of PowerShell
[0.210s] DEBUG:colcon.colcon_core.shell:Skip shell extension 'dsv' for command environment
[0.213s] INFO:colcon.colcon_ros.task.ament_cmake.build:Building ROS package in '/home/alex/ras2_ws/src/ras_example2' with build type 'ament_cmake'
[0.213s] INFO:colcon.colcon_cmake.task.cmake.build:Building CMake package in '/home/alex/ras2_ws/src/ras_example2'
[0.213s] INFO:colcon.colcon_core.shell:Skip shell extension 'powershell' for command environment: Not usable outside of PowerShell
[0.213s] DEBUG:colcon.colcon_core.shell:Skip shell extension 'dsv' for command environment
[0.217s] INFO:colcon.colcon_ros.task.ament_python.build:Building ROS package in '/home/alex/ras2_ws/src/ras_example_pkg_1' with build type 'ament_python'
[0.217s] Level 1:colcon.colcon_core.shell:create_environment_hook('ras_example_pkg_1', 'ament_prefix_path')
[0.217s] INFO:colcon.colcon_core.shell:Creating environment hook '/home/alex/ras2_ws/install/ras_example_pkg_1/share/ras_example_pkg_1/hook/ament_prefix_path.ps1'
[0.218s] INFO:colcon.colcon_core.shell:Creating environment descriptor '/home/alex/ras2_ws/install/ras_example_pkg_1/share/ras_example_pkg_1/hook/ament_prefix_path.dsv'
[0.218s] INFO:colcon.colcon_core.shell:Creating environment hook '/home/alex/ras2_ws/install/ras_example_pkg_1/share/ras_example_pkg_1/hook/ament_prefix_path.sh'
[0.218s] INFO:colcon.colcon_core.shell:Skip shell extension 'powershell' for command environment: Not usable outside of PowerShell
[0.218s] DEBUG:colcon.colcon_core.shell:Skip shell extension 'dsv' for command environment
[0.221s] INFO:colcon.colcon_ros.task.ament_cmake.build:Building ROS package in '/home/alex/ras2_ws/src/ras_example_pkg_2' with build type 'ament_cmake'
[0.221s] INFO:colcon.colcon_cmake.task.cmake.build:Building CMake package in '/home/alex/ras2_ws/src/ras_example_pkg_2'
[0.221s] INFO:colcon.colcon_core.shell:Skip shell extension 'powershell' for command environment: Not usable outside of PowerShell
[0.221s] DEBUG:colcon.colcon_core.shell:Skip shell extension 'dsv' for command environment
[0.405s] INFO:colcon.colcon_core.task.python.build:Building Python package in '/home/alex/ras2_ws/src/ras2_topics'
[0.405s] INFO:colcon.colcon_core.shell:Skip shell extension 'powershell' for command environment: Not usable outside of PowerShell
[0.405s] DEBUG:colcon.colcon_core.shell:Skip shell extension 'dsv' for command environment
[0.411s] DEBUG:colcon.colcon_core.event_handler.log_command:Invoking command in '/home/alex/ras2_ws/build/ras_example': CMAKE_PREFIX_PATH=${CMAKE_PREFIX_PATH}:/home/alex/ras2_ws/install/ras_example_pkg_1:/home/alex/ras2_ws/install/ras2_topics:/opt/ros/jazzy DEBUGINFOD_URLS=https://debuginfod.ubuntu.com /usr/bin/cmake --build /home/alex/ras2_ws/build/ras_example -- -j16 -l16
[0.413s] DEBUG:colcon.colcon_core.event_handler.log_command:Invoking command in '/home/alex/ras2_ws/build/ras_example2': CMAKE_PREFIX_PATH=${CMAKE_PREFIX_PATH}:/home/alex/ras2_ws/install/ras_example_pkg_1:/home/alex/ras2_ws/install/ras2_topics:/opt/ros/jazzy DEBUGINFOD_URLS=https://debuginfod.ubuntu.com /usr/bin/cmake --build /home/alex/ras2_ws/build/ras_example2 -- -j16 -l16
[0.596s] INFO:colcon.colcon_core.task.python.build:Building Python package in '/home/alex/ras2_ws/src/ras_example_pkg_1'
[0.596s] INFO:colcon.colcon_core.shell:Skip shell extension 'powershell' for command environment: Not usable outside of PowerShell
[0.596s] DEBUG:colcon.colcon_core.shell:Skip shell extension 'dsv' for command environment
[0.602s] DEBUG:colcon.colcon_core.event_handler.log_command:Invoked command in '/home/alex/ras2_ws/build/ras_example' returned '0': CMAKE_PREFIX_PATH=${CMAKE_PREFIX_PATH}:/home/alex/ras2_ws/install/ras_example_pkg_1:/home/alex/ras2_ws/install/ras2_topics:/opt/ros/jazzy DEBUGINFOD_URLS=https://debuginfod.ubuntu.com /usr/bin/cmake --build /home/alex/ras2_ws/build/ras_example -- -j16 -l16
[0.613s] DEBUG:colcon.colcon_core.event_handler.log_command:Invoking command in '/home/alex/ras2_ws/build/ras_example': CMAKE_PREFIX_PATH=${CMAKE_PREFIX_PATH}:/home/alex/ras2_ws/install/ras_example_pkg_1:/home/alex/ras2_ws/install/ras2_topics:/opt/ros/jazzy DEBUGINFOD_URLS=https://debuginfod.ubuntu.com /usr/bin/cmake --install /home/alex/ras2_ws/build/ras_example
[0.614s] DEBUG:colcon.colcon_core.event_handler.log_command:Invoked command in '/home/alex/ras2_ws/build/ras_example2' returned '0': CMAKE_PREFIX_PATH=${CMAKE_PREFIX_PATH}:/home/alex/ras2_ws/install/ras_example_pkg_1:/home/alex/ras2_ws/install/ras2_topics:/opt/ros/jazzy DEBUGINFOD_URLS=https://debuginfod.ubuntu.com /usr/bin/cmake --build /home/alex/ras2_ws/build/ras_example2 -- -j16 -l16
[0.615s] DEBUG:colcon.colcon_core.event_handler.log_command:Invoking command in '/home/alex/ras2_ws/build/ras_example2': CMAKE_PREFIX_PATH=${CMAKE_PREFIX_PATH}:/home/alex/ras2_ws/install/ras_example_pkg_1:/home/alex/ras2_ws/install/ras2_topics:/opt/ros/jazzy DEBUGINFOD_URLS=https://debuginfod.ubuntu.com /usr/bin/cmake --install /home/alex/ras2_ws/build/ras_example2
[0.617s] DEBUG:colcon.colcon_core.event_handler.log_command:Invoking command in '/home/alex/ras2_ws/build/ras_example_pkg_2': CMAKE_PREFIX_PATH=${CMAKE_PREFIX_PATH}:/home/alex/ras2_ws/install/ras_example_pkg_1:/home/alex/ras2_ws/install/ras2_topics:/opt/ros/jazzy DEBUGINFOD_URLS=https://debuginfod.ubuntu.com /usr/bin/cmake --build /home/alex/ras2_ws/build/ras_example_pkg_2 -- -j16 -l16
[0.625s] Level 1:colcon.colcon_core.environment:create_environment_scripts_only(ras_example)
[0.625s] DEBUG:colcon.colcon_core.event_handler.log_command:Invoked command in '/home/alex/ras2_ws/build/ras_example' returned '0': CMAKE_PREFIX_PATH=${CMAKE_PREFIX_PATH}:/home/alex/ras2_ws/install/ras_example_pkg_1:/home/alex/ras2_ws/install/ras2_topics:/opt/ros/jazzy DEBUGINFOD_URLS=https://debuginfod.ubuntu.com /usr/bin/cmake --install /home/alex/ras2_ws/build/ras_example
[0.627s] Level 1:colcon.colcon_core.environment:checking '/home/alex/ras2_ws/install/ras_example' for CMake module files
[0.628s] Level 1:colcon.colcon_core.environment:checking '/home/alex/ras2_ws/install/ras_example' for CMake config files
[0.628s] Level 1:colcon.colcon_core.shell:create_environment_hook('ras_example', 'cmake_prefix_path')
[0.628s] INFO:colcon.colcon_core.shell:Creating environment hook '/home/alex/ras2_ws/install/ras_example/share/ras_example/hook/cmake_prefix_path.ps1'
[0.628s] INFO:colcon.colcon_core.shell:Creating environment descriptor '/home/alex/ras2_ws/install/ras_example/share/ras_example/hook/cmake_prefix_path.dsv'
[0.629s] INFO:colcon.colcon_core.shell:Creating environment hook '/home/alex/ras2_ws/install/ras_example/share/ras_example/hook/cmake_prefix_path.sh'
[0.629s] Level 1:colcon.colcon_core.environment:checking '/home/alex/ras2_ws/install/ras_example/bin'
[0.629s] Level 1:colcon.colcon_core.environment:checking '/home/alex/ras2_ws/install/ras_example/lib/pkgconfig/ras_example.pc'
[0.630s] Level 1:colcon.colcon_core.environment:checking '/home/alex/ras2_ws/install/ras_example/lib/python3.12/site-packages'
[0.630s] Level 1:colcon.colcon_core.environment:checking '/home/alex/ras2_ws/install/ras_example/bin'
[0.630s] INFO:colcon.colcon_core.shell:Creating package script '/home/alex/ras2_ws/install/ras_example/share/ras_example/package.ps1'
[0.631s] INFO:colcon.colcon_core.shell:Creating package descriptor '/home/alex/ras2_ws/install/ras_example/share/ras_example/package.dsv'
[0.631s] INFO:colcon.colcon_core.shell:Creating package script '/home/alex/ras2_ws/install/ras_example/share/ras_example/package.sh'
[0.631s] INFO:colcon.colcon_core.shell:Creating package script '/home/alex/ras2_ws/install/ras_example/share/ras_example/package.bash'
[0.632s] INFO:colcon.colcon_core.shell:Creating package script '/home/alex/ras2_ws/install/ras_example/share/ras_example/package.zsh'
[0.632s] Level 1:colcon.colcon_core.environment:create_file_with_runtime_dependencies(/home/alex/ras2_ws/install/ras_example/share/colcon-core/packages/ras_example)
[0.633s] Level 1:colcon.colcon_core.environment:create_environment_scripts_only(ras_example)
[0.633s] Level 1:colcon.colcon_core.environment:checking '/home/alex/ras2_ws/install/ras_example' for CMake module files
[0.633s] Level 1:colcon.colcon_core.environment:checking '/home/alex/ras2_ws/install/ras_example' for CMake config files
[0.633s] Level 1:colcon.colcon_core.shell:create_environment_hook('ras_example', 'cmake_prefix_path')
[0.634s] INFO:colcon.colcon_core.shell:Creating environment hook '/home/alex/ras2_ws/install/ras_example/share/ras_example/hook/cmake_prefix_path.ps1'
[0.634s] INFO:colcon.colcon_core.shell:Creating environment descriptor '/home/alex/ras2_ws/install/ras_example/share/ras_example/hook/cmake_prefix_path.dsv'
[0.634s] INFO:colcon.colcon_core.shell:Creating environment hook '/home/alex/ras2_ws/install/ras_example/share/ras_example/hook/cmake_prefix_path.sh'
[0.635s] Level 1:colcon.colcon_core.environment:checking '/home/alex/ras2_ws/install/ras_example/bin'
[0.635s] Level 1:colcon.colcon_core.environment:checking '/home/alex/ras2_ws/install/ras_example/lib/pkgconfig/ras_example.pc'
[0.635s] Level 1:colcon.colcon_core.environment:checking '/home/alex/ras2_ws/install/ras_example/lib/python3.12/site-packages'
[0.635s] Level 1:colcon.colcon_core.environment:checking '/home/alex/ras2_ws/install/ras_example/bin'
[0.635s] INFO:colcon.colcon_core.shell:Creating package script '/home/alex/ras2_ws/install/ras_example/share/ras_example/package.ps1'
[0.636s] INFO:colcon.colcon_core.shell:Creating package descriptor '/home/alex/ras2_ws/install/ras_example/share/ras_example/package.dsv'
[0.636s] INFO:colcon.colcon_core.shell:Creating package script '/home/alex/ras2_ws/install/ras_example/share/ras_example/package.sh'
[0.636s] INFO:colcon.colcon_core.shell:Creating package script '/home/alex/ras2_ws/install/ras_example/share/ras_example/package.bash'
[0.637s] INFO:colcon.colcon_core.shell:Creating package script '/home/alex/ras2_ws/install/ras_example/share/ras_example/package.zsh'
[0.637s] Level 1:colcon.colcon_core.environment:create_file_with_runtime_dependencies(/home/alex/ras2_ws/install/ras_example/share/colcon-core/packages/ras_example)
[0.638s] Level 1:colcon.colcon_core.environment:create_environment_scripts_only(ras_example2)
[0.639s] Level 1:colcon.colcon_core.environment:checking '/home/alex/ras2_ws/install/ras_example2' for CMake module files
[0.639s] DEBUG:colcon.colcon_core.event_handler.log_command:Invoked command in '/home/alex/ras2_ws/build/ras_example2' returned '0': CMAKE_PREFIX_PATH=${CMAKE_PREFIX_PATH}:/home/alex/ras2_ws/install/ras_example_pkg_1:/home/alex/ras2_ws/install/ras2_topics:/opt/ros/jazzy DEBUGINFOD_URLS=https://debuginfod.ubuntu.com /usr/bin/cmake --install /home/alex/ras2_ws/build/ras_example2
[0.640s] Level 1:colcon.colcon_core.environment:checking '/home/alex/ras2_ws/install/ras_example2' for CMake config files
[0.640s] Level 1:colcon.colcon_core.shell:create_environment_hook('ras_example2', 'cmake_prefix_path')
[0.640s] INFO:colcon.colcon_core.shell:Creating environment hook '/home/alex/ras2_ws/install/ras_example2/share/ras_example2/hook/cmake_prefix_path.ps1'
[0.640s] INFO:colcon.colcon_core.shell:Creating environment descriptor '/home/alex/ras2_ws/install/ras_example2/share/ras_example2/hook/cmake_prefix_path.dsv'
[0.641s] INFO:colcon.colcon_core.shell:Creating environment hook '/home/alex/ras2_ws/install/ras_example2/share/ras_example2/hook/cmake_prefix_path.sh'
[0.641s] Level 1:colcon.colcon_core.environment:checking '/home/alex/ras2_ws/install/ras_example2/bin'
[0.641s] Level 1:colcon.colcon_core.environment:checking '/home/alex/ras2_ws/install/ras_example2/lib/pkgconfig/ras_example2.pc'
[0.641s] Level 1:colcon.colcon_core.environment:checking '/home/alex/ras2_ws/install/ras_example2/lib/python3.12/site-packages'
[0.642s] Level 1:colcon.colcon_core.environment:checking '/home/alex/ras2_ws/install/ras_example2/bin'
[0.642s] INFO:colcon.colcon_core.shell:Creating package script '/home/alex/ras2_ws/install/ras_example2/share/ras_example2/package.ps1'
[0.642s] INFO:colcon.colcon_core.shell:Creating package descriptor '/home/alex/ras2_ws/install/ras_example2/share/ras_example2/package.dsv'
[0.643s] INFO:colcon.colcon_core.shell:Creating package script '/home/alex/ras2_ws/install/ras_example2/share/ras_example2/package.sh'
[0.643s] INFO:colcon.colcon_core.shell:Creating package script '/home/alex/ras2_ws/install/ras_example2/share/ras_example2/package.bash'
[0.643s] INFO:colcon.colcon_core.shell:Creating package script '/home/alex/ras2_ws/install/ras_example2/share/ras_example2/package.zsh'
[0.644s] Level 1:colcon.colcon_core.environment:create_file_with_runtime_dependencies(/home/alex/ras2_ws/install/ras_example2/share/colcon-core/packages/ras_example2)
[0.644s] Level 1:colcon.colcon_core.environment:create_environment_scripts_only(ras_example2)
[0.644s] Level 1:colcon.colcon_core.environment:checking '/home/alex/ras2_ws/install/ras_example2' for CMake module files
[0.645s] Level 1:colcon.colcon_core.environment:checking '/home/alex/ras2_ws/install/ras_example2' for CMake config files
[0.645s] Level 1:colcon.colcon_core.shell:create_environment_hook('ras_example2', 'cmake_prefix_path')
[0.645s] INFO:colcon.colcon_core.shell:Creating environment hook '/home/alex/ras2_ws/install/ras_example2/share/ras_example2/hook/cmake_prefix_path.ps1'
[0.646s] INFO:colcon.colcon_core.shell:Creating environment descriptor '/home/alex/ras2_ws/install/ras_example2/share/ras_example2/hook/cmake_prefix_path.dsv'
[0.646s] INFO:colcon.colcon_core.shell:Creating environment hook '/home/alex/ras2_ws/install/ras_example2/share/ras_example2/hook/cmake_prefix_path.sh'
[0.646s] Level 1:colcon.colcon_core.environment:checking '/home/alex/ras2_ws/install/ras_example2/bin'
[0.647s] Level 1:colcon.colcon_core.environment:checking '/home/alex/ras2_ws/install/ras_example2/lib/pkgconfig/ras_example2.pc'
[0.647s] Level 1:colcon.colcon_core.environment:checking '/home/alex/ras2_ws/install/ras_example2/lib/python3.12/site-packages'
[0.647s] Level 1:colcon.colcon_core.environment:checking '/home/alex/ras2_ws/install/ras_example2/bin'
[0.647s] INFO:colcon.colcon_core.shell:Creating package script '/home/alex/ras2_ws/install/ras_example2/share/ras_example2/package.ps1'
[0.648s] INFO:colcon.colcon_core.shell:Creating package descriptor '/home/alex/ras2_ws/install/ras_example2/share/ras_example2/package.dsv'
[0.648s] INFO:colcon.colcon_core.shell:Creating package script '/home/alex/ras2_ws/install/ras_example2/share/ras_example2/package.sh'
[0.648s] INFO:colcon.colcon_core.shell:Creating package script '/home/alex/ras2_ws/install/ras_example2/share/ras_example2/package.bash'
[0.649s] INFO:colcon.colcon_core.shell:Creating package script '/home/alex/ras2_ws/install/ras_example2/share/ras_example2/package.zsh'
[0.649s] Level 1:colcon.colcon_core.environment:create_file_with_runtime_dependencies(/home/alex/ras2_ws/install/ras_example2/share/colcon-core/packages/ras_example2)
[0.687s] DEBUG:colcon.colcon_core.event_handler.log_command:Invoked command in '/home/alex/ras2_ws/build/ras_example_pkg_2' returned '0': CMAKE_PREFIX_PATH=${CMAKE_PREFIX_PATH}:/home/alex/ras2_ws/install/ras_example_pkg_1:/home/alex/ras2_ws/install/ras2_topics:/opt/ros/jazzy DEBUGINFOD_URLS=https://debuginfod.ubuntu.com /usr/bin/cmake --build /home/alex/ras2_ws/build/ras_example_pkg_2 -- -j16 -l16
[0.688s] DEBUG:colcon.colcon_core.event_handler.log_command:Invoking command in '/home/alex/ras2_ws/build/ras_example_pkg_2': CMAKE_PREFIX_PATH=${CMAKE_PREFIX_PATH}:/home/alex/ras2_ws/install/ras_example_pkg_1:/home/alex/ras2_ws/install/ras2_topics:/opt/ros/jazzy DEBUGINFOD_URLS=https://debuginfod.ubuntu.com /usr/bin/cmake --install /home/alex/ras2_ws/build/ras_example_pkg_2
[0.699s] Level 1:colcon.colcon_core.environment:create_environment_scripts_only(ras_example_pkg_2)
[0.699s] Level 1:colcon.colcon_core.environment:checking '/home/alex/ras2_ws/install/ras_example_pkg_2' for CMake module files
[0.700s] DEBUG:colcon.colcon_core.event_handler.log_command:Invoked command in '/home/alex/ras2_ws/build/ras_example_pkg_2' returned '0': CMAKE_PREFIX_PATH=${CMAKE_PREFIX_PATH}:/home/alex/ras2_ws/install/ras_example_pkg_1:/home/alex/ras2_ws/install/ras2_topics:/opt/ros/jazzy DEBUGINFOD_URLS=https://debuginfod.ubuntu.com /usr/bin/cmake --install /home/alex/ras2_ws/build/ras_example_pkg_2
[0.700s] Level 1:colcon.colcon_core.environment:checking '/home/alex/ras2_ws/install/ras_example_pkg_2' for CMake config files
[0.701s] Level 1:colcon.colcon_core.shell:create_environment_hook('ras_example_pkg_2', 'cmake_prefix_path')
[0.701s] INFO:colcon.colcon_core.shell:Creating environment hook '/home/alex/ras2_ws/install/ras_example_pkg_2/share/ras_example_pkg_2/hook/cmake_prefix_path.ps1'
[0.702s] INFO:colcon.colcon_core.shell:Creating environment descriptor '/home/alex/ras2_ws/install/ras_example_pkg_2/share/ras_example_pkg_2/hook/cmake_prefix_path.dsv'
[0.702s] INFO:colcon.colcon_core.shell:Creating environment hook '/home/alex/ras2_ws/install/ras_example_pkg_2/share/ras_example_pkg_2/hook/cmake_prefix_path.sh'
[0.702s] Level 1:colcon.colcon_core.environment:checking '/home/alex/ras2_ws/install/ras_example_pkg_2/lib'
[0.702s] Level 1:colcon.colcon_core.environment:checking '/home/alex/ras2_ws/install/ras_example_pkg_2/bin'
[0.702s] Level 1:colcon.colcon_core.environment:checking '/home/alex/ras2_ws/install/ras_example_pkg_2/lib/pkgconfig/ras_example_pkg_2.pc'
[0.703s] Level 1:colcon.colcon_core.environment:checking '/home/alex/ras2_ws/install/ras_example_pkg_2/lib/python3.12/site-packages'
[0.703s] Level 1:colcon.colcon_core.environment:checking '/home/alex/ras2_ws/install/ras_example_pkg_2/bin'
[0.703s] INFO:colcon.colcon_core.shell:Creating package script '/home/alex/ras2_ws/install/ras_example_pkg_2/share/ras_example_pkg_2/package.ps1'
[0.703s] INFO:colcon.colcon_core.shell:Creating package descriptor '/home/alex/ras2_ws/install/ras_example_pkg_2/share/ras_example_pkg_2/package.dsv'
[0.704s] INFO:colcon.colcon_core.shell:Creating package script '/home/alex/ras2_ws/install/ras_example_pkg_2/share/ras_example_pkg_2/package.sh'
[0.704s] INFO:colcon.colcon_core.shell:Creating package script '/home/alex/ras2_ws/install/ras_example_pkg_2/share/ras_example_pkg_2/package.bash'
[0.705s] INFO:colcon.colcon_core.shell:Creating package script '/home/alex/ras2_ws/install/ras_example_pkg_2/share/ras_example_pkg_2/package.zsh'
[0.705s] Level 1:colcon.colcon_core.environment:create_file_with_runtime_dependencies(/home/alex/ras2_ws/install/ras_example_pkg_2/share/colcon-core/packages/ras_example_pkg_2)
[0.705s] Level 1:colcon.colcon_core.environment:create_environment_scripts_only(ras_example_pkg_2)
[0.705s] Level 1:colcon.colcon_core.environment:checking '/home/alex/ras2_ws/install/ras_example_pkg_2' for CMake module files
[0.706s] Level 1:colcon.colcon_core.environment:checking '/home/alex/ras2_ws/install/ras_example_pkg_2' for CMake config files
[0.706s] Level 1:colcon.colcon_core.shell:create_environment_hook('ras_example_pkg_2', 'cmake_prefix_path')
[0.706s] INFO:colcon.colcon_core.shell:Creating environment hook '/home/alex/ras2_ws/install/ras_example_pkg_2/share/ras_example_pkg_2/hook/cmake_prefix_path.ps1'
[0.706s] INFO:colcon.colcon_core.shell:Creating environment descriptor '/home/alex/ras2_ws/install/ras_example_pkg_2/share/ras_example_pkg_2/hook/cmake_prefix_path.dsv'
[0.707s] INFO:colcon.colcon_core.shell:Creating environment hook '/home/alex/ras2_ws/install/ras_example_pkg_2/share/ras_example_pkg_2/hook/cmake_prefix_path.sh'
[0.707s] Level 1:colcon.colcon_core.environment:checking '/home/alex/ras2_ws/install/ras_example_pkg_2/lib'
[0.707s] Level 1:colcon.colcon_core.environment:checking '/home/alex/ras2_ws/install/ras_example_pkg_2/bin'
[0.707s] Level 1:colcon.colcon_core.environment:checking '/home/alex/ras2_ws/install/ras_example_pkg_2/lib/pkgconfig/ras_example_pkg_2.pc'
[0.708s] Level 1:colcon.colcon_core.environment:checking '/home/alex/ras2_ws/install/ras_example_pkg_2/lib/python3.12/site-packages'
[0.708s] Level 1:colcon.colcon_core.environment:checking '/home/alex/ras2_ws/install/ras_example_pkg_2/bin'
[0.708s] INFO:colcon.colcon_core.shell:Creating package script '/home/alex/ras2_ws/install/ras_example_pkg_2/share/ras_example_pkg_2/package.ps1'
[0.708s] INFO:colcon.colcon_core.shell:Creating package descriptor '/home/alex/ras2_ws/install/ras_example_pkg_2/share/ras_example_pkg_2/package.dsv'
[0.709s] INFO:colcon.colcon_core.shell:Creating package script '/home/alex/ras2_ws/install/ras_example_pkg_2/share/ras_example_pkg_2/package.sh'
[0.709s] INFO:colcon.colcon_core.shell:Creating package script '/home/alex/ras2_ws/install/ras_example_pkg_2/share/ras_example_pkg_2/package.bash'
[0.710s] INFO:colcon.colcon_core.shell:Creating package script '/home/alex/ras2_ws/install/ras_example_pkg_2/share/ras_example_pkg_2/package.zsh'
[0.710s] Level 1:colcon.colcon_core.environment:create_file_with_runtime_dependencies(/home/alex/ras2_ws/install/ras_example_pkg_2/share/colcon-core/packages/ras_example_pkg_2)
[1.109s] DEBUG:colcon.colcon_core.event_handler.log_command:Invoking command in '/home/alex/ras2_ws/src/ras2_topics': DEBUGINFOD_URLS=https://debuginfod.ubuntu.com PYTHONPATH=/home/alex/ras2_ws/build/ras2_topics/prefix_override:/usr/lib/python3/dist-packages/colcon_core/task/python/colcon_distutils_commands:/home/alex/ras2_ws/install/ras2_topics/lib/python3.12/site-packages:${PYTHONPATH} /usr/bin/python3 -W ignore:setup.py install is deprecated -W ignore:easy_install command is deprecated setup.py egg_info --egg-base ../../build/ras2_topics build --build-base /home/alex/ras2_ws/build/ras2_topics/build install --record /home/alex/ras2_ws/build/ras2_topics/install.log --single-version-externally-managed install_data
[1.116s] DEBUG:colcon.colcon_core.event_handler.log_command:Invoking command in '/home/alex/ras2_ws/src/ras_example_pkg_1': DEBUGINFOD_URLS=https://debuginfod.ubuntu.com PYTHONPATH=/home/alex/ras2_ws/build/ras_example_pkg_1/prefix_override:/usr/lib/python3/dist-packages/colcon_core/task/python/colcon_distutils_commands:/home/alex/ras2_ws/install/ras_example_pkg_1/lib/python3.12/site-packages:${PYTHONPATH} /usr/bin/python3 -W ignore:setup.py install is deprecated -W ignore:easy_install command is deprecated setup.py egg_info --egg-base ../../build/ras_example_pkg_1 build --build-base /home/alex/ras2_ws/build/ras_example_pkg_1/build install --record /home/alex/ras2_ws/build/ras_example_pkg_1/install.log --single-version-externally-managed install_data
[1.568s] Level 1:colcon.colcon_core.environment:checking '/home/alex/ras2_ws/install/ras2_topics' for CMake module files
[1.568s] DEBUG:colcon.colcon_core.event_handler.log_command:Invoked command in '/home/alex/ras2_ws/src/ras2_topics' returned '0': DEBUGINFOD_URLS=https://debuginfod.ubuntu.com PYTHONPATH=/home/alex/ras2_ws/build/ras2_topics/prefix_override:/usr/lib/python3/dist-packages/colcon_core/task/python/colcon_distutils_commands:/home/alex/ras2_ws/install/ras2_topics/lib/python3.12/site-packages:${PYTHONPATH} /usr/bin/python3 -W ignore:setup.py install is deprecated -W ignore:easy_install command is deprecated setup.py egg_info --egg-base ../../build/ras2_topics build --build-base /home/alex/ras2_ws/build/ras2_topics/build install --record /home/alex/ras2_ws/build/ras2_topics/install.log --single-version-externally-managed install_data
[1.568s] Level 1:colcon.colcon_core.environment:checking '/home/alex/ras2_ws/install/ras2_topics' for CMake config files
[1.569s] Level 1:colcon.colcon_core.environment:checking '/home/alex/ras2_ws/install/ras2_topics/lib'
[1.569s] Level 1:colcon.colcon_core.environment:checking '/home/alex/ras2_ws/install/ras2_topics/bin'
[1.569s] Level 1:colcon.colcon_core.environment:checking '/home/alex/ras2_ws/install/ras2_topics/lib/pkgconfig/ras2_topics.pc'
[1.569s] Level 1:colcon.colcon_core.environment:checking '/home/alex/ras2_ws/install/ras2_topics/lib/python3.12/site-packages'
[1.569s] Level 1:colcon.colcon_core.shell:create_environment_hook('ras2_topics', 'pythonpath')
[1.569s] INFO:colcon.colcon_core.shell:Creating environment hook '/home/alex/ras2_ws/install/ras2_topics/share/ras2_topics/hook/pythonpath.ps1'
[1.570s] INFO:colcon.colcon_core.shell:Creating environment descriptor '/home/alex/ras2_ws/install/ras2_topics/share/ras2_topics/hook/pythonpath.dsv'
[1.570s] INFO:colcon.colcon_core.shell:Creating environment hook '/home/alex/ras2_ws/install/ras2_topics/share/ras2_topics/hook/pythonpath.sh'
[1.570s] Level 1:colcon.colcon_core.environment:checking '/home/alex/ras2_ws/install/ras2_topics/bin'
[1.570s] Level 1:colcon.colcon_core.environment:create_environment_scripts_only(ras2_topics)
[1.571s] INFO:colcon.colcon_core.shell:Creating package script '/home/alex/ras2_ws/install/ras2_topics/share/ras2_topics/package.ps1'
[1.571s] INFO:colcon.colcon_core.shell:Creating package descriptor '/home/alex/ras2_ws/install/ras2_topics/share/ras2_topics/package.dsv'
[1.571s] INFO:colcon.colcon_core.shell:Creating package script '/home/alex/ras2_ws/install/ras2_topics/share/ras2_topics/package.sh'
[1.572s] INFO:colcon.colcon_core.shell:Creating package script '/home/alex/ras2_ws/install/ras2_topics/share/ras2_topics/package.bash'
[1.572s] INFO:colcon.colcon_core.shell:Creating package script '/home/alex/ras2_ws/install/ras2_topics/share/ras2_topics/package.zsh'
[1.572s] Level 1:colcon.colcon_core.environment:create_file_with_runtime_dependencies(/home/alex/ras2_ws/install/ras2_topics/share/colcon-core/packages/ras2_topics)
[1.573s] Level 1:colcon.colcon_core.environment:checking '/home/alex/ras2_ws/install/ras_example_pkg_1' for CMake module files
[1.574s] Level 1:colcon.colcon_core.environment:checking '/home/alex/ras2_ws/install/ras_example_pkg_1' for CMake config files
[1.574s] DEBUG:colcon.colcon_core.event_handler.log_command:Invoked command in '/home/alex/ras2_ws/src/ras_example_pkg_1' returned '0': DEBUGINFOD_URLS=https://debuginfod.ubuntu.com PYTHONPATH=/home/alex/ras2_ws/build/ras_example_pkg_1/prefix_override:/usr/lib/python3/dist-packages/colcon_core/task/python/colcon_distutils_commands:/home/alex/ras2_ws/install/ras_example_pkg_1/lib/python3.12/site-packages:${PYTHONPATH} /usr/bin/python3 -W ignore:setup.py install is deprecated -W ignore:easy_install command is deprecated setup.py egg_info --egg-base ../../build/ras_example_pkg_1 build --build-base /home/alex/ras2_ws/build/ras_example_pkg_1/build install --record /home/alex/ras2_ws/build/ras_example_pkg_1/install.log --single-version-externally-managed install_data
[1.575s] Level 1:colcon.colcon_core.environment:checking '/home/alex/ras2_ws/install/ras_example_pkg_1/lib'
[1.575s] Level 1:colcon.colcon_core.environment:checking '/home/alex/ras2_ws/install/ras_example_pkg_1/bin'
[1.575s] Level 1:colcon.colcon_core.environment:checking '/home/alex/ras2_ws/install/ras_example_pkg_1/lib/pkgconfig/ras_example_pkg_1.pc'
[1.575s] Level 1:colcon.colcon_core.environment:checking '/home/alex/ras2_ws/install/ras_example_pkg_1/lib/python3.12/site-packages'
[1.575s] Level 1:colcon.colcon_core.shell:create_environment_hook('ras_example_pkg_1', 'pythonpath')
[1.575s] INFO:colcon.colcon_core.shell:Creating environment hook '/home/alex/ras2_ws/install/ras_example_pkg_1/share/ras_example_pkg_1/hook/pythonpath.ps1'
[1.575s] INFO:colcon.colcon_core.shell:Creating environment descriptor '/home/alex/ras2_ws/install/ras_example_pkg_1/share/ras_example_pkg_1/hook/pythonpath.dsv'
[1.576s] INFO:colcon.colcon_core.shell:Creating environment hook '/home/alex/ras2_ws/install/ras_example_pkg_1/share/ras_example_pkg_1/hook/pythonpath.sh'
[1.576s] Level 1:colcon.colcon_core.environment:checking '/home/alex/ras2_ws/install/ras_example_pkg_1/bin'
[1.576s] Level 1:colcon.colcon_core.environment:create_environment_scripts_only(ras_example_pkg_1)
[1.577s] INFO:colcon.colcon_core.shell:Creating package script '/home/alex/ras2_ws/install/ras_example_pkg_1/share/ras_example_pkg_1/package.ps1'
[1.577s] INFO:colcon.colcon_core.shell:Creating package descriptor '/home/alex/ras2_ws/install/ras_example_pkg_1/share/ras_example_pkg_1/package.dsv'
[1.577s] INFO:colcon.colcon_core.shell:Creating package script '/home/alex/ras2_ws/install/ras_example_pkg_1/share/ras_example_pkg_1/package.sh'
[1.578s] INFO:colcon.colcon_core.shell:Creating package script '/home/alex/ras2_ws/install/ras_example_pkg_1/share/ras_example_pkg_1/package.bash'
[1.578s] INFO:colcon.colcon_core.shell:Creating package script '/home/alex/ras2_ws/install/ras_example_pkg_1/share/ras_example_pkg_1/package.zsh'
[1.578s] Level 1:colcon.colcon_core.environment:create_file_with_runtime_dependencies(/home/alex/ras2_ws/install/ras_example_pkg_1/share/colcon-core/packages/ras_example_pkg_1)
[1.578s] DEBUG:colcon.colcon_parallel_executor.executor.parallel:closing loop
[1.579s] DEBUG:colcon.colcon_parallel_executor.executor.parallel:loop closed
[1.579s] DEBUG:colcon.colcon_parallel_executor.executor.parallel:run_until_complete finished with '0'
[1.579s] DEBUG:colcon.colcon_core.event_reactor:joining thread
[1.584s] INFO:colcon.colcon_core.plugin_system:Skipping extension 'colcon_notification.desktop_notification.terminal_notifier': Not used on non-Darwin systems
[1.584s] INFO:colcon.colcon_core.plugin_system:Skipping extension 'colcon_notification.desktop_notification.win32': Not used on non-Windows systems
[1.584s] INFO:colcon.colcon_notification.desktop_notification:Sending desktop notification using 'notify2'
[1.599s] DEBUG:colcon.colcon_core.event_reactor:joined thread
[1.600s] INFO:colcon.colcon_core.shell:Creating prefix script '/home/alex/ras2_ws/install/local_setup.ps1'
[1.601s] INFO:colcon.colcon_core.shell:Creating prefix util module '/home/alex/ras2_ws/install/_local_setup_util_ps1.py'
[1.601s] INFO:colcon.colcon_core.shell:Creating prefix chain script '/home/alex/ras2_ws/install/setup.ps1'
[1.602s] INFO:colcon.colcon_core.shell:Creating prefix script '/home/alex/ras2_ws/install/local_setup.sh'
[1.603s] INFO:colcon.colcon_core.shell:Creating prefix util module '/home/alex/ras2_ws/install/_local_setup_util_sh.py'
[1.603s] INFO:colcon.colcon_core.shell:Creating prefix chain script '/home/alex/ras2_ws/install/setup.sh'
[1.604s] INFO:colcon.colcon_core.shell:Creating prefix script '/home/alex/ras2_ws/install/local_setup.bash'
[1.604s] INFO:colcon.colcon_core.shell:Creating prefix chain script '/home/alex/ras2_ws/install/setup.bash'
[1.605s] INFO:colcon.colcon_core.shell:Creating prefix script '/home/alex/ras2_ws/install/local_setup.zsh'
[1.605s] INFO:colcon.colcon_core.shell:Creating prefix chain script '/home/alex/ras2_ws/install/setup.zsh'
