[1.830s] Invoking command in '/home/alex/ras2_ws/src/ras_example_pkg_1': DEBUGINFOD_URLS=https://debuginfod.ubuntu.com PYTHONPATH=/home/alex/ras2_ws/build/ras_example_pkg_1/prefix_override:/usr/lib/python3/dist-packages/colcon_core/task/python/colcon_distutils_commands:/home/alex/ras2_ws/install/ras_example_pkg_1/lib/python3.12/site-packages:${PYTHONPATH} /usr/bin/python3 -W ignore:setup.py install is deprecated -W ignore:easy_install command is deprecated setup.py egg_info --egg-base ../../build/ras_example_pkg_1 build --build-base /home/alex/ras2_ws/build/ras_example_pkg_1/build install --record /home/alex/ras2_ws/build/ras_example_pkg_1/install.log --single-version-externally-managed install_data
[2.266s] running egg_info
[2.299s] writing ../../build/ras_example_pkg_1/ras_example_pkg_1.egg-info/PKG-INFO
[2.299s] writing dependency_links to ../../build/ras_example_pkg_1/ras_example_pkg_1.egg-info/dependency_links.txt
[2.300s] writing entry points to ../../build/ras_example_pkg_1/ras_example_pkg_1.egg-info/entry_points.txt
[2.300s] writing requirements to ../../build/ras_example_pkg_1/ras_example_pkg_1.egg-info/requires.txt
[2.300s] writing top-level names to ../../build/ras_example_pkg_1/ras_example_pkg_1.egg-info/top_level.txt
[2.365s] reading manifest file '../../build/ras_example_pkg_1/ras_example_pkg_1.egg-info/SOURCES.txt'
[2.366s] writing manifest file '../../build/ras_example_pkg_1/ras_example_pkg_1.egg-info/SOURCES.txt'
[2.366s] running build
[2.366s] running build_py
[2.366s] running install
[2.377s] running install_lib
[2.410s] running install_data
[2.410s] running install_egg_info
[2.444s] removing '/home/alex/ras2_ws/install/ras_example_pkg_1/lib/python3.12/site-packages/ras_example_pkg_1-0.0.0-py3.12.egg-info' (and everything under it)
[2.444s] Copying ../../build/ras_example_pkg_1/ras_example_pkg_1.egg-info to /home/alex/ras2_ws/install/ras_example_pkg_1/lib/python3.12/site-packages/ras_example_pkg_1-0.0.0-py3.12.egg-info
[2.446s] running install_scripts
[2.658s] Installing ras_node script to /home/alex/ras2_ws/install/ras_example_pkg_1/lib/ras_example_pkg_1
[2.658s] writing list of installed files to '/home/alex/ras2_ws/build/ras_example_pkg_1/install.log'
[2.714s] Invoked command in '/home/alex/ras2_ws/src/ras_example_pkg_1' returned '0': DEBUGINFOD_URLS=https://debuginfod.ubuntu.com PYTHONPATH=/home/alex/ras2_ws/build/ras_example_pkg_1/prefix_override:/usr/lib/python3/dist-packages/colcon_core/task/python/colcon_distutils_commands:/home/alex/ras2_ws/install/ras_example_pkg_1/lib/python3.12/site-packages:${PYTHONPATH} /usr/bin/python3 -W ignore:setup.py install is deprecated -W ignore:easy_install command is deprecated setup.py egg_info --egg-base ../../build/ras_example_pkg_1 build --build-base /home/alex/ras2_ws/build/ras_example_pkg_1/build install --record /home/alex/ras2_ws/build/ras_example_pkg_1/install.log --single-version-externally-managed install_data
