[2.799s] Invoking command in '/home/alex/ras2_ws/src/ras2_topics': DEBUGINFOD_URLS=https://debuginfod.ubuntu.com PYTHONPATH=/home/alex/ras2_ws/build/ras2_topics/prefix_override:/usr/lib/python3/dist-packages/colcon_core/task/python/colcon_distutils_commands:/home/alex/ras2_ws/install/ras2_topics/lib/python3.12/site-packages:${PYTHONPATH} /usr/bin/python3 -W ignore:setup.py install is deprecated -W ignore:easy_install command is deprecated setup.py egg_info --egg-base ../../build/ras2_topics build --build-base /home/alex/ras2_ws/build/ras2_topics/build install --record /home/alex/ras2_ws/build/ras2_topics/install.log --single-version-externally-managed install_data
[3.231s] running egg_info
[3.263s] writing ../../build/ras2_topics/ras2_topics.egg-info/PKG-INFO
[3.264s] writing dependency_links to ../../build/ras2_topics/ras2_topics.egg-info/dependency_links.txt
[3.264s] writing entry points to ../../build/ras2_topics/ras2_topics.egg-info/entry_points.txt
[3.265s] writing requirements to ../../build/ras2_topics/ras2_topics.egg-info/requires.txt
[3.265s] writing top-level names to ../../build/ras2_topics/ras2_topics.egg-info/top_level.txt
[3.329s] reading manifest file '../../build/ras2_topics/ras2_topics.egg-info/SOURCES.txt'
[3.331s] writing manifest file '../../build/ras2_topics/ras2_topics.egg-info/SOURCES.txt'
[3.331s] running build
[3.331s] running build_py
[3.333s] running install
[3.343s] running install_lib
[3.377s] running install_data
[3.378s] running install_egg_info
[3.412s] removing '/home/alex/ras2_ws/install/ras2_topics/lib/python3.12/site-packages/ras2_topics-0.0.0-py3.12.egg-info' (and everything under it)
[3.413s] Copying ../../build/ras2_topics/ras2_topics.egg-info to /home/alex/ras2_ws/install/ras2_topics/lib/python3.12/site-packages/ras2_topics-0.0.0-py3.12.egg-info
[3.414s] running install_scripts
[3.631s] Installing publisher script to /home/alex/ras2_ws/install/ras2_topics/lib/ras2_topics
[3.631s] Installing subscriber script to /home/alex/ras2_ws/install/ras2_topics/lib/ras2_topics
[3.631s] writing list of installed files to '/home/alex/ras2_ws/build/ras2_topics/install.log'
[3.712s] Invoked command in '/home/alex/ras2_ws/src/ras2_topics' returned '0': DEBUGINFOD_URLS=https://debuginfod.ubuntu.com PYTHONPATH=/home/alex/ras2_ws/build/ras2_topics/prefix_override:/usr/lib/python3/dist-packages/colcon_core/task/python/colcon_distutils_commands:/home/alex/ras2_ws/install/ras2_topics/lib/python3.12/site-packages:${PYTHONPATH} /usr/bin/python3 -W ignore:setup.py install is deprecated -W ignore:easy_install command is deprecated setup.py egg_info --egg-base ../../build/ras2_topics build --build-base /home/alex/ras2_ws/build/ras2_topics/build install --record /home/alex/ras2_ws/build/ras2_topics/install.log --single-version-externally-managed install_data
