[1.490s] Invoking command in '/home/alex/ras2_ws/src/mobile_robot': DEBUGINFOD_URLS=https://debuginfod.ubuntu.com PYTHONPATH=/home/alex/ras2_ws/build/mobile_robot/prefix_override:/usr/lib/python3/dist-packages/colcon_core/task/python/colcon_distutils_commands:/home/alex/ras2_ws/install/mobile_robot/lib/python3.12/site-packages:${PYTHONPATH} /usr/bin/python3 -W ignore:setup.py install is deprecated -W ignore:easy_install command is deprecated setup.py egg_info --egg-base ../../build/mobile_robot build --build-base /home/alex/ras2_ws/build/mobile_robot/build install --record /home/alex/ras2_ws/build/mobile_robot/install.log --single-version-externally-managed install_data
[1.741s] running egg_info
[1.759s] writing ../../build/mobile_robot/mobile_robot.egg-info/PKG-INFO
[1.759s] writing dependency_links to ../../build/mobile_robot/mobile_robot.egg-info/dependency_links.txt
[1.759s] writing entry points to ../../build/mobile_robot/mobile_robot.egg-info/entry_points.txt
[1.760s] writing requirements to ../../build/mobile_robot/mobile_robot.egg-info/requires.txt
[1.760s] writing top-level names to ../../build/mobile_robot/mobile_robot.egg-info/top_level.txt
[1.796s] reading manifest file '../../build/mobile_robot/mobile_robot.egg-info/SOURCES.txt'
[1.797s] writing manifest file '../../build/mobile_robot/mobile_robot.egg-info/SOURCES.txt'
[1.797s] running build
[1.797s] running build_py
[1.797s] running install
[1.803s] running install_lib
[1.825s] running install_data
[1.826s] running install_egg_info
[1.846s] removing '/home/alex/ras2_ws/install/mobile_robot/lib/python3.12/site-packages/mobile_robot-0.0.1-py3.12.egg-info' (and everything under it)
[1.847s] Copying ../../build/mobile_robot/mobile_robot.egg-info to /home/alex/ras2_ws/install/mobile_robot/lib/python3.12/site-packages/mobile_robot-0.0.1-py3.12.egg-info
[1.848s] running install_scripts
[1.977s] Installing obstacle_avoider script to /home/alex/ras2_ws/install/mobile_robot/lib/mobile_robot
[1.977s] Installing wifi_bridge script to /home/alex/ras2_ws/install/mobile_robot/lib/mobile_robot
[1.977s] writing list of installed files to '/home/alex/ras2_ws/build/mobile_robot/install.log'
[2.039s] Invoked command in '/home/alex/ras2_ws/src/mobile_robot' returned '0': DEBUGINFOD_URLS=https://debuginfod.ubuntu.com PYTHONPATH=/home/alex/ras2_ws/build/mobile_robot/prefix_override:/usr/lib/python3/dist-packages/colcon_core/task/python/colcon_distutils_commands:/home/alex/ras2_ws/install/mobile_robot/lib/python3.12/site-packages:${PYTHONPATH} /usr/bin/python3 -W ignore:setup.py install is deprecated -W ignore:easy_install command is deprecated setup.py egg_info --egg-base ../../build/mobile_robot build --build-base /home/alex/ras2_ws/build/mobile_robot/build install --record /home/alex/ras2_ws/build/mobile_robot/install.log --single-version-externally-managed install_data
