[0.033s] Invoking command in '/home/alex/ras2_ws/build/ras_example2': CMAKE_PREFIX_PATH=${CMAKE_PREFIX_PATH}:/home/alex/ras2_ws/install/ras_example_pkg_1:/opt/ros/jazzy DEBUGINFOD_URLS=https://debuginfod.ubuntu.com /usr/bin/cmake /home/alex/ras2_ws/src/ras_example2 -DCMAKE_INSTALL_PREFIX=/home/alex/ras2_ws/install/ras_example2
[0.429s] -- The C compiler identification is GNU 13.3.0
[0.429s] -- The CXX compiler identification is GNU 13.3.0
[0.429s] -- Detecting C compiler ABI info
[0.471s] -- Detecting C compiler ABI info - done
[0.489s] -- Check for working C compiler: /usr/bin/cc - skipped
[0.489s] -- Detecting C compile features
[0.489s] -- Detecting C compile features - done
[0.509s] -- Detecting CXX compiler ABI info
[0.714s] -- Detecting CXX compiler ABI info - done
[0.731s] -- Check for working CXX compiler: /usr/bin/c++ - skipped
[0.731s] -- Detecting CXX compile features
[0.732s] -- Detecting CXX compile features - done
[0.737s] -- Found ament_cmake: 2.5.3 (/opt/ros/jazzy/share/ament_cmake/cmake)
[0.994s] -- Found Python3: /usr/bin/python3 (found version "3.12.3") found components: Interpreter 
[1.178s] -- Found std_msgs: 5.3.5 (/opt/ros/jazzy/share/std_msgs/cmake)
[1.275s] -- Found rosidl_generator_c: 4.6.5 (/opt/ros/jazzy/share/rosidl_generator_c/cmake)
[1.307s] -- Found rosidl_generator_cpp: 4.6.5 (/opt/ros/jazzy/share/rosidl_generator_cpp/cmake)
[1.348s] -- Using all available rosidl_typesupport_c: rosidl_typesupport_fastrtps_c;rosidl_typesupport_introspection_c
[1.397s] -- Using all available rosidl_typesupport_cpp: rosidl_typesupport_fastrtps_cpp;rosidl_typesupport_introspection_cpp
[1.475s] -- Found geometry_msgs: 5.3.5 (/opt/ros/jazzy/share/geometry_msgs/cmake)
[1.513s] -- Found turtlesim: 1.8.3 (/opt/ros/jazzy/share/turtlesim/cmake)
[1.684s] -- Found ament_lint_auto: 0.17.1 (/opt/ros/jazzy/share/ament_lint_auto/cmake)
[1.870s] -- Added test 'lint_cmake' to check CMake code style
[1.871s] -- Added test 'xmllint' to check XML markup files
[1.874s] -- Configuring done (1.8s)
[1.883s] -- Generating done (0.0s)
[1.887s] -- Build files have been written to: /home/alex/ras2_ws/build/ras_example2
[1.902s] Invoked command in '/home/alex/ras2_ws/build/ras_example2' returned '0': CMAKE_PREFIX_PATH=${CMAKE_PREFIX_PATH}:/home/alex/ras2_ws/install/ras_example_pkg_1:/opt/ros/jazzy DEBUGINFOD_URLS=https://debuginfod.ubuntu.com /usr/bin/cmake /home/alex/ras2_ws/src/ras_example2 -DCMAKE_INSTALL_PREFIX=/home/alex/ras2_ws/install/ras_example2
[1.903s] Invoking command in '/home/alex/ras2_ws/build/ras_example2': CMAKE_PREFIX_PATH=${CMAKE_PREFIX_PATH}:/home/alex/ras2_ws/install/ras_example_pkg_1:/opt/ros/jazzy DEBUGINFOD_URLS=https://debuginfod.ubuntu.com /usr/bin/cmake --build /home/alex/ras2_ws/build/ras_example2 -- -j16 -l16
[1.988s] Invoked command in '/home/alex/ras2_ws/build/ras_example2' returned '0': CMAKE_PREFIX_PATH=${CMAKE_PREFIX_PATH}:/home/alex/ras2_ws/install/ras_example_pkg_1:/opt/ros/jazzy DEBUGINFOD_URLS=https://debuginfod.ubuntu.com /usr/bin/cmake --build /home/alex/ras2_ws/build/ras_example2 -- -j16 -l16
[1.990s] Invoking command in '/home/alex/ras2_ws/build/ras_example2': CMAKE_PREFIX_PATH=${CMAKE_PREFIX_PATH}:/home/alex/ras2_ws/install/ras_example_pkg_1:/opt/ros/jazzy DEBUGINFOD_URLS=https://debuginfod.ubuntu.com /usr/bin/cmake --install /home/alex/ras2_ws/build/ras_example2
[2.005s] -- Install configuration: ""
[2.006s] -- Installing: /home/alex/ras2_ws/install/ras_example2/share/ament_index/resource_index/package_run_dependencies/ras_example2
[2.006s] -- Installing: /home/alex/ras2_ws/install/ras_example2/share/ament_index/resource_index/parent_prefix_path/ras_example2
[2.007s] -- Installing: /home/alex/ras2_ws/install/ras_example2/share/ras_example2/environment/ament_prefix_path.sh
[2.007s] -- Installing: /home/alex/ras2_ws/install/ras_example2/share/ras_example2/environment/ament_prefix_path.dsv
[2.007s] -- Installing: /home/alex/ras2_ws/install/ras_example2/share/ras_example2/environment/path.sh
[2.008s] -- Installing: /home/alex/ras2_ws/install/ras_example2/share/ras_example2/environment/path.dsv
[2.008s] -- Installing: /home/alex/ras2_ws/install/ras_example2/share/ras_example2/local_setup.bash
[2.008s] -- Installing: /home/alex/ras2_ws/install/ras_example2/share/ras_example2/local_setup.sh
[2.008s] -- Installing: /home/alex/ras2_ws/install/ras_example2/share/ras_example2/local_setup.zsh
[2.009s] -- Installing: /home/alex/ras2_ws/install/ras_example2/share/ras_example2/local_setup.dsv
[2.009s] -- Installing: /home/alex/ras2_ws/install/ras_example2/share/ras_example2/package.dsv
[2.009s] -- Installing: /home/alex/ras2_ws/install/ras_example2/share/ament_index/resource_index/packages/ras_example2
[2.010s] -- Installing: /home/alex/ras2_ws/install/ras_example2/share/ras_example2/cmake/ras_example2Config.cmake
[2.010s] -- Installing: /home/alex/ras2_ws/install/ras_example2/share/ras_example2/cmake/ras_example2Config-version.cmake
[2.010s] -- Installing: /home/alex/ras2_ws/install/ras_example2/share/ras_example2/package.xml
[2.016s] Invoked command in '/home/alex/ras2_ws/build/ras_example2' returned '0': CMAKE_PREFIX_PATH=${CMAKE_PREFIX_PATH}:/home/alex/ras2_ws/install/ras_example_pkg_1:/opt/ros/jazzy DEBUGINFOD_URLS=https://debuginfod.ubuntu.com /usr/bin/cmake --install /home/alex/ras2_ws/build/ras_example2
