[0.384s] Invoking command in '/home/alex/ras2_ws/build/ras_example': CMAKE_PREFIX_PATH=${CMAKE_PREFIX_PATH}:/home/alex/ras2_ws/install/ras_example_pkg_1:/home/alex/ras2_ws/install/ras2_topics:/opt/ros/jazzy DEBUGINFOD_URLS=https://debuginfod.ubuntu.com /usr/bin/cmake --build /home/alex/ras2_ws/build/ras_example -- -j16 -l16
[0.571s] Invoked command in '/home/alex/ras2_ws/build/ras_example' returned '0': CMAKE_PREFIX_PATH=${CMAKE_PREFIX_PATH}:/home/alex/ras2_ws/install/ras_example_pkg_1:/home/alex/ras2_ws/install/ras2_topics:/opt/ros/jazzy DEBUGINFOD_URLS=https://debuginfod.ubuntu.com /usr/bin/cmake --build /home/alex/ras2_ws/build/ras_example -- -j16 -l16
[0.581s] Invoking command in '/home/alex/ras2_ws/build/ras_example': CMAKE_PREFIX_PATH=${CMAKE_PREFIX_PATH}:/home/alex/ras2_ws/install/ras_example_pkg_1:/home/alex/ras2_ws/install/ras2_topics:/opt/ros/jazzy DEBUGINFOD_URLS=https://debuginfod.ubuntu.com /usr/bin/cmake --install /home/alex/ras2_ws/build/ras_example
[0.590s] -- Install configuration: ""
[0.591s] -- Up-to-date: /home/alex/ras2_ws/install/ras_example/share/ament_index/resource_index/package_run_dependencies/ras_example
[0.591s] -- Up-to-date: /home/alex/ras2_ws/install/ras_example/share/ament_index/resource_index/parent_prefix_path/ras_example
[0.591s] -- Up-to-date: /home/alex/ras2_ws/install/ras_example/share/ras_example/environment/ament_prefix_path.sh
[0.591s] -- Up-to-date: /home/alex/ras2_ws/install/ras_example/share/ras_example/environment/ament_prefix_path.dsv
[0.591s] -- Up-to-date: /home/alex/ras2_ws/install/ras_example/share/ras_example/environment/path.sh
[0.591s] -- Up-to-date: /home/alex/ras2_ws/install/ras_example/share/ras_example/environment/path.dsv
[0.591s] -- Up-to-date: /home/alex/ras2_ws/install/ras_example/share/ras_example/local_setup.bash
[0.591s] -- Up-to-date: /home/alex/ras2_ws/install/ras_example/share/ras_example/local_setup.sh
[0.591s] -- Up-to-date: /home/alex/ras2_ws/install/ras_example/share/ras_example/local_setup.zsh
[0.591s] -- Up-to-date: /home/alex/ras2_ws/install/ras_example/share/ras_example/local_setup.dsv
[0.591s] -- Installing: /home/alex/ras2_ws/install/ras_example/share/ras_example/package.dsv
[0.591s] -- Up-to-date: /home/alex/ras2_ws/install/ras_example/share/ament_index/resource_index/packages/ras_example
[0.591s] -- Up-to-date: /home/alex/ras2_ws/install/ras_example/share/ras_example/cmake/ras_exampleConfig.cmake
[0.591s] -- Up-to-date: /home/alex/ras2_ws/install/ras_example/share/ras_example/cmake/ras_exampleConfig-version.cmake
[0.591s] -- Up-to-date: /home/alex/ras2_ws/install/ras_example/share/ras_example/package.xml
[0.598s] Invoked command in '/home/alex/ras2_ws/build/ras_example' returned '0': CMAKE_PREFIX_PATH=${CMAKE_PREFIX_PATH}:/home/alex/ras2_ws/install/ras_example_pkg_1:/home/alex/ras2_ws/install/ras2_topics:/opt/ros/jazzy DEBUGINFOD_URLS=https://debuginfod.ubuntu.com /usr/bin/cmake --install /home/alex/ras2_ws/build/ras_example
