running egg_info
creating ../../build/mobile_robot/mobile_robot.egg-info
writing ../../build/mobile_robot/mobile_robot.egg-info/PKG-INFO
writing dependency_links to ../../build/mobile_robot/mobile_robot.egg-info/dependency_links.txt
writing entry points to ../../build/mobile_robot/mobile_robot.egg-info/entry_points.txt
writing requirements to ../../build/mobile_robot/mobile_robot.egg-info/requires.txt
writing top-level names to ../../build/mobile_robot/mobile_robot.egg-info/top_level.txt
writing manifest file '../../build/mobile_robot/mobile_robot.egg-info/SOURCES.txt'
reading manifest file '../../build/mobile_robot/mobile_robot.egg-info/SOURCES.txt'
writing manifest file '../../build/mobile_robot/mobile_robot.egg-info/SOURCES.txt'
running build
running build_py
creating /home/alex/ras2_ws/build/mobile_robot/build
creating /home/alex/ras2_ws/build/mobile_robot/build/lib
creating /home/alex/ras2_ws/build/mobile_robot/build/lib/mobile_robot
copying mobile_robot/wifi_bridge.py -> /home/alex/ras2_ws/build/mobile_robot/build/lib/mobile_robot
copying mobile_robot/__init__.py -> /home/alex/ras2_ws/build/mobile_robot/build/lib/mobile_robot
copying mobile_robot/obstacle_avoider.py -> /home/alex/ras2_ws/build/mobile_robot/build/lib/mobile_robot
running install
running install_lib
creating /home/alex/ras2_ws/install/mobile_robot/lib/python3.12/site-packages/mobile_robot
copying /home/alex/ras2_ws/build/mobile_robot/build/lib/mobile_robot/wifi_bridge.py -> /home/alex/ras2_ws/install/mobile_robot/lib/python3.12/site-packages/mobile_robot
copying /home/alex/ras2_ws/build/mobile_robot/build/lib/mobile_robot/__init__.py -> /home/alex/ras2_ws/install/mobile_robot/lib/python3.12/site-packages/mobile_robot
copying /home/alex/ras2_ws/build/mobile_robot/build/lib/mobile_robot/obstacle_avoider.py -> /home/alex/ras2_ws/install/mobile_robot/lib/python3.12/site-packages/mobile_robot
byte-compiling /home/alex/ras2_ws/install/mobile_robot/lib/python3.12/site-packages/mobile_robot/wifi_bridge.py to wifi_bridge.cpython-312.pyc
byte-compiling /home/alex/ras2_ws/install/mobile_robot/lib/python3.12/site-packages/mobile_robot/__init__.py to __init__.cpython-312.pyc
byte-compiling /home/alex/ras2_ws/install/mobile_robot/lib/python3.12/site-packages/mobile_robot/obstacle_avoider.py to obstacle_avoider.cpython-312.pyc
running install_data
creating /home/alex/ras2_ws/install/mobile_robot/share/ament_index
creating /home/alex/ras2_ws/install/mobile_robot/share/ament_index/resource_index
creating /home/alex/ras2_ws/install/mobile_robot/share/ament_index/resource_index/packages
copying resource/mobile_robot -> /home/alex/ras2_ws/install/mobile_robot/share/ament_index/resource_index/packages
copying package.xml -> /home/alex/ras2_ws/install/mobile_robot/share/mobile_robot
creating /home/alex/ras2_ws/install/mobile_robot/share/mobile_robot/launch
running install_egg_info
Copying ../../build/mobile_robot/mobile_robot.egg-info to /home/alex/ras2_ws/install/mobile_robot/lib/python3.12/site-packages/mobile_robot-0.0.1-py3.12.egg-info
running install_scripts
Installing obstacle_avoider script to /home/alex/ras2_ws/install/mobile_robot/lib/mobile_robot
Installing wifi_bridge script to /home/alex/ras2_ws/install/mobile_robot/lib/mobile_robot
writing list of installed files to '/home/alex/ras2_ws/build/mobile_robot/install.log'
