[0.173s] DEBUG:colcon:Command line arguments: ['/usr/bin/colcon', 'build']
[0.173s] DEBUG:colcon:Parsed command line arguments: Namespace(log_base=None, log_level=None, verb_name='build', build_base='build', install_base='install', merge_install=False, symlink_install=False, test_result_base=None, continue_on_error=False, executor='parallel', parallel_workers=16, event_handlers=None, ignore_user_meta=False, metas=['./colcon.meta'], base_paths=['.'], packages_ignore=None, packages_ignore_regex=None, paths=None, packages_up_to=None, packages_up_to_regex=None, packages_above=None, packages_above_and_dependencies=None, packages_above_depth=None, packages_select_by_dep=None, packages_skip_by_dep=None, packages_skip_up_to=None, packages_select_build_failed=False, packages_skip_build_finished=False, packages_select_test_failures=False, packages_skip_test_passed=False, packages_select=None, packages_skip=None, packages_select_regex=None, packages_skip_regex=None, packages_start=None, packages_end=None, allow_overriding=[], cmake_args=None, cmake_target=None, cmake_target_skip_unavailable=False, cmake_clean_cache=False, cmake_clean_first=False, cmake_force_configure=False, ament_cmake_args=None, catkin_cmake_args=None, catkin_skip_building_tests=False, mixin_files=None, mixin=None, verb_parser=<colcon_mixin.mixin.mixin_argument.MixinArgumentDecorator object at 0x71e88ef6ec90>, verb_extension=<colcon_core.verb.build.BuildVerb object at 0x71e88ef6e9c0>, main=<bound method BuildVerb.main of <colcon_core.verb.build.BuildVerb object at 0x71e88ef6e9c0>>, mixin_verb=('build',))
[0.238s] Level 1:colcon.colcon_core.package_discovery:discover_packages(colcon_meta) check parameters
[0.239s] Level 1:colcon.colcon_core.package_discovery:discover_packages(recursive) check parameters
[0.239s] Level 1:colcon.colcon_core.package_discovery:discover_packages(ignore) check parameters
[0.239s] Level 1:colcon.colcon_core.package_discovery:discover_packages(path) check parameters
[0.239s] Level 1:colcon.colcon_core.package_discovery:discover_packages(colcon_meta) discover
[0.239s] Level 1:colcon.colcon_core.package_discovery:discover_packages(recursive) discover
[0.239s] INFO:colcon.colcon_core.package_discovery:Crawling recursively for packages in '/home/alex/ras2_ws'
[0.239s] Level 1:colcon.colcon_core.package_identification:_identify(.) by extensions ['ignore', 'ignore_ament_install']
[0.239s] Level 1:colcon.colcon_core.package_identification:_identify(.) by extension 'ignore'
[0.239s] Level 1:colcon.colcon_core.package_identification:_identify(.) by extension 'ignore_ament_install'
[0.239s] Level 1:colcon.colcon_core.package_identification:_identify(.) by extensions ['colcon_pkg']
[0.239s] Level 1:colcon.colcon_core.package_identification:_identify(.) by extension 'colcon_pkg'
[0.239s] Level 1:colcon.colcon_core.package_identification:_identify(.) by extensions ['colcon_meta']
[0.239s] Level 1:colcon.colcon_core.package_identification:_identify(.) by extension 'colcon_meta'
[0.239s] Level 1:colcon.colcon_core.package_identification:_identify(.) by extensions ['ros']
[0.239s] Level 1:colcon.colcon_core.package_identification:_identify(.) by extension 'ros'
[0.281s] Level 1:colcon.colcon_core.package_identification:_identify(.) by extensions ['cmake', 'python']
[0.281s] Level 1:colcon.colcon_core.package_identification:_identify(.) by extension 'cmake'
[0.281s] Level 1:colcon.colcon_core.package_identification:_identify(.) by extension 'python'
[0.281s] Level 1:colcon.colcon_core.package_identification:_identify(.) by extensions ['python_setup_py']
[0.281s] Level 1:colcon.colcon_core.package_identification:_identify(.) by extension 'python_setup_py'
[0.281s] Level 1:colcon.colcon_core.package_identification:_identify(build) by extensions ['ignore', 'ignore_ament_install']
[0.281s] Level 1:colcon.colcon_core.package_identification:_identify(build) by extension 'ignore'
[0.281s] Level 1:colcon.colcon_core.package_identification:_identify(build) ignored
[0.281s] Level 1:colcon.colcon_core.package_identification:_identify(install) by extensions ['ignore', 'ignore_ament_install']
[0.282s] Level 1:colcon.colcon_core.package_identification:_identify(install) by extension 'ignore'
[0.282s] Level 1:colcon.colcon_core.package_identification:_identify(install) ignored
[0.282s] Level 1:colcon.colcon_core.package_identification:_identify(log) by extensions ['ignore', 'ignore_ament_install']
[0.282s] Level 1:colcon.colcon_core.package_identification:_identify(log) by extension 'ignore'
[0.282s] Level 1:colcon.colcon_core.package_identification:_identify(log) ignored
[0.282s] Level 1:colcon.colcon_core.package_identification:_identify(src) by extensions ['ignore', 'ignore_ament_install']
[0.282s] Level 1:colcon.colcon_core.package_identification:_identify(src) by extension 'ignore'
[0.282s] Level 1:colcon.colcon_core.package_identification:_identify(src) by extension 'ignore_ament_install'
[0.282s] Level 1:colcon.colcon_core.package_identification:_identify(src) by extensions ['colcon_pkg']
[0.282s] Level 1:colcon.colcon_core.package_identification:_identify(src) by extension 'colcon_pkg'
[0.282s] Level 1:colcon.colcon_core.package_identification:_identify(src) by extensions ['colcon_meta']
[0.282s] Level 1:colcon.colcon_core.package_identification:_identify(src) by extension 'colcon_meta'
[0.283s] Level 1:colcon.colcon_core.package_identification:_identify(src) by extensions ['ros']
[0.283s] Level 1:colcon.colcon_core.package_identification:_identify(src) by extension 'ros'
[0.283s] Level 1:colcon.colcon_core.package_identification:_identify(src) by extensions ['cmake', 'python']
[0.283s] Level 1:colcon.colcon_core.package_identification:_identify(src) by extension 'cmake'
[0.283s] Level 1:colcon.colcon_core.package_identification:_identify(src) by extension 'python'
[0.283s] Level 1:colcon.colcon_core.package_identification:_identify(src) by extensions ['python_setup_py']
[0.283s] Level 1:colcon.colcon_core.package_identification:_identify(src) by extension 'python_setup_py'
[0.283s] Level 1:colcon.colcon_core.package_identification:_identify(src/ras_example_pkg_1) by extensions ['ignore', 'ignore_ament_install']
[0.283s] Level 1:colcon.colcon_core.package_identification:_identify(src/ras_example_pkg_1) by extension 'ignore'
[0.283s] Level 1:colcon.colcon_core.package_identification:_identify(src/ras_example_pkg_1) by extension 'ignore_ament_install'
[0.283s] Level 1:colcon.colcon_core.package_identification:_identify(src/ras_example_pkg_1) by extensions ['colcon_pkg']
[0.283s] Level 1:colcon.colcon_core.package_identification:_identify(src/ras_example_pkg_1) by extension 'colcon_pkg'
[0.283s] Level 1:colcon.colcon_core.package_identification:_identify(src/ras_example_pkg_1) by extensions ['colcon_meta']
[0.283s] Level 1:colcon.colcon_core.package_identification:_identify(src/ras_example_pkg_1) by extension 'colcon_meta'
[0.284s] Level 1:colcon.colcon_core.package_identification:_identify(src/ras_example_pkg_1) by extensions ['ros']
[0.284s] Level 1:colcon.colcon_core.package_identification:_identify(src/ras_example_pkg_1) by extension 'ros'
[0.288s] DEBUG:colcon.colcon_core.package_identification:Package 'src/ras_example_pkg_1' with type 'ros.ament_python' and name 'ras_example_pkg_1'
[0.289s] Level 1:colcon.colcon_core.package_identification:_identify(src/ras_example_pkg_2) by extensions ['ignore', 'ignore_ament_install']
[0.289s] Level 1:colcon.colcon_core.package_identification:_identify(src/ras_example_pkg_2) by extension 'ignore'
[0.289s] Level 1:colcon.colcon_core.package_identification:_identify(src/ras_example_pkg_2) by extension 'ignore_ament_install'
[0.289s] Level 1:colcon.colcon_core.package_identification:_identify(src/ras_example_pkg_2) by extensions ['colcon_pkg']
[0.289s] Level 1:colcon.colcon_core.package_identification:_identify(src/ras_example_pkg_2) by extension 'colcon_pkg'
[0.289s] Level 1:colcon.colcon_core.package_identification:_identify(src/ras_example_pkg_2) by extensions ['colcon_meta']
[0.289s] Level 1:colcon.colcon_core.package_identification:_identify(src/ras_example_pkg_2) by extension 'colcon_meta'
[0.289s] Level 1:colcon.colcon_core.package_identification:_identify(src/ras_example_pkg_2) by extensions ['ros']
[0.289s] Level 1:colcon.colcon_core.package_identification:_identify(src/ras_example_pkg_2) by extension 'ros'
[0.290s] DEBUG:colcon.colcon_core.package_identification:Package 'src/ras_example_pkg_2' with type 'ros.ament_cmake' and name 'ras_example_pkg_2'
[0.290s] Level 1:colcon.colcon_core.package_discovery:discover_packages(recursive) using defaults
[0.290s] Level 1:colcon.colcon_core.package_discovery:discover_packages(ignore) discover
[0.290s] Level 1:colcon.colcon_core.package_discovery:discover_packages(ignore) using defaults
[0.290s] Level 1:colcon.colcon_core.package_discovery:discover_packages(path) discover
[0.290s] Level 1:colcon.colcon_core.package_discovery:discover_packages(path) using defaults
[0.318s] Level 1:colcon.colcon_core.package_discovery:discover_packages(prefix_path) check parameters
[0.318s] Level 1:colcon.colcon_core.package_discovery:discover_packages(prefix_path) discover
[0.320s] DEBUG:colcon.colcon_installed_package_information.package_discovery:Found 1 installed packages in /home/alex/ras2_ws/install
[0.323s] DEBUG:colcon.colcon_installed_package_information.package_discovery:Found 285 installed packages in /opt/ros/jazzy
[0.324s] Level 1:colcon.colcon_core.package_discovery:discover_packages(prefix_path) using defaults
[0.393s] Level 5:colcon.colcon_core.verb:set package 'ras_example_pkg_1' build argument 'cmake_args' from command line to 'None'
[0.394s] Level 5:colcon.colcon_core.verb:set package 'ras_example_pkg_1' build argument 'cmake_target' from command line to 'None'
[0.394s] Level 5:colcon.colcon_core.verb:set package 'ras_example_pkg_1' build argument 'cmake_target_skip_unavailable' from command line to 'False'
[0.394s] Level 5:colcon.colcon_core.verb:set package 'ras_example_pkg_1' build argument 'cmake_clean_cache' from command line to 'False'
[0.394s] Level 5:colcon.colcon_core.verb:set package 'ras_example_pkg_1' build argument 'cmake_clean_first' from command line to 'False'
[0.394s] Level 5:colcon.colcon_core.verb:set package 'ras_example_pkg_1' build argument 'cmake_force_configure' from command line to 'False'
[0.394s] Level 5:colcon.colcon_core.verb:set package 'ras_example_pkg_1' build argument 'ament_cmake_args' from command line to 'None'
[0.394s] Level 5:colcon.colcon_core.verb:set package 'ras_example_pkg_1' build argument 'catkin_cmake_args' from command line to 'None'
[0.394s] Level 5:colcon.colcon_core.verb:set package 'ras_example_pkg_1' build argument 'catkin_skip_building_tests' from command line to 'False'
[0.394s] DEBUG:colcon.colcon_core.verb:Building package 'ras_example_pkg_1' with the following arguments: {'ament_cmake_args': None, 'build_base': '/home/alex/ras2_ws/build/ras_example_pkg_1', 'catkin_cmake_args': None, 'catkin_skip_building_tests': False, 'cmake_args': None, 'cmake_clean_cache': False, 'cmake_clean_first': False, 'cmake_force_configure': False, 'cmake_target': None, 'cmake_target_skip_unavailable': False, 'install_base': '/home/alex/ras2_ws/install/ras_example_pkg_1', 'merge_install': False, 'path': '/home/alex/ras2_ws/src/ras_example_pkg_1', 'symlink_install': False, 'test_result_base': None}
[0.394s] Level 5:colcon.colcon_core.verb:set package 'ras_example_pkg_2' build argument 'cmake_args' from command line to 'None'
[0.394s] Level 5:colcon.colcon_core.verb:set package 'ras_example_pkg_2' build argument 'cmake_target' from command line to 'None'
[0.394s] Level 5:colcon.colcon_core.verb:set package 'ras_example_pkg_2' build argument 'cmake_target_skip_unavailable' from command line to 'False'
[0.394s] Level 5:colcon.colcon_core.verb:set package 'ras_example_pkg_2' build argument 'cmake_clean_cache' from command line to 'False'
[0.394s] Level 5:colcon.colcon_core.verb:set package 'ras_example_pkg_2' build argument 'cmake_clean_first' from command line to 'False'
[0.394s] Level 5:colcon.colcon_core.verb:set package 'ras_example_pkg_2' build argument 'cmake_force_configure' from command line to 'False'
[0.394s] Level 5:colcon.colcon_core.verb:set package 'ras_example_pkg_2' build argument 'ament_cmake_args' from command line to 'None'
[0.394s] Level 5:colcon.colcon_core.verb:set package 'ras_example_pkg_2' build argument 'catkin_cmake_args' from command line to 'None'
[0.395s] Level 5:colcon.colcon_core.verb:set package 'ras_example_pkg_2' build argument 'catkin_skip_building_tests' from command line to 'False'
[0.395s] DEBUG:colcon.colcon_core.verb:Building package 'ras_example_pkg_2' with the following arguments: {'ament_cmake_args': None, 'build_base': '/home/alex/ras2_ws/build/ras_example_pkg_2', 'catkin_cmake_args': None, 'catkin_skip_building_tests': False, 'cmake_args': None, 'cmake_clean_cache': False, 'cmake_clean_first': False, 'cmake_force_configure': False, 'cmake_target': None, 'cmake_target_skip_unavailable': False, 'install_base': '/home/alex/ras2_ws/install/ras_example_pkg_2', 'merge_install': False, 'path': '/home/alex/ras2_ws/src/ras_example_pkg_2', 'symlink_install': False, 'test_result_base': None}
[0.395s] INFO:colcon.colcon_core.executor:Executing jobs using 'parallel' executor
[0.396s] DEBUG:colcon.colcon_parallel_executor.executor.parallel:run_until_complete
[0.397s] INFO:colcon.colcon_ros.task.ament_python.build:Building ROS package in '/home/alex/ras2_ws/src/ras_example_pkg_1' with build type 'ament_python'
[0.397s] Level 1:colcon.colcon_core.shell:create_environment_hook('ras_example_pkg_1', 'ament_prefix_path')
[0.400s] INFO:colcon.colcon_core.plugin_system:Skipping extension 'colcon_core.shell.bat': Not used on non-Windows systems
[0.401s] INFO:colcon.colcon_core.shell:Creating environment hook '/home/alex/ras2_ws/install/ras_example_pkg_1/share/ras_example_pkg_1/hook/ament_prefix_path.ps1'
[0.402s] INFO:colcon.colcon_core.shell:Creating environment descriptor '/home/alex/ras2_ws/install/ras_example_pkg_1/share/ras_example_pkg_1/hook/ament_prefix_path.dsv'
[0.403s] INFO:colcon.colcon_core.shell:Creating environment hook '/home/alex/ras2_ws/install/ras_example_pkg_1/share/ras_example_pkg_1/hook/ament_prefix_path.sh'
[0.404s] INFO:colcon.colcon_core.shell:Skip shell extension 'powershell' for command environment: Not usable outside of PowerShell
[0.404s] DEBUG:colcon.colcon_core.shell:Skip shell extension 'dsv' for command environment
[0.409s] INFO:colcon.colcon_ros.task.ament_cmake.build:Building ROS package in '/home/alex/ras2_ws/src/ras_example_pkg_2' with build type 'ament_cmake'
[0.409s] INFO:colcon.colcon_cmake.task.cmake.build:Building CMake package in '/home/alex/ras2_ws/src/ras_example_pkg_2'
[0.410s] INFO:colcon.colcon_core.shell:Skip shell extension 'powershell' for command environment: Not usable outside of PowerShell
[0.410s] DEBUG:colcon.colcon_core.shell:Skip shell extension 'dsv' for command environment
[0.774s] INFO:colcon.colcon_core.task.python.build:Building Python package in '/home/alex/ras2_ws/src/ras_example_pkg_1'
[0.775s] INFO:colcon.colcon_core.shell:Skip shell extension 'powershell' for command environment: Not usable outside of PowerShell
[0.775s] DEBUG:colcon.colcon_core.shell:Skip shell extension 'dsv' for command environment
[0.786s] DEBUG:colcon.colcon_core.event_handler.log_command:Invoking command in '/home/alex/ras2_ws/build/ras_example_pkg_2': CMAKE_PREFIX_PATH=${CMAKE_PREFIX_PATH}:/home/alex/ras2_ws/install/ras_example_pkg_1:/opt/ros/jazzy DEBUGINFOD_URLS=https://debuginfod.ubuntu.com /usr/bin/cmake /home/alex/ras2_ws/src/ras_example_pkg_2 -DCMAKE_INSTALL_PREFIX=/home/alex/ras2_ws/install/ras_example_pkg_2
[1.763s] DEBUG:colcon.colcon_core.event_handler.log_command:Invoking command in '/home/alex/ras2_ws/src/ras_example_pkg_1': DEBUGINFOD_URLS=https://debuginfod.ubuntu.com PYTHONPATH=/home/alex/ras2_ws/build/ras_example_pkg_1/prefix_override:/usr/lib/python3/dist-packages/colcon_core/task/python/colcon_distutils_commands:/home/alex/ras2_ws/install/ras_example_pkg_1/lib/python3.12/site-packages:${PYTHONPATH} /usr/bin/python3 -W ignore:setup.py install is deprecated -W ignore:easy_install command is deprecated setup.py egg_info --egg-base ../../build/ras_example_pkg_1 build --build-base /home/alex/ras2_ws/build/ras_example_pkg_1/build install --record /home/alex/ras2_ws/build/ras_example_pkg_1/install.log --single-version-externally-managed install_data
[2.515s] DEBUG:colcon.colcon_core.event_handler.log_command:Invoked command in '/home/alex/ras2_ws/build/ras_example_pkg_2' returned '0': CMAKE_PREFIX_PATH=${CMAKE_PREFIX_PATH}:/home/alex/ras2_ws/install/ras_example_pkg_1:/opt/ros/jazzy DEBUGINFOD_URLS=https://debuginfod.ubuntu.com /usr/bin/cmake /home/alex/ras2_ws/src/ras_example_pkg_2 -DCMAKE_INSTALL_PREFIX=/home/alex/ras2_ws/install/ras_example_pkg_2
[2.517s] DEBUG:colcon.colcon_core.event_handler.log_command:Invoking command in '/home/alex/ras2_ws/build/ras_example_pkg_2': CMAKE_PREFIX_PATH=${CMAKE_PREFIX_PATH}:/home/alex/ras2_ws/install/ras_example_pkg_1:/opt/ros/jazzy DEBUGINFOD_URLS=https://debuginfod.ubuntu.com /usr/bin/cmake --build /home/alex/ras2_ws/build/ras_example_pkg_2 -- -j16 -l16
[2.677s] DEBUG:colcon.colcon_core.event_handler.log_command:Invoked command in '/home/alex/ras2_ws/src/ras_example_pkg_1' returned '0': DEBUGINFOD_URLS=https://debuginfod.ubuntu.com PYTHONPATH=/home/alex/ras2_ws/build/ras_example_pkg_1/prefix_override:/usr/lib/python3/dist-packages/colcon_core/task/python/colcon_distutils_commands:/home/alex/ras2_ws/install/ras_example_pkg_1/lib/python3.12/site-packages:${PYTHONPATH} /usr/bin/python3 -W ignore:setup.py install is deprecated -W ignore:easy_install command is deprecated setup.py egg_info --egg-base ../../build/ras_example_pkg_1 build --build-base /home/alex/ras2_ws/build/ras_example_pkg_1/build install --record /home/alex/ras2_ws/build/ras_example_pkg_1/install.log --single-version-externally-managed install_data
[2.680s] Level 1:colcon.colcon_core.environment:checking '/home/alex/ras2_ws/install/ras_example_pkg_1' for CMake module files
[2.681s] Level 1:colcon.colcon_core.environment:checking '/home/alex/ras2_ws/install/ras_example_pkg_1' for CMake config files
[2.682s] Level 1:colcon.colcon_core.environment:checking '/home/alex/ras2_ws/install/ras_example_pkg_1/lib'
[2.682s] Level 1:colcon.colcon_core.environment:checking '/home/alex/ras2_ws/install/ras_example_pkg_1/bin'
[2.682s] Level 1:colcon.colcon_core.environment:checking '/home/alex/ras2_ws/install/ras_example_pkg_1/lib/pkgconfig/ras_example_pkg_1.pc'
[2.682s] Level 1:colcon.colcon_core.environment:checking '/home/alex/ras2_ws/install/ras_example_pkg_1/lib/python3.12/site-packages'
[2.683s] Level 1:colcon.colcon_core.shell:create_environment_hook('ras_example_pkg_1', 'pythonpath')
[2.683s] INFO:colcon.colcon_core.shell:Creating environment hook '/home/alex/ras2_ws/install/ras_example_pkg_1/share/ras_example_pkg_1/hook/pythonpath.ps1'
[2.684s] INFO:colcon.colcon_core.shell:Creating environment descriptor '/home/alex/ras2_ws/install/ras_example_pkg_1/share/ras_example_pkg_1/hook/pythonpath.dsv'
[2.684s] INFO:colcon.colcon_core.shell:Creating environment hook '/home/alex/ras2_ws/install/ras_example_pkg_1/share/ras_example_pkg_1/hook/pythonpath.sh'
[2.685s] Level 1:colcon.colcon_core.environment:checking '/home/alex/ras2_ws/install/ras_example_pkg_1/bin'
[2.685s] Level 1:colcon.colcon_core.environment:create_environment_scripts_only(ras_example_pkg_1)
[2.686s] INFO:colcon.colcon_core.shell:Creating package script '/home/alex/ras2_ws/install/ras_example_pkg_1/share/ras_example_pkg_1/package.ps1'
[2.687s] INFO:colcon.colcon_core.shell:Creating package descriptor '/home/alex/ras2_ws/install/ras_example_pkg_1/share/ras_example_pkg_1/package.dsv'
[2.688s] INFO:colcon.colcon_core.shell:Creating package script '/home/alex/ras2_ws/install/ras_example_pkg_1/share/ras_example_pkg_1/package.sh'
[2.689s] INFO:colcon.colcon_core.shell:Creating package script '/home/alex/ras2_ws/install/ras_example_pkg_1/share/ras_example_pkg_1/package.bash'
[2.690s] INFO:colcon.colcon_core.shell:Creating package script '/home/alex/ras2_ws/install/ras_example_pkg_1/share/ras_example_pkg_1/package.zsh'
[2.690s] Level 1:colcon.colcon_core.environment:create_file_with_runtime_dependencies(/home/alex/ras2_ws/install/ras_example_pkg_1/share/colcon-core/packages/ras_example_pkg_1)
[2.808s] DEBUG:colcon.colcon_core.event_handler.log_command:Invoked command in '/home/alex/ras2_ws/build/ras_example_pkg_2' returned '0': CMAKE_PREFIX_PATH=${CMAKE_PREFIX_PATH}:/home/alex/ras2_ws/install/ras_example_pkg_1:/opt/ros/jazzy DEBUGINFOD_URLS=https://debuginfod.ubuntu.com /usr/bin/cmake --build /home/alex/ras2_ws/build/ras_example_pkg_2 -- -j16 -l16
[2.827s] DEBUG:colcon.colcon_core.event_handler.log_command:Invoking command in '/home/alex/ras2_ws/build/ras_example_pkg_2': CMAKE_PREFIX_PATH=${CMAKE_PREFIX_PATH}:/home/alex/ras2_ws/install/ras_example_pkg_1:/opt/ros/jazzy DEBUGINFOD_URLS=https://debuginfod.ubuntu.com /usr/bin/cmake --install /home/alex/ras2_ws/build/ras_example_pkg_2
[2.849s] Level 1:colcon.colcon_core.environment:create_environment_scripts_only(ras_example_pkg_2)
[2.849s] Level 1:colcon.colcon_core.environment:checking '/home/alex/ras2_ws/install/ras_example_pkg_2' for CMake module files
[2.850s] DEBUG:colcon.colcon_core.event_handler.log_command:Invoked command in '/home/alex/ras2_ws/build/ras_example_pkg_2' returned '0': CMAKE_PREFIX_PATH=${CMAKE_PREFIX_PATH}:/home/alex/ras2_ws/install/ras_example_pkg_1:/opt/ros/jazzy DEBUGINFOD_URLS=https://debuginfod.ubuntu.com /usr/bin/cmake --install /home/alex/ras2_ws/build/ras_example_pkg_2
[2.851s] Level 1:colcon.colcon_core.environment:checking '/home/alex/ras2_ws/install/ras_example_pkg_2' for CMake config files
[2.851s] Level 1:colcon.colcon_core.shell:create_environment_hook('ras_example_pkg_2', 'cmake_prefix_path')
[2.852s] INFO:colcon.colcon_core.shell:Creating environment hook '/home/alex/ras2_ws/install/ras_example_pkg_2/share/ras_example_pkg_2/hook/cmake_prefix_path.ps1'
[2.852s] INFO:colcon.colcon_core.shell:Creating environment descriptor '/home/alex/ras2_ws/install/ras_example_pkg_2/share/ras_example_pkg_2/hook/cmake_prefix_path.dsv'
[2.853s] INFO:colcon.colcon_core.shell:Creating environment hook '/home/alex/ras2_ws/install/ras_example_pkg_2/share/ras_example_pkg_2/hook/cmake_prefix_path.sh'
[2.853s] Level 1:colcon.colcon_core.environment:checking '/home/alex/ras2_ws/install/ras_example_pkg_2/lib'
[2.854s] Level 1:colcon.colcon_core.environment:checking '/home/alex/ras2_ws/install/ras_example_pkg_2/bin'
[2.854s] Level 1:colcon.colcon_core.environment:checking '/home/alex/ras2_ws/install/ras_example_pkg_2/lib/pkgconfig/ras_example_pkg_2.pc'
[2.854s] Level 1:colcon.colcon_core.environment:checking '/home/alex/ras2_ws/install/ras_example_pkg_2/lib/python3.12/site-packages'
[2.854s] Level 1:colcon.colcon_core.environment:checking '/home/alex/ras2_ws/install/ras_example_pkg_2/bin'
[2.855s] INFO:colcon.colcon_core.shell:Creating package script '/home/alex/ras2_ws/install/ras_example_pkg_2/share/ras_example_pkg_2/package.ps1'
[2.855s] INFO:colcon.colcon_core.shell:Creating package descriptor '/home/alex/ras2_ws/install/ras_example_pkg_2/share/ras_example_pkg_2/package.dsv'
[2.856s] INFO:colcon.colcon_core.shell:Creating package script '/home/alex/ras2_ws/install/ras_example_pkg_2/share/ras_example_pkg_2/package.sh'
[2.856s] INFO:colcon.colcon_core.shell:Creating package script '/home/alex/ras2_ws/install/ras_example_pkg_2/share/ras_example_pkg_2/package.bash'
[2.857s] INFO:colcon.colcon_core.shell:Creating package script '/home/alex/ras2_ws/install/ras_example_pkg_2/share/ras_example_pkg_2/package.zsh'
[2.857s] Level 1:colcon.colcon_core.environment:create_file_with_runtime_dependencies(/home/alex/ras2_ws/install/ras_example_pkg_2/share/colcon-core/packages/ras_example_pkg_2)
[2.858s] Level 1:colcon.colcon_core.environment:create_environment_scripts_only(ras_example_pkg_2)
[2.858s] Level 1:colcon.colcon_core.environment:checking '/home/alex/ras2_ws/install/ras_example_pkg_2' for CMake module files
[2.859s] Level 1:colcon.colcon_core.environment:checking '/home/alex/ras2_ws/install/ras_example_pkg_2' for CMake config files
[2.859s] Level 1:colcon.colcon_core.shell:create_environment_hook('ras_example_pkg_2', 'cmake_prefix_path')
[2.859s] INFO:colcon.colcon_core.shell:Creating environment hook '/home/alex/ras2_ws/install/ras_example_pkg_2/share/ras_example_pkg_2/hook/cmake_prefix_path.ps1'
[2.860s] INFO:colcon.colcon_core.shell:Creating environment descriptor '/home/alex/ras2_ws/install/ras_example_pkg_2/share/ras_example_pkg_2/hook/cmake_prefix_path.dsv'
[2.860s] INFO:colcon.colcon_core.shell:Creating environment hook '/home/alex/ras2_ws/install/ras_example_pkg_2/share/ras_example_pkg_2/hook/cmake_prefix_path.sh'
[2.861s] Level 1:colcon.colcon_core.environment:checking '/home/alex/ras2_ws/install/ras_example_pkg_2/lib'
[2.861s] Level 1:colcon.colcon_core.environment:checking '/home/alex/ras2_ws/install/ras_example_pkg_2/bin'
[2.861s] Level 1:colcon.colcon_core.environment:checking '/home/alex/ras2_ws/install/ras_example_pkg_2/lib/pkgconfig/ras_example_pkg_2.pc'
[2.862s] Level 1:colcon.colcon_core.environment:checking '/home/alex/ras2_ws/install/ras_example_pkg_2/lib/python3.12/site-packages'
[2.862s] Level 1:colcon.colcon_core.environment:checking '/home/alex/ras2_ws/install/ras_example_pkg_2/bin'
[2.862s] INFO:colcon.colcon_core.shell:Creating package script '/home/alex/ras2_ws/install/ras_example_pkg_2/share/ras_example_pkg_2/package.ps1'
[2.863s] INFO:colcon.colcon_core.shell:Creating package descriptor '/home/alex/ras2_ws/install/ras_example_pkg_2/share/ras_example_pkg_2/package.dsv'
[2.864s] INFO:colcon.colcon_core.shell:Creating package script '/home/alex/ras2_ws/install/ras_example_pkg_2/share/ras_example_pkg_2/package.sh'
[2.864s] INFO:colcon.colcon_core.shell:Creating package script '/home/alex/ras2_ws/install/ras_example_pkg_2/share/ras_example_pkg_2/package.bash'
[2.865s] INFO:colcon.colcon_core.shell:Creating package script '/home/alex/ras2_ws/install/ras_example_pkg_2/share/ras_example_pkg_2/package.zsh'
[2.865s] Level 1:colcon.colcon_core.environment:create_file_with_runtime_dependencies(/home/alex/ras2_ws/install/ras_example_pkg_2/share/colcon-core/packages/ras_example_pkg_2)
[2.866s] DEBUG:colcon.colcon_parallel_executor.executor.parallel:closing loop
[2.866s] DEBUG:colcon.colcon_parallel_executor.executor.parallel:loop closed
[2.866s] DEBUG:colcon.colcon_parallel_executor.executor.parallel:run_until_complete finished with '0'
[2.866s] DEBUG:colcon.colcon_core.event_reactor:joining thread
[2.874s] INFO:colcon.colcon_core.plugin_system:Skipping extension 'colcon_notification.desktop_notification.terminal_notifier': Not used on non-Darwin systems
[2.874s] INFO:colcon.colcon_core.plugin_system:Skipping extension 'colcon_notification.desktop_notification.win32': Not used on non-Windows systems
[2.874s] INFO:colcon.colcon_notification.desktop_notification:Sending desktop notification using 'notify2'
[2.900s] DEBUG:colcon.colcon_core.event_reactor:joined thread
[2.900s] INFO:colcon.colcon_core.shell:Creating prefix script '/home/alex/ras2_ws/install/local_setup.ps1'
[2.902s] INFO:colcon.colcon_core.shell:Creating prefix util module '/home/alex/ras2_ws/install/_local_setup_util_ps1.py'
[2.904s] INFO:colcon.colcon_core.shell:Creating prefix chain script '/home/alex/ras2_ws/install/setup.ps1'
[2.905s] INFO:colcon.colcon_core.shell:Creating prefix script '/home/alex/ras2_ws/install/local_setup.sh'
[2.906s] INFO:colcon.colcon_core.shell:Creating prefix util module '/home/alex/ras2_ws/install/_local_setup_util_sh.py'
[2.906s] INFO:colcon.colcon_core.shell:Creating prefix chain script '/home/alex/ras2_ws/install/setup.sh'
[2.908s] INFO:colcon.colcon_core.shell:Creating prefix script '/home/alex/ras2_ws/install/local_setup.bash'
[2.908s] INFO:colcon.colcon_core.shell:Creating prefix chain script '/home/alex/ras2_ws/install/setup.bash'
[2.910s] INFO:colcon.colcon_core.shell:Creating prefix script '/home/alex/ras2_ws/install/local_setup.zsh'
[2.910s] INFO:colcon.colcon_core.shell:Creating prefix chain script '/home/alex/ras2_ws/install/setup.zsh'
