running egg_info
creating ../../build/ras_example_pkg_1/ras_example_pkg_1.egg-info
writing ../../build/ras_example_pkg_1/ras_example_pkg_1.egg-info/PKG-INFO
writing dependency_links to ../../build/ras_example_pkg_1/ras_example_pkg_1.egg-info/dependency_links.txt
writing entry points to ../../build/ras_example_pkg_1/ras_example_pkg_1.egg-info/entry_points.txt
writing requirements to ../../build/ras_example_pkg_1/ras_example_pkg_1.egg-info/requires.txt
writing top-level names to ../../build/ras_example_pkg_1/ras_example_pkg_1.egg-info/top_level.txt
writing manifest file '../../build/ras_example_pkg_1/ras_example_pkg_1.egg-info/SOURCES.txt'
reading manifest file '../../build/ras_example_pkg_1/ras_example_pkg_1.egg-info/SOURCES.txt'
writing manifest file '../../build/ras_example_pkg_1/ras_example_pkg_1.egg-info/SOURCES.txt'
running build
running build_py
creating /home/alex/ras2_ws/build/ras_example_pkg_1/build
creating /home/alex/ras2_ws/build/ras_example_pkg_1/build/lib
creating /home/alex/ras2_ws/build/ras_example_pkg_1/build/lib/ras_example_pkg_1
copying ras_example_pkg_1/ras_node.py -> /home/alex/ras2_ws/build/ras_example_pkg_1/build/lib/ras_example_pkg_1
copying ras_example_pkg_1/__init__.py -> /home/alex/ras2_ws/build/ras_example_pkg_1/build/lib/ras_example_pkg_1
running install
running install_lib
creating /home/alex/ras2_ws/install/ras_example_pkg_1/lib/python3.12/site-packages/ras_example_pkg_1
copying /home/alex/ras2_ws/build/ras_example_pkg_1/build/lib/ras_example_pkg_1/ras_node.py -> /home/alex/ras2_ws/install/ras_example_pkg_1/lib/python3.12/site-packages/ras_example_pkg_1
copying /home/alex/ras2_ws/build/ras_example_pkg_1/build/lib/ras_example_pkg_1/__init__.py -> /home/alex/ras2_ws/install/ras_example_pkg_1/lib/python3.12/site-packages/ras_example_pkg_1
byte-compiling /home/alex/ras2_ws/install/ras_example_pkg_1/lib/python3.12/site-packages/ras_example_pkg_1/ras_node.py to ras_node.cpython-312.pyc
byte-compiling /home/alex/ras2_ws/install/ras_example_pkg_1/lib/python3.12/site-packages/ras_example_pkg_1/__init__.py to __init__.cpython-312.pyc
running install_data
creating /home/alex/ras2_ws/install/ras_example_pkg_1/share/ament_index
creating /home/alex/ras2_ws/install/ras_example_pkg_1/share/ament_index/resource_index
creating /home/alex/ras2_ws/install/ras_example_pkg_1/share/ament_index/resource_index/packages
copying resource/ras_example_pkg_1 -> /home/alex/ras2_ws/install/ras_example_pkg_1/share/ament_index/resource_index/packages
copying package.xml -> /home/alex/ras2_ws/install/ras_example_pkg_1/share/ras_example_pkg_1
running install_egg_info
Copying ../../build/ras_example_pkg_1/ras_example_pkg_1.egg-info to /home/alex/ras2_ws/install/ras_example_pkg_1/lib/python3.12/site-packages/ras_example_pkg_1-0.0.0-py3.12.egg-info
running install_scripts
Installing ras_node script to /home/alex/ras2_ws/install/ras_example_pkg_1/lib/ras_example_pkg_1
writing list of installed files to '/home/alex/ras2_ws/build/ras_example_pkg_1/install.log'
