[1.639s] Invoking command in '/home/alex/ras2_ws/src/ras_example_pkg_1': DEBUGINFOD_URLS=https://debuginfod.ubuntu.com PYTHONPATH=/home/alex/ras2_ws/build/ras_example_pkg_1/prefix_override:/usr/lib/python3/dist-packages/colcon_core/task/python/colcon_distutils_commands:/home/alex/ras2_ws/install/ras_example_pkg_1/lib/python3.12/site-packages:${PYTHONPATH} /usr/bin/python3 -W ignore:setup.py install is deprecated -W ignore:easy_install command is deprecated setup.py egg_info --egg-base ../../build/ras_example_pkg_1 build --build-base /home/alex/ras2_ws/build/ras_example_pkg_1/build install --record /home/alex/ras2_ws/build/ras_example_pkg_1/install.log --single-version-externally-managed install_data
[2.083s] running egg_info
[2.083s] creating ../../build/ras_example_pkg_1/ras_example_pkg_1.egg-info
[2.114s] writing ../../build/ras_example_pkg_1/ras_example_pkg_1.egg-info/PKG-INFO
[2.114s] writing dependency_links to ../../build/ras_example_pkg_1/ras_example_pkg_1.egg-info/dependency_links.txt
[2.115s] writing entry points to ../../build/ras_example_pkg_1/ras_example_pkg_1.egg-info/entry_points.txt
[2.115s] writing requirements to ../../build/ras_example_pkg_1/ras_example_pkg_1.egg-info/requires.txt
[2.115s] writing top-level names to ../../build/ras_example_pkg_1/ras_example_pkg_1.egg-info/top_level.txt
[2.115s] writing manifest file '../../build/ras_example_pkg_1/ras_example_pkg_1.egg-info/SOURCES.txt'
[2.179s] reading manifest file '../../build/ras_example_pkg_1/ras_example_pkg_1.egg-info/SOURCES.txt'
[2.180s] writing manifest file '../../build/ras_example_pkg_1/ras_example_pkg_1.egg-info/SOURCES.txt'
[2.180s] running build
[2.180s] running build_py
[2.180s] creating /home/alex/ras2_ws/build/ras_example_pkg_1/build
[2.181s] creating /home/alex/ras2_ws/build/ras_example_pkg_1/build/lib
[2.181s] creating /home/alex/ras2_ws/build/ras_example_pkg_1/build/lib/ras_example_pkg_1
[2.181s] copying ras_example_pkg_1/ras_node.py -> /home/alex/ras2_ws/build/ras_example_pkg_1/build/lib/ras_example_pkg_1
[2.181s] copying ras_example_pkg_1/__init__.py -> /home/alex/ras2_ws/build/ras_example_pkg_1/build/lib/ras_example_pkg_1
[2.181s] running install
[2.193s] running install_lib
[2.225s] creating /home/alex/ras2_ws/install/ras_example_pkg_1/lib/python3.12/site-packages/ras_example_pkg_1
[2.225s] copying /home/alex/ras2_ws/build/ras_example_pkg_1/build/lib/ras_example_pkg_1/ras_node.py -> /home/alex/ras2_ws/install/ras_example_pkg_1/lib/python3.12/site-packages/ras_example_pkg_1
[2.225s] copying /home/alex/ras2_ws/build/ras_example_pkg_1/build/lib/ras_example_pkg_1/__init__.py -> /home/alex/ras2_ws/install/ras_example_pkg_1/lib/python3.12/site-packages/ras_example_pkg_1
[2.226s] byte-compiling /home/alex/ras2_ws/install/ras_example_pkg_1/lib/python3.12/site-packages/ras_example_pkg_1/ras_node.py to ras_node.cpython-312.pyc
[2.226s] byte-compiling /home/alex/ras2_ws/install/ras_example_pkg_1/lib/python3.12/site-packages/ras_example_pkg_1/__init__.py to __init__.cpython-312.pyc
[2.227s] running install_data
[2.227s] creating /home/alex/ras2_ws/install/ras_example_pkg_1/share/ament_index
[2.227s] creating /home/alex/ras2_ws/install/ras_example_pkg_1/share/ament_index/resource_index
[2.227s] creating /home/alex/ras2_ws/install/ras_example_pkg_1/share/ament_index/resource_index/packages
[2.227s] copying resource/ras_example_pkg_1 -> /home/alex/ras2_ws/install/ras_example_pkg_1/share/ament_index/resource_index/packages
[2.227s] copying package.xml -> /home/alex/ras2_ws/install/ras_example_pkg_1/share/ras_example_pkg_1
[2.227s] running install_egg_info
[2.262s] Copying ../../build/ras_example_pkg_1/ras_example_pkg_1.egg-info to /home/alex/ras2_ws/install/ras_example_pkg_1/lib/python3.12/site-packages/ras_example_pkg_1-0.0.0-py3.12.egg-info
[2.264s] running install_scripts
[2.477s] Installing ras_node script to /home/alex/ras2_ws/install/ras_example_pkg_1/lib/ras_example_pkg_1
[2.477s] writing list of installed files to '/home/alex/ras2_ws/build/ras_example_pkg_1/install.log'
[2.528s] Invoked command in '/home/alex/ras2_ws/src/ras_example_pkg_1' returned '0': DEBUGINFOD_URLS=https://debuginfod.ubuntu.com PYTHONPATH=/home/alex/ras2_ws/build/ras_example_pkg_1/prefix_override:/usr/lib/python3/dist-packages/colcon_core/task/python/colcon_distutils_commands:/home/alex/ras2_ws/install/ras_example_pkg_1/lib/python3.12/site-packages:${PYTHONPATH} /usr/bin/python3 -W ignore:setup.py install is deprecated -W ignore:easy_install command is deprecated setup.py egg_info --egg-base ../../build/ras_example_pkg_1 build --build-base /home/alex/ras2_ws/build/ras_example_pkg_1/build install --record /home/alex/ras2_ws/build/ras_example_pkg_1/install.log --single-version-externally-managed install_data
