[1.226s] Invoking command in '/home/alex/ras2_ws/build/ras_example2': CMAKE_PREFIX_PATH=${CMAKE_PREFIX_PATH}:/home/alex/ras2_ws/install/ras_example_pkg_1:/home/alex/ras2_ws/install/ras2_topics:/home/alex/ras2_ws/install/ras2_services:/home/alex/ras2_ws/install/mobile_robot:/opt/ros/jazzy DEBUGINFOD_URLS=https://debuginfod.ubuntu.com /usr/bin/cmake --build /home/alex/ras2_ws/build/ras_example2 -- -j16 -l16
[1.656s] Invoked command in '/home/alex/ras2_ws/build/ras_example2' returned '0': CMAKE_PREFIX_PATH=${CMAKE_PREFIX_PATH}:/home/alex/ras2_ws/install/ras_example_pkg_1:/home/alex/ras2_ws/install/ras2_topics:/home/alex/ras2_ws/install/ras2_services:/home/alex/ras2_ws/install/mobile_robot:/opt/ros/jazzy DEBUGINFOD_URLS=https://debuginfod.ubuntu.com /usr/bin/cmake --build /home/alex/ras2_ws/build/ras_example2 -- -j16 -l16
[1.657s] Invoking command in '/home/alex/ras2_ws/build/ras_example2': CMAKE_PREFIX_PATH=${CMAKE_PREFIX_PATH}:/home/alex/ras2_ws/install/ras_example_pkg_1:/home/alex/ras2_ws/install/ras2_topics:/home/alex/ras2_ws/install/ras2_services:/home/alex/ras2_ws/install/mobile_robot:/opt/ros/jazzy DEBUGINFOD_URLS=https://debuginfod.ubuntu.com /usr/bin/cmake --install /home/alex/ras2_ws/build/ras_example2
[1.676s] -- Install configuration: ""
[1.677s] -- Up-to-date: /home/alex/ras2_ws/install/ras_example2/share/ament_index/resource_index/package_run_dependencies/ras_example2
[1.677s] -- Up-to-date: /home/alex/ras2_ws/install/ras_example2/share/ament_index/resource_index/parent_prefix_path/ras_example2
[1.677s] -- Up-to-date: /home/alex/ras2_ws/install/ras_example2/share/ras_example2/environment/ament_prefix_path.sh
[1.677s] -- Up-to-date: /home/alex/ras2_ws/install/ras_example2/share/ras_example2/environment/ament_prefix_path.dsv
[1.677s] -- Up-to-date: /home/alex/ras2_ws/install/ras_example2/share/ras_example2/environment/path.sh
[1.677s] -- Up-to-date: /home/alex/ras2_ws/install/ras_example2/share/ras_example2/environment/path.dsv
[1.678s] -- Up-to-date: /home/alex/ras2_ws/install/ras_example2/share/ras_example2/local_setup.bash
[1.678s] -- Up-to-date: /home/alex/ras2_ws/install/ras_example2/share/ras_example2/local_setup.sh
[1.678s] -- Up-to-date: /home/alex/ras2_ws/install/ras_example2/share/ras_example2/local_setup.zsh
[1.679s] -- Up-to-date: /home/alex/ras2_ws/install/ras_example2/share/ras_example2/local_setup.dsv
[1.679s] -- Installing: /home/alex/ras2_ws/install/ras_example2/share/ras_example2/package.dsv
[1.679s] -- Up-to-date: /home/alex/ras2_ws/install/ras_example2/share/ament_index/resource_index/packages/ras_example2
[1.679s] -- Up-to-date: /home/alex/ras2_ws/install/ras_example2/share/ras_example2/cmake/ras_example2Config.cmake
[1.679s] -- Up-to-date: /home/alex/ras2_ws/install/ras_example2/share/ras_example2/cmake/ras_example2Config-version.cmake
[1.679s] -- Up-to-date: /home/alex/ras2_ws/install/ras_example2/share/ras_example2/package.xml
[1.714s] Invoked command in '/home/alex/ras2_ws/build/ras_example2' returned '0': CMAKE_PREFIX_PATH=${CMAKE_PREFIX_PATH}:/home/alex/ras2_ws/install/ras_example_pkg_1:/home/alex/ras2_ws/install/ras2_topics:/home/alex/ras2_ws/install/ras2_services:/home/alex/ras2_ws/install/mobile_robot:/opt/ros/jazzy DEBUGINFOD_URLS=https://debuginfod.ubuntu.com /usr/bin/cmake --install /home/alex/ras2_ws/build/ras_example2
