[0.802s] Invoking command in '/home/alex/ras2_ws/build/ras_example_pkg_2': CMAKE_PREFIX_PATH=${CMAKE_PREFIX_PATH}:/home/alex/ras2_ws/install/ras_example_pkg_1:/home/alex/ras2_ws/install/ras2_topics:/opt/ros/jazzy DEBUGINFOD_URLS=https://debuginfod.ubuntu.com /usr/bin/cmake --build /home/alex/ras2_ws/build/ras_example_pkg_2 -- -j16 -l16
[0.905s] [100%] Built target ras_node_cpp
[0.931s] Invoked command in '/home/alex/ras2_ws/build/ras_example_pkg_2' returned '0': CMAKE_PREFIX_PATH=${CMAKE_PREFIX_PATH}:/home/alex/ras2_ws/install/ras_example_pkg_1:/home/alex/ras2_ws/install/ras2_topics:/opt/ros/jazzy DEBUGINFOD_URLS=https://debuginfod.ubuntu.com /usr/bin/cmake --build /home/alex/ras2_ws/build/ras_example_pkg_2 -- -j16 -l16
[0.933s] Invoking command in '/home/alex/ras2_ws/build/ras_example_pkg_2': CMAKE_PREFIX_PATH=${CMAKE_PREFIX_PATH}:/home/alex/ras2_ws/install/ras_example_pkg_1:/home/alex/ras2_ws/install/ras2_topics:/opt/ros/jazzy DEBUGINFOD_URLS=https://debuginfod.ubuntu.com /usr/bin/cmake --install /home/alex/ras2_ws/build/ras_example_pkg_2
[0.949s] -- Install configuration: ""
[0.949s] -- Up-to-date: /home/alex/ras2_ws/install/ras_example_pkg_2/lib/ras_example_pkg_2/ras_node_cpp
[0.949s] -- Up-to-date: /home/alex/ras2_ws/install/ras_example_pkg_2/share/ament_index/resource_index/package_run_dependencies/ras_example_pkg_2
[0.949s] -- Up-to-date: /home/alex/ras2_ws/install/ras_example_pkg_2/share/ament_index/resource_index/parent_prefix_path/ras_example_pkg_2
[0.950s] -- Up-to-date: /home/alex/ras2_ws/install/ras_example_pkg_2/share/ras_example_pkg_2/environment/ament_prefix_path.sh
[0.950s] -- Up-to-date: /home/alex/ras2_ws/install/ras_example_pkg_2/share/ras_example_pkg_2/environment/ament_prefix_path.dsv
[0.950s] -- Up-to-date: /home/alex/ras2_ws/install/ras_example_pkg_2/share/ras_example_pkg_2/environment/path.sh
[0.950s] -- Up-to-date: /home/alex/ras2_ws/install/ras_example_pkg_2/share/ras_example_pkg_2/environment/path.dsv
[0.950s] -- Up-to-date: /home/alex/ras2_ws/install/ras_example_pkg_2/share/ras_example_pkg_2/local_setup.bash
[0.950s] -- Up-to-date: /home/alex/ras2_ws/install/ras_example_pkg_2/share/ras_example_pkg_2/local_setup.sh
[0.950s] -- Up-to-date: /home/alex/ras2_ws/install/ras_example_pkg_2/share/ras_example_pkg_2/local_setup.zsh
[0.951s] -- Up-to-date: /home/alex/ras2_ws/install/ras_example_pkg_2/share/ras_example_pkg_2/local_setup.dsv
[0.951s] -- Installing: /home/alex/ras2_ws/install/ras_example_pkg_2/share/ras_example_pkg_2/package.dsv
[0.951s] -- Up-to-date: /home/alex/ras2_ws/install/ras_example_pkg_2/share/ament_index/resource_index/packages/ras_example_pkg_2
[0.951s] -- Up-to-date: /home/alex/ras2_ws/install/ras_example_pkg_2/share/ras_example_pkg_2/cmake/ras_example_pkg_2Config.cmake
[0.951s] -- Up-to-date: /home/alex/ras2_ws/install/ras_example_pkg_2/share/ras_example_pkg_2/cmake/ras_example_pkg_2Config-version.cmake
[0.951s] -- Up-to-date: /home/alex/ras2_ws/install/ras_example_pkg_2/share/ras_example_pkg_2/package.xml
[0.956s] Invoked command in '/home/alex/ras2_ws/build/ras_example_pkg_2' returned '0': CMAKE_PREFIX_PATH=${CMAKE_PREFIX_PATH}:/home/alex/ras2_ws/install/ras_example_pkg_1:/home/alex/ras2_ws/install/ras2_topics:/opt/ros/jazzy DEBUGINFOD_URLS=https://debuginfod.ubuntu.com /usr/bin/cmake --install /home/alex/ras2_ws/build/ras_example_pkg_2
