[1.578s] Invoking command in '/home/alex/ras2_ws/src/mobile_robot': DEBUGINFOD_URLS=https://debuginfod.ubuntu.com PYTHONPATH=/home/alex/ras2_ws/build/mobile_robot/prefix_override:/usr/lib/python3/dist-packages/colcon_core/task/python/colcon_distutils_commands:/home/alex/ras2_ws/install/mobile_robot/lib/python3.12/site-packages:${PYTHONPATH} /usr/bin/python3 -W ignore:setup.py install is deprecated -W ignore:easy_install command is deprecated setup.py egg_info --egg-base ../../build/mobile_robot build --build-base /home/alex/ras2_ws/build/mobile_robot/build install --record /home/alex/ras2_ws/build/mobile_robot/install.log --single-version-externally-managed install_data
[1.806s] running egg_info
[1.823s] writing ../../build/mobile_robot/mobile_robot.egg-info/PKG-INFO
[1.824s] writing dependency_links to ../../build/mobile_robot/mobile_robot.egg-info/dependency_links.txt
[1.824s] writing entry points to ../../build/mobile_robot/mobile_robot.egg-info/entry_points.txt
[1.824s] writing requirements to ../../build/mobile_robot/mobile_robot.egg-info/requires.txt
[1.824s] writing top-level names to ../../build/mobile_robot/mobile_robot.egg-info/top_level.txt
[1.861s] reading manifest file '../../build/mobile_robot/mobile_robot.egg-info/SOURCES.txt'
[1.862s] writing manifest file '../../build/mobile_robot/mobile_robot.egg-info/SOURCES.txt'
[1.862s] running build
[1.862s] running build_py
[1.863s] running install
[1.869s] running install_lib
[1.889s] running install_data
[1.890s] running install_egg_info
[1.909s] removing '/home/alex/ras2_ws/install/mobile_robot/lib/python3.12/site-packages/mobile_robot-0.0.1-py3.12.egg-info' (and everything under it)
[1.909s] Copying ../../build/mobile_robot/mobile_robot.egg-info to /home/alex/ras2_ws/install/mobile_robot/lib/python3.12/site-packages/mobile_robot-0.0.1-py3.12.egg-info
[1.910s] running install_scripts
[2.030s] Installing obstacle_avoider script to /home/alex/ras2_ws/install/mobile_robot/lib/mobile_robot
[2.030s] Installing wifi_bridge script to /home/alex/ras2_ws/install/mobile_robot/lib/mobile_robot
[2.031s] writing list of installed files to '/home/alex/ras2_ws/build/mobile_robot/install.log'
[2.103s] Invoked command in '/home/alex/ras2_ws/src/mobile_robot' returned '0': DEBUGINFOD_URLS=https://debuginfod.ubuntu.com PYTHONPATH=/home/alex/ras2_ws/build/mobile_robot/prefix_override:/usr/lib/python3/dist-packages/colcon_core/task/python/colcon_distutils_commands:/home/alex/ras2_ws/install/mobile_robot/lib/python3.12/site-packages:${PYTHONPATH} /usr/bin/python3 -W ignore:setup.py install is deprecated -W ignore:easy_install command is deprecated setup.py egg_info --egg-base ../../build/mobile_robot build --build-base /home/alex/ras2_ws/build/mobile_robot/build install --record /home/alex/ras2_ws/build/mobile_robot/install.log --single-version-externally-managed install_data
