[1.365s] Invoking command in '/home/alex/ras2_ws/src/ras_example_pkg_1': DEBUGINFOD_URLS=https://debuginfod.ubuntu.com PYTHONPATH=/home/alex/ras2_ws/build/ras_example_pkg_1/prefix_override:/usr/lib/python3/dist-packages/colcon_core/task/python/colcon_distutils_commands:/home/alex/ras2_ws/install/ras_example_pkg_1/lib/python3.12/site-packages:${PYTHONPATH} /usr/bin/python3 -W ignore:setup.py install is deprecated -W ignore:easy_install command is deprecated setup.py egg_info --egg-base ../../build/ras_example_pkg_1 build --build-base /home/alex/ras2_ws/build/ras_example_pkg_1/build install --record /home/alex/ras2_ws/build/ras_example_pkg_1/install.log --single-version-externally-managed install_data
[1.806s] running egg_info
[1.839s] writing ../../build/ras_example_pkg_1/ras_example_pkg_1.egg-info/PKG-INFO
[1.839s] writing dependency_links to ../../build/ras_example_pkg_1/ras_example_pkg_1.egg-info/dependency_links.txt
[1.839s] writing entry points to ../../build/ras_example_pkg_1/ras_example_pkg_1.egg-info/entry_points.txt
[1.840s] writing requirements to ../../build/ras_example_pkg_1/ras_example_pkg_1.egg-info/requires.txt
[1.840s] writing top-level names to ../../build/ras_example_pkg_1/ras_example_pkg_1.egg-info/top_level.txt
[1.906s] reading manifest file '../../build/ras_example_pkg_1/ras_example_pkg_1.egg-info/SOURCES.txt'
[1.907s] writing manifest file '../../build/ras_example_pkg_1/ras_example_pkg_1.egg-info/SOURCES.txt'
[1.908s] running build
[1.908s] running build_py
[1.908s] running install
[1.920s] running install_lib
[1.954s] running install_data
[1.954s] running install_egg_info
[1.989s] removing '/home/alex/ras2_ws/install/ras_example_pkg_1/lib/python3.12/site-packages/ras_example_pkg_1-0.0.0-py3.12.egg-info' (and everything under it)
[1.989s] Copying ../../build/ras_example_pkg_1/ras_example_pkg_1.egg-info to /home/alex/ras2_ws/install/ras_example_pkg_1/lib/python3.12/site-packages/ras_example_pkg_1-0.0.0-py3.12.egg-info
[1.990s] running install_scripts
[2.210s] Installing ras_node script to /home/alex/ras2_ws/install/ras_example_pkg_1/lib/ras_example_pkg_1
[2.211s] writing list of installed files to '/home/alex/ras2_ws/build/ras_example_pkg_1/install.log'
[2.279s] Invoked command in '/home/alex/ras2_ws/src/ras_example_pkg_1' returned '0': DEBUGINFOD_URLS=https://debuginfod.ubuntu.com PYTHONPATH=/home/alex/ras2_ws/build/ras_example_pkg_1/prefix_override:/usr/lib/python3/dist-packages/colcon_core/task/python/colcon_distutils_commands:/home/alex/ras2_ws/install/ras_example_pkg_1/lib/python3.12/site-packages:${PYTHONPATH} /usr/bin/python3 -W ignore:setup.py install is deprecated -W ignore:easy_install command is deprecated setup.py egg_info --egg-base ../../build/ras_example_pkg_1 build --build-base /home/alex/ras2_ws/build/ras_example_pkg_1/build install --record /home/alex/ras2_ws/build/ras_example_pkg_1/install.log --single-version-externally-managed install_data
