[1.178s] Invoking command in '/home/alex/ras2_ws/build/ras_example2': CMAKE_PREFIX_PATH=${CMAKE_PREFIX_PATH}:/opt/ros/jazzy DEBUGINFOD_URLS=https://debuginfod.ubuntu.com /usr/bin/cmake --build /home/alex/ras2_ws/build/ras_example2 -- -j16 -l16
[1.560s] Invoked command in '/home/alex/ras2_ws/build/ras_example2' returned '0': CMAKE_PREFIX_PATH=${CMAKE_PREFIX_PATH}:/opt/ros/jazzy DEBUGINFOD_URLS=https://debuginfod.ubuntu.com /usr/bin/cmake --build /home/alex/ras2_ws/build/ras_example2 -- -j16 -l16
[1.578s] Invoking command in '/home/alex/ras2_ws/build/ras_example2': CMAKE_PREFIX_PATH=${CMAKE_PREFIX_PATH}:/opt/ros/jazzy DEBUGINFOD_URLS=https://debuginfod.ubuntu.com /usr/bin/cmake --install /home/alex/ras2_ws/build/ras_example2
[1.592s] -- Install configuration: ""
[1.593s] -- Up-to-date: /home/alex/ras2_ws/install/ras_example2/share/ament_index/resource_index/package_run_dependencies/ras_example2
[1.593s] -- Up-to-date: /home/alex/ras2_ws/install/ras_example2/share/ament_index/resource_index/parent_prefix_path/ras_example2
[1.593s] -- Up-to-date: /home/alex/ras2_ws/install/ras_example2/share/ras_example2/environment/ament_prefix_path.sh
[1.593s] -- Up-to-date: /home/alex/ras2_ws/install/ras_example2/share/ras_example2/environment/ament_prefix_path.dsv
[1.593s] -- Up-to-date: /home/alex/ras2_ws/install/ras_example2/share/ras_example2/environment/path.sh
[1.593s] -- Up-to-date: /home/alex/ras2_ws/install/ras_example2/share/ras_example2/environment/path.dsv
[1.594s] -- Up-to-date: /home/alex/ras2_ws/install/ras_example2/share/ras_example2/local_setup.bash
[1.594s] -- Up-to-date: /home/alex/ras2_ws/install/ras_example2/share/ras_example2/local_setup.sh
[1.594s] -- Up-to-date: /home/alex/ras2_ws/install/ras_example2/share/ras_example2/local_setup.zsh
[1.594s] -- Up-to-date: /home/alex/ras2_ws/install/ras_example2/share/ras_example2/local_setup.dsv
[1.598s] -- Installing: /home/alex/ras2_ws/install/ras_example2/share/ras_example2/package.dsv
[1.599s] -- Up-to-date: /home/alex/ras2_ws/install/ras_example2/share/ament_index/resource_index/packages/ras_example2
[1.599s] -- Up-to-date: /home/alex/ras2_ws/install/ras_example2/share/ras_example2/cmake/ras_example2Config.cmake
[1.599s] -- Up-to-date: /home/alex/ras2_ws/install/ras_example2/share/ras_example2/cmake/ras_example2Config-version.cmake
[1.599s] -- Up-to-date: /home/alex/ras2_ws/install/ras_example2/share/ras_example2/package.xml
[1.605s] Invoked command in '/home/alex/ras2_ws/build/ras_example2' returned '0': CMAKE_PREFIX_PATH=${CMAKE_PREFIX_PATH}:/opt/ros/jazzy DEBUGINFOD_URLS=https://debuginfod.ubuntu.com /usr/bin/cmake --install /home/alex/ras2_ws/build/ras_example2
