running egg_info
creating ../../build/ras2_topics/ras2_topics.egg-info
writing ../../build/ras2_topics/ras2_topics.egg-info/PKG-INFO
writing dependency_links to ../../build/ras2_topics/ras2_topics.egg-info/dependency_links.txt
writing entry points to ../../build/ras2_topics/ras2_topics.egg-info/entry_points.txt
writing requirements to ../../build/ras2_topics/ras2_topics.egg-info/requires.txt
writing top-level names to ../../build/ras2_topics/ras2_topics.egg-info/top_level.txt
writing manifest file '../../build/ras2_topics/ras2_topics.egg-info/SOURCES.txt'
reading manifest file '../../build/ras2_topics/ras2_topics.egg-info/SOURCES.txt'
writing manifest file '../../build/ras2_topics/ras2_topics.egg-info/SOURCES.txt'
running build
running build_py
running install
running install_lib
running install_data
copying package.xml -> /home/alex/ras2_ws/install/ras2_topics/share/ras2_topics
running install_egg_info
Copying ../../build/ras2_topics/ras2_topics.egg-info to /home/alex/ras2_ws/install/ras2_topics/lib/python3.12/site-packages/ras2_topics-0.0.0-py3.12.egg-info
running install_scripts
Installing publisher script to /home/alex/ras2_ws/install/ras2_topics/lib/ras2_topics
writing list of installed files to '/home/alex/ras2_ws/build/ras2_topics/install.log'
