[1.833s] Invoking command in '/home/alex/ras2_ws/src/ras2_topics': DEBUGINFOD_URLS=https://debuginfod.ubuntu.com PYTHONPATH=/home/alex/ras2_ws/build/ras2_topics/prefix_override:/usr/lib/python3/dist-packages/colcon_core/task/python/colcon_distutils_commands:/home/alex/ras2_ws/install/ras2_topics/lib/python3.12/site-packages:${PYTHONPATH} /usr/bin/python3 -W ignore:setup.py install is deprecated -W ignore:easy_install command is deprecated setup.py egg_info --egg-base ../../build/ras2_topics build --build-base /home/alex/ras2_ws/build/ras2_topics/build install --record /home/alex/ras2_ws/build/ras2_topics/install.log --single-version-externally-managed install_data
[2.290s] running egg_info
[2.291s] creating ../../build/ras2_topics/ras2_topics.egg-info
[2.322s] writing ../../build/ras2_topics/ras2_topics.egg-info/PKG-INFO
[2.323s] writing dependency_links to ../../build/ras2_topics/ras2_topics.egg-info/dependency_links.txt
[2.323s] writing entry points to ../../build/ras2_topics/ras2_topics.egg-info/entry_points.txt
[2.323s] writing requirements to ../../build/ras2_topics/ras2_topics.egg-info/requires.txt
[2.323s] writing top-level names to ../../build/ras2_topics/ras2_topics.egg-info/top_level.txt
[2.324s] writing manifest file '../../build/ras2_topics/ras2_topics.egg-info/SOURCES.txt'
[2.386s] reading manifest file '../../build/ras2_topics/ras2_topics.egg-info/SOURCES.txt'
[2.387s] writing manifest file '../../build/ras2_topics/ras2_topics.egg-info/SOURCES.txt'
[2.387s] running build
[2.388s] running build_py
[2.388s] running install
[2.399s] running install_lib
[2.431s] running install_data
[2.431s] copying package.xml -> /home/alex/ras2_ws/install/ras2_topics/share/ras2_topics
[2.431s] running install_egg_info
[2.465s] Copying ../../build/ras2_topics/ras2_topics.egg-info to /home/alex/ras2_ws/install/ras2_topics/lib/python3.12/site-packages/ras2_topics-0.0.0-py3.12.egg-info
[2.466s] running install_scripts
[2.677s] Installing publisher script to /home/alex/ras2_ws/install/ras2_topics/lib/ras2_topics
[2.678s] writing list of installed files to '/home/alex/ras2_ws/build/ras2_topics/install.log'
[2.735s] Invoked command in '/home/alex/ras2_ws/src/ras2_topics' returned '0': DEBUGINFOD_URLS=https://debuginfod.ubuntu.com PYTHONPATH=/home/alex/ras2_ws/build/ras2_topics/prefix_override:/usr/lib/python3/dist-packages/colcon_core/task/python/colcon_distutils_commands:/home/alex/ras2_ws/install/ras2_topics/lib/python3.12/site-packages:${PYTHONPATH} /usr/bin/python3 -W ignore:setup.py install is deprecated -W ignore:easy_install command is deprecated setup.py egg_info --egg-base ../../build/ras2_topics build --build-base /home/alex/ras2_ws/build/ras2_topics/build install --record /home/alex/ras2_ws/build/ras2_topics/install.log --single-version-externally-managed install_data
