[1.118s] Invoking command in '/home/alex/ras2_ws/build/ras_example2': CMAKE_PREFIX_PATH=${CMAKE_PREFIX_PATH}:/opt/ros/jazzy DEBUGINFOD_URLS=https://debuginfod.ubuntu.com /usr/bin/cmake --build /home/alex/ras2_ws/build/ras_example2 -- -j16 -l16
[1.531s] Invoked command in '/home/alex/ras2_ws/build/ras_example2' returned '0': CMAKE_PREFIX_PATH=${CMAKE_PREFIX_PATH}:/opt/ros/jazzy DEBUGINFOD_URLS=https://debuginfod.ubuntu.com /usr/bin/cmake --build /home/alex/ras2_ws/build/ras_example2 -- -j16 -l16
[1.534s] Invoking command in '/home/alex/ras2_ws/build/ras_example2': CMAKE_PREFIX_PATH=${CMAKE_PREFIX_PATH}:/opt/ros/jazzy DEBUGINFOD_URLS=https://debuginfod.ubuntu.com /usr/bin/cmake --install /home/alex/ras2_ws/build/ras_example2
[1.550s] -- Install configuration: ""
[1.552s] -- Up-to-date: /home/alex/ras2_ws/install/ras_example2/share/ament_index/resource_index/package_run_dependencies/ras_example2
[1.552s] -- Up-to-date: /home/alex/ras2_ws/install/ras_example2/share/ament_index/resource_index/parent_prefix_path/ras_example2
[1.553s] -- Up-to-date: /home/alex/ras2_ws/install/ras_example2/share/ras_example2/environment/ament_prefix_path.sh
[1.553s] -- Up-to-date: /home/alex/ras2_ws/install/ras_example2/share/ras_example2/environment/ament_prefix_path.dsv
[1.553s] -- Up-to-date: /home/alex/ras2_ws/install/ras_example2/share/ras_example2/environment/path.sh
[1.553s] -- Up-to-date: /home/alex/ras2_ws/install/ras_example2/share/ras_example2/environment/path.dsv
[1.554s] -- Up-to-date: /home/alex/ras2_ws/install/ras_example2/share/ras_example2/local_setup.bash
[1.554s] -- Up-to-date: /home/alex/ras2_ws/install/ras_example2/share/ras_example2/local_setup.sh
[1.555s] -- Up-to-date: /home/alex/ras2_ws/install/ras_example2/share/ras_example2/local_setup.zsh
[1.555s] -- Up-to-date: /home/alex/ras2_ws/install/ras_example2/share/ras_example2/local_setup.dsv
[1.555s] -- Installing: /home/alex/ras2_ws/install/ras_example2/share/ras_example2/package.dsv
[1.557s] -- Up-to-date: /home/alex/ras2_ws/install/ras_example2/share/ament_index/resource_index/packages/ras_example2
[1.557s] -- Up-to-date: /home/alex/ras2_ws/install/ras_example2/share/ras_example2/cmake/ras_example2Config.cmake
[1.557s] -- Up-to-date: /home/alex/ras2_ws/install/ras_example2/share/ras_example2/cmake/ras_example2Config-version.cmake
[1.557s] -- Up-to-date: /home/alex/ras2_ws/install/ras_example2/share/ras_example2/package.xml
[1.608s] Invoked command in '/home/alex/ras2_ws/build/ras_example2' returned '0': CMAKE_PREFIX_PATH=${CMAKE_PREFIX_PATH}:/opt/ros/jazzy DEBUGINFOD_URLS=https://debuginfod.ubuntu.com /usr/bin/cmake --install /home/alex/ras2_ws/build/ras_example2
