[0.031s] Invoking command in '/home/alex/ras2_ws/build/ras_example': CMAKE_PREFIX_PATH=${CMAKE_PREFIX_PATH}:/home/alex/ras2_ws/install/ras_example_pkg_1:/opt/ros/jazzy DEBUGINFOD_URLS=https://debuginfod.ubuntu.com /usr/bin/cmake /home/alex/ras2_ws/src/ras_example -DCMAKE_INSTALL_PREFIX=/home/alex/ras2_ws/install/ras_example
[0.405s] -- The C compiler identification is GNU 13.3.0
[0.405s] -- The CXX compiler identification is GNU 13.3.0
[0.405s] -- Detecting C compiler ABI info
[0.467s] -- Detecting C compiler ABI info - done
[0.484s] -- Check for working C compiler: /usr/bin/cc - skipped
[0.485s] -- Detecting C compile features
[0.485s] -- Detecting C compile features - done
[0.506s] -- Detecting CXX compiler ABI info
[0.707s] -- Detecting CXX compiler ABI info - done
[0.725s] -- Check for working CXX compiler: /usr/bin/c++ - skipped
[0.725s] -- Detecting CXX compile features
[0.726s] -- Detecting CXX compile features - done
[0.732s] -- Found ament_cmake: 2.5.3 (/opt/ros/jazzy/share/ament_cmake/cmake)
[0.991s] -- Found Python3: /usr/bin/python3 (found version "3.12.3") found components: Interpreter 
[1.184s] -- Found ament_lint_auto: 0.17.1 (/opt/ros/jazzy/share/ament_lint_auto/cmake)
[1.370s] -- Added test 'lint_cmake' to check CMake code style
[1.372s] -- Added test 'xmllint' to check XML markup files
[1.375s] -- Configuring done (1.3s)
[1.381s] -- Generating done (0.0s)
[1.384s] -- Build files have been written to: /home/alex/ras2_ws/build/ras_example
[1.394s] Invoked command in '/home/alex/ras2_ws/build/ras_example' returned '0': CMAKE_PREFIX_PATH=${CMAKE_PREFIX_PATH}:/home/alex/ras2_ws/install/ras_example_pkg_1:/opt/ros/jazzy DEBUGINFOD_URLS=https://debuginfod.ubuntu.com /usr/bin/cmake /home/alex/ras2_ws/src/ras_example -DCMAKE_INSTALL_PREFIX=/home/alex/ras2_ws/install/ras_example
[1.397s] Invoking command in '/home/alex/ras2_ws/build/ras_example': CMAKE_PREFIX_PATH=${CMAKE_PREFIX_PATH}:/home/alex/ras2_ws/install/ras_example_pkg_1:/opt/ros/jazzy DEBUGINFOD_URLS=https://debuginfod.ubuntu.com /usr/bin/cmake --build /home/alex/ras2_ws/build/ras_example -- -j16 -l16
[1.481s] Invoked command in '/home/alex/ras2_ws/build/ras_example' returned '0': CMAKE_PREFIX_PATH=${CMAKE_PREFIX_PATH}:/home/alex/ras2_ws/install/ras_example_pkg_1:/opt/ros/jazzy DEBUGINFOD_URLS=https://debuginfod.ubuntu.com /usr/bin/cmake --build /home/alex/ras2_ws/build/ras_example -- -j16 -l16
[1.483s] Invoking command in '/home/alex/ras2_ws/build/ras_example': CMAKE_PREFIX_PATH=${CMAKE_PREFIX_PATH}:/home/alex/ras2_ws/install/ras_example_pkg_1:/opt/ros/jazzy DEBUGINFOD_URLS=https://debuginfod.ubuntu.com /usr/bin/cmake --install /home/alex/ras2_ws/build/ras_example
[1.499s] -- Install configuration: ""
[1.500s] -- Installing: /home/alex/ras2_ws/install/ras_example/share/ament_index/resource_index/package_run_dependencies/ras_example
[1.500s] -- Installing: /home/alex/ras2_ws/install/ras_example/share/ament_index/resource_index/parent_prefix_path/ras_example
[1.500s] -- Installing: /home/alex/ras2_ws/install/ras_example/share/ras_example/environment/ament_prefix_path.sh
[1.501s] -- Installing: /home/alex/ras2_ws/install/ras_example/share/ras_example/environment/ament_prefix_path.dsv
[1.501s] -- Installing: /home/alex/ras2_ws/install/ras_example/share/ras_example/environment/path.sh
[1.501s] -- Installing: /home/alex/ras2_ws/install/ras_example/share/ras_example/environment/path.dsv
[1.501s] -- Installing: /home/alex/ras2_ws/install/ras_example/share/ras_example/local_setup.bash
[1.502s] -- Installing: /home/alex/ras2_ws/install/ras_example/share/ras_example/local_setup.sh
[1.502s] -- Installing: /home/alex/ras2_ws/install/ras_example/share/ras_example/local_setup.zsh
[1.502s] -- Installing: /home/alex/ras2_ws/install/ras_example/share/ras_example/local_setup.dsv
[1.502s] -- Installing: /home/alex/ras2_ws/install/ras_example/share/ras_example/package.dsv
[1.503s] -- Installing: /home/alex/ras2_ws/install/ras_example/share/ament_index/resource_index/packages/ras_example
[1.503s] -- Installing: /home/alex/ras2_ws/install/ras_example/share/ras_example/cmake/ras_exampleConfig.cmake
[1.503s] -- Installing: /home/alex/ras2_ws/install/ras_example/share/ras_example/cmake/ras_exampleConfig-version.cmake
[1.504s] -- Installing: /home/alex/ras2_ws/install/ras_example/share/ras_example/package.xml
[1.509s] Invoked command in '/home/alex/ras2_ws/build/ras_example' returned '0': CMAKE_PREFIX_PATH=${CMAKE_PREFIX_PATH}:/home/alex/ras2_ws/install/ras_example_pkg_1:/opt/ros/jazzy DEBUGINFOD_URLS=https://debuginfod.ubuntu.com /usr/bin/cmake --install /home/alex/ras2_ws/build/ras_example
